#
# A fatal error has been detected by the Java Runtime Environment:
#
#  SIGSEGV (0xb) at pc=0x00007f932e301030, pid=5705, tid=140270133532416
#
# JRE version: Java(TM) SE Runtime Environment (8.0_66-b02) (build 1.8.0_66-ea-b02)
# Java VM: Java HotSpot(TM) 64-Bit Server VM (25.66-b02 mixed mode linux-amd64 compressed oops)
# Problematic frame:
# C  [libvlccore.so.8+0x2a030]
#
# Failed to write core dump. Core dumps have been disabled. To enable core dumping, try "ulimit -c unlimited" before starting Java again
#
# If you would like to submit a bug report, please visit:
#   http://bugreport.java.com/bugreport/crash.jsp
# The crash happened outside the Java Virtual Machine in native code.
# See problematic frame for where to report the bug.
#

---------------  T H R E A D  ---------------

Current thread (0x00007f934008e800):  JavaThread "JavaFX Application Thread" [_thread_in_native, id=5740, stack(0x00007f932f6b5000,0x00007f932f7b6000)]

siginfo: si_signo: 11 (SIGSEGV), si_code: 128 (SI_KERNEL), si_addr: 0x0000000000000000

Registers:
RAX=0x00007f932015bb60, RBX=0x00007f932023fb50, RCX=0x0000000000000000, RDX=0x0000000000000000
RSP=0x00007f932f7b2648, RBP=0x00007f932023fbb8, RSI=0x00007f93201c7a40, RDI=0x6f732e6e6967756c
R8 =0x0000000000000000, R9 =0x00007f932f7b26b0, R10=0x0000000000000322, R11=0x00007f932e2e9c10
R12=0x00007f93202412b0, R13=0x00007f93201c7a40, R14=0x0000000000000001, R15=0x00007f932f7b2d00
RIP=0x00007f932e301030, EFLAGS=0x0000000000010206, CSGSFS=0x0000000000000033, ERR=0x0000000000000000
  TRAPNO=0x000000000000000d

Top of Stack: (sp=0x00007f932f7b2648)
0x00007f932f7b2648:   00007f932e2e9c25 000000000000007e
0x00007f932f7b2658:   00007f932e5e6a07 0000000000000000
0x00007f932f7b2668:   00007f932f7b2808 00007f932f7b2690
0x00007f932f7b2678:   0000000000000001 0000000000000000
0x00007f932f7b2688:   00007f932e807050 0000000000000000
0x00007f932f7b2698:   00007f932f7b2d80 00007f932f7b2780
0x00007f932f7b26a8:   00007f932e806baf 0000000000000000
0x00007f932f7b26b8:   00007f932f7b2d00 0000000000000000
0x00007f932f7b26c8:   00007f932f7b2730 00007f932f7b274c
0x00007f932f7b26d8:   00007f932f7b2748 00007f932f7b25e0
0x00007f932f7b26e8:   00007f932f7b2790 00007f932f7b2d80
0x00007f932f7b26f8:   00007f932e5e6980 00007f932f7b2690
0x00007f932f7b2708:   00007f932f7b27b0 0000000100000001
0x00007f932f7b2718:   0000000100000000 0000000100000001
0x00007f932f7b2728:   00007f932f7b2734 00007f9300000001
0x00007f932f7b2738:   00007f9320000cb0 0000000000000000
0x00007f932f7b2748:   0000000100000000 00007f932f7b27b8
0x00007f932f7b2758:   0000000000000000 0000000000000000
0x00007f932f7b2768:   00007f932f7b2798 00007f932f7b27b8
0x00007f932f7b2778:   0000000000000001 00007f932f7b2d70
0x00007f932f7b2788:   00007f932e7fabd2 00007f932f7b2800
0x00007f932f7b2798:   00007f9320000e40 00007f9320000e48
0x00007f932f7b27a8:   00007f9320000e38 00007f932e8095a0
0x00007f932f7b27b8:   0000000000000000 66565a2426abe1f2
0x00007f932f7b27c8:   00007f932f7b28b0 00007f932ed8fdf8
0x00007f932f7b27d8:   00007f934008e9f8 00007f932f7b2810
0x00007f932f7b27e8:   00007f9395b57af0 00007f932ed8f7b0
0x00007f932f7b27f8:   0000000000000000 00007f932023fb50
0x00007f932f7b2808:   00007f932f7b2e38 00007f932f7b2d70
0x00007f932f7b2818:   00007f932e7faa09 00007f932f7b28b0
0x00007f932f7b2828:   00007f932f7b2d00 00007f932f7b2d80
0x00007f932f7b2838:   00007f932e8096c0 00007f932f7b2e20 

Instructions: (pc=0x00007f932e301030)
0x00007f932e301010:   eb 09 00 48 8d 15 4a 6b 0b 00 be 02 00 00 00 31
0x00007f932e301020:   c0 e8 ba 0c 07 00 eb 8e e8 a3 61 fe ff 0f 1f 00
0x00007f932e301030:   48 8b 7f 08 48 85 ff 74 07 e9 92 be ff ff 66 90
0x00007f932e301040:   f3 c3 0f 1f 40 00 66 2e 0f 1f 84 00 00 00 00 00 

Register to memory mapping:

RAX=0x00007f932015bb60 is an unknown value
RBX=0x00007f932023fb50 is an unknown value
RCX=0x0000000000000000 is an unknown value
RDX=0x0000000000000000 is an unknown value
RSP=0x00007f932f7b2648 is pointing into the stack for thread: 0x00007f934008e800
RBP=0x00007f932023fbb8 is an unknown value
RSI=0x00007f93201c7a40 is an unknown value
RDI=0x6f732e6e6967756c is an unknown value
R8 =0x0000000000000000 is an unknown value
R9 =0x00007f932f7b26b0 is pointing into the stack for thread: 0x00007f934008e800
R10=0x0000000000000322 is an unknown value
R11=0x00007f932e2e9c10: libvlc_ArtRequest+0 in /usr/lib/libvlccore.so.8 at 0x00007f932e2d7000
R12=0x00007f93202412b0 is an unknown value
R13=0x00007f93201c7a40 is an unknown value
R14=0x0000000000000001 is an unknown value
R15=0x00007f932f7b2d00 is pointing into the stack for thread: 0x00007f934008e800


Stack: [0x00007f932f6b5000,0x00007f932f7b6000],  sp=0x00007f932f7b2648,  free space=1013k
Native frames: (J=compiled Java code, j=interpreted, Vv=VM code, C=native code)
C  [libvlccore.so.8+0x2a030]

Java frames: (J=compiled Java code, j=interpreted, Vv=VM code)
j  com.sun.jna.Native.invokeVoid(JI[Ljava/lang/Object;)V+0
j  com.sun.jna.Function.invoke([Ljava/lang/Object;Ljava/lang/Class;Z)Ljava/lang/Object;+48
j  com.sun.jna.Function.invoke(Ljava/lang/Class;[Ljava/lang/Object;Ljava/util/Map;)Ljava/lang/Object;+214
j  com.sun.jna.Library$Handler.invoke(Ljava/lang/Object;Ljava/lang/reflect/Method;[Ljava/lang/Object;)Ljava/lang/Object;+341
j  com.sun.proxy.$Proxy1.libvlc_media_parse(Luk/co/caprica/vlcj/binding/internal/libvlc_media_t;)V+16
j  uk.co.caprica.vlcj.player.MediaPlayerFactory.getMediaMeta(Ljava/lang/String;Z)Luk/co/caprica/vlcj/player/MediaMeta;+64
j  ch.heigvd.flat5.utils.LibraryManager.addFileToDB(Ljava/lang/String;)V+459
j  ch.heigvd.flat5.MainApp2.initRootLayout()V+2
j  ch.heigvd.flat5.MainApp2.start(Ljavafx/stage/Stage;)V+20
j  com.sun.javafx.application.LauncherImpl.lambda$launchApplication1$162(Ljava/util/concurrent/atomic/AtomicBoolean;Ljavafx/application/Application;)V+20
j  com.sun.javafx.application.LauncherImpl$$Lambda$57.run()V+8
j  com.sun.javafx.application.PlatformImpl.lambda$runAndWait$175(Ljava/lang/Runnable;Ljava/util/concurrent/CountDownLatch;)V+1
j  com.sun.javafx.application.PlatformImpl$$Lambda$52.run()V+8
j  com.sun.javafx.application.PlatformImpl.lambda$null$173(Ljava/lang/Runnable;)Ljava/lang/Void;+1
j  com.sun.javafx.application.PlatformImpl$$Lambda$55.run()Ljava/lang/Object;+4
v  ~StubRoutines::call_stub
j  java.security.AccessController.doPrivileged(Ljava/security/PrivilegedAction;Ljava/security/AccessControlContext;)Ljava/lang/Object;+0
j  com.sun.javafx.application.PlatformImpl.lambda$runLater$174(Ljava/lang/Runnable;Ljava/security/AccessControlContext;)V+7
j  com.sun.javafx.application.PlatformImpl$$Lambda$53.run()V+8
j  com.sun.glass.ui.InvokeLaterDispatcher$Future.run()V+4
v  ~StubRoutines::call_stub
j  com.sun.glass.ui.gtk.GtkApplication._runLoop(Ljava/lang/Runnable;Z)V+0
j  com.sun.glass.ui.gtk.GtkApplication.lambda$null$49(Ljava/lang/Runnable;Z)V+7
j  com.sun.glass.ui.gtk.GtkApplication$$Lambda$43.run()V+12
j  java.lang.Thread.run()V+11
v  ~StubRoutines::call_stub

---------------  P R O C E S S  ---------------

Java Threads: ( => current thread )
  0x00007f93200b1000 JavaThread "AWT-XAWT" daemon [_thread_in_native, id=5742, stack(0x00007f932eb0e000,0x00007f932ec0f000)]
  0x00007f9320096800 JavaThread "Java2D Disposer" daemon [_thread_blocked, id=5741, stack(0x00007f932ec0f000,0x00007f932ed10000)]
=>0x00007f934008e800 JavaThread "JavaFX Application Thread" [_thread_in_native, id=5740, stack(0x00007f932f6b5000,0x00007f932f7b6000)]
  0x00007f934008a800 JavaThread "Thread-3" daemon [_thread_blocked, id=5739, stack(0x00007f932f7b6000,0x00007f932f8b7000)]
  0x00007f9340041000 JavaThread "QuantumRenderer-0" daemon [_thread_blocked, id=5738, stack(0x00007f9379131000,0x00007f9379232000)]
  0x00007f9390307000 JavaThread "JavaFX-Launcher" [_thread_blocked, id=5737, stack(0x00007f9379232000,0x00007f9379333000)]
  0x00007f939020f000 JavaThread "Monitor Ctrl-Break" daemon [_thread_in_native, id=5727, stack(0x00007f9379906000,0x00007f9379a07000)]
  0x00007f93900c5000 JavaThread "Service Thread" daemon [_thread_blocked, id=5724, stack(0x00007f9379dee000,0x00007f9379eef000)]
  0x00007f93900c0000 JavaThread "C1 CompilerThread2" daemon [_thread_blocked, id=5723, stack(0x00007f9379eef000,0x00007f9379ff0000)]
  0x00007f93900be000 JavaThread "C2 CompilerThread1" daemon [_thread_blocked, id=5722, stack(0x00007f9379ff0000,0x00007f937a0f1000)]
  0x00007f93900bb000 JavaThread "C2 CompilerThread0" daemon [_thread_blocked, id=5721, stack(0x00007f937a0f1000,0x00007f937a1f2000)]
  0x00007f93900b9800 JavaThread "Signal Dispatcher" daemon [_thread_blocked, id=5720, stack(0x00007f937a1f2000,0x00007f937a2f3000)]
  0x00007f9390080800 JavaThread "Finalizer" daemon [_thread_blocked, id=5713, stack(0x00007f937a601000,0x00007f937a702000)]
  0x00007f939007e000 JavaThread "Reference Handler" daemon [_thread_blocked, id=5712, stack(0x00007f937a702000,0x00007f937a803000)]
  0x00007f939000b000 JavaThread "main" [_thread_blocked, id=5706, stack(0x00007f9396f41000,0x00007f9397042000)]

Other Threads:
  0x00007f9390079000 VMThread [stack: 0x00007f937a803000,0x00007f937a904000] [id=5711]
  0x00007f93900c8000 WatcherThread [stack: 0x00007f9379ced000,0x00007f9379dee000] [id=5725]

VM state:not at safepoint (normal execution)

VM Mutex/Monitor currently owned by a thread: None

Heap:
 PSYoungGen      total 35840K, used 22636K [0x00000000d8100000, 0x00000000da900000, 0x0000000100000000)
  eden space 30720K, 73% used [0x00000000d8100000,0x00000000d971b2b0,0x00000000d9f00000)
  from space 5120K, 0% used [0x00000000da400000,0x00000000da400000,0x00000000da900000)
  to   space 5120K, 0% used [0x00000000d9f00000,0x00000000d9f00000,0x00000000da400000)
 ParOldGen       total 81920K, used 0K [0x0000000088200000, 0x000000008d200000, 0x00000000d8100000)
  object space 81920K, 0% used [0x0000000088200000,0x0000000088200000,0x000000008d200000)
 Metaspace       used 11362K, capacity 11686K, committed 12032K, reserved 1060864K
  class space    used 1320K, capacity 1419K, committed 1536K, reserved 1048576K

Card table byte_map: [0x00007f9380880000,0x00007f9380c40000] byte_map_base: 0x00007f938043f000

Marking Bits: (ParMarkBitMap*) 0x00007f9396425c20
 Begin Bits: [0x00007f937c60c000, 0x00007f937e404000)
 End Bits:   [0x00007f937e404000, 0x00007f93801fc000)

Polling page: 0x00007f9397073000

CodeCache: size=245760Kb used=2994Kb max_used=2995Kb free=242765Kb
 bounds [0x00007f9381000000, 0x00007f93812f0000, 0x00007f9390000000]
 total_blobs=1268 nmethods=722 adapters=460
 compilation: enabled

Compilation events (10 events):
Event: 0.870 Thread 0x00007f93900c0000 nmethod 718 0x00007f93812d5c90 code [0x00007f93812d5e00, 0x00007f93812d6028]
Event: 0.874 Thread 0x00007f93900be000 nmethod 717% 0x00007f93812ed390 code [0x00007f93812ed520, 0x00007f93812edf78]
Event: 0.907 Thread 0x00007f93900c0000  719       3       java.lang.String::codePointAt (36 bytes)
Event: 0.908 Thread 0x00007f93900c0000 nmethod 719 0x00007f93812ecc10 code [0x00007f93812ecda0, 0x00007f93812ed058]
Event: 0.910 Thread 0x00007f93900c0000  720       3       java.io.File::<init> (113 bytes)
Event: 0.911 Thread 0x00007f93900c0000 nmethod 720 0x00007f93812eb9d0 code [0x00007f93812ebc20, 0x00007f93812ec6f8]
Event: 0.912 Thread 0x00007f93900c0000  721       3       java.lang.ClassLoader::checkPackageAccess (122 bytes)
Event: 0.913 Thread 0x00007f93900c0000 nmethod 721 0x00007f93812ea610 code [0x00007f93812ea840, 0x00007f93812eb408]
Event: 0.913 Thread 0x00007f93900c0000  722   !   3       java.util.Collections$SynchronizedCollection::add (25 bytes)
Event: 0.913 Thread 0x00007f93900c0000 nmethod 722 0x00007f93812e9f90 code [0x00007f93812ea100, 0x00007f93812ea4a8]

GC Heap History (0 events):
No events

Deoptimization events (8 events):
Event: 0.526 Thread 0x00007f934008e800 Uncommon trap: reason=unstable_if action=reinterpret pc=0x00007f93811ac7fc method=java.lang.String.replace(CC)Ljava/lang/String; @ 2
Event: 0.545 Thread 0x00007f934008e800 Uncommon trap: reason=unstable_if action=reinterpret pc=0x00007f93811bc470 method=java.lang.String.indexOf([CII[CIII)I @ 134
Event: 0.739 Thread 0x00007f934008e800 Uncommon trap: reason=class_check action=maybe_recompile pc=0x00007f938129a0a8 method=java.io.DataOutputStream.writeByte(I)V @ 5
Event: 0.739 Thread 0x00007f934008e800 Uncommon trap: reason=class_check action=maybe_recompile pc=0x00007f938129a0a8 method=java.io.DataOutputStream.writeByte(I)V @ 5
Event: 0.739 Thread 0x00007f934008e800 Uncommon trap: reason=class_check action=maybe_recompile pc=0x00007f938129a0a8 method=java.io.DataOutputStream.writeByte(I)V @ 5
Event: 0.739 Thread 0x00007f934008e800 Uncommon trap: reason=class_check action=maybe_recompile pc=0x00007f938129a0a8 method=java.io.DataOutputStream.writeByte(I)V @ 5
Event: 0.808 Thread 0x00007f934008e800 Uncommon trap: reason=unstable_if action=reinterpret pc=0x00007f9381247c24 method=java.lang.AbstractStringBuilder.append(Ljava/lang/String;)Ljava/lang/AbstractStringBuilder; @ 1
Event: 0.901 Thread 0x00007f934008e800 Uncommon trap: reason=unstable_if action=reinterpret pc=0x00007f93812edc5c method=org.sqlite.SQLiteJDBCLoader.contentsEquals(Ljava/io/InputStream;Ljava/io/InputStream;)Z @ 39

Internal exceptions (10 events):
Event: 0.250 Thread 0x00007f939000b000 Exception <a 'java/lang/NoSuchFieldError': method resolution failed> (0x00000000d8597bd8) thrown at [/HUDSON/workspace/8-2-build-linux-amd64/jdk8u66/4344.nc/hotspot/src/share/vm/prims/methodHandles.cpp, line 1146]
Event: 0.254 Thread 0x00007f939000b000 Exception <a 'java/lang/NoSuchFieldError': method resolution failed> (0x00000000d85a4f58) thrown at [/HUDSON/workspace/8-2-build-linux-amd64/jdk8u66/4344.nc/hotspot/src/share/vm/prims/methodHandles.cpp, line 1146]
Event: 0.278 Thread 0x00007f9390307000 Exception <a 'java/lang/NullPointerException'> (0x00000000d866f378) thrown at [/HUDSON/workspace/8-2-build-linux-amd64/jdk8u66/4344.nc/hotspot/src/share/vm/interpreter/linkResolver.cpp, line 1178]
Event: 0.545 Thread 0x00007f934008e800 Exception <a 'java/lang/NoClassDefFoundError': org/slf4j/impl/StaticLoggerBinder> (0x00000000d8d3ca18) thrown at [/HUDSON/workspace/8-2-build-linux-amd64/jdk8u66/4344.nc/hotspot/src/share/vm/classfile/systemDictionary.cpp, line 199]
Event: 0.554 Thread 0x00007f934008e800 Exception <a 'java/io/FileNotFoundException'> (0x00000000d8d6d620) thrown at [/HUDSON/workspace/8-2-build-linux-amd64/jdk8u66/4344.nc/hotspot/src/share/vm/prims/jni.cpp, line 709]
Event: 0.554 Thread 0x00007f934008e800 Exception <a 'java/io/FileNotFoundException'> (0x00000000d8d6dfb0) thrown at [/HUDSON/workspace/8-2-build-linux-amd64/jdk8u66/4344.nc/hotspot/src/share/vm/prims/jni.cpp, line 709]
Event: 0.652 Thread 0x00007f934008e800 Exception <a 'java/lang/NullPointerException'> (0x00000000d8fd0fc8) thrown at [/HUDSON/workspace/8-2-build-linux-amd64/jdk8u66/4344.nc/hotspot/src/share/vm/interpreter/linkResolver.cpp, line 1178]
Event: 0.673 Thread 0x00007f934008e800 Exception <a 'java/lang/UnsatisfiedLinkError': libvlc.so: cannot open shared object file: No such file or directory> (0x00000000d90449a0) thrown at [/HUDSON/workspace/8-2-build-linux-amd64/jdk8u66/4344.nc/hotspot/src/share/vm/prims/jni.cpp, line 735]
Event: 0.673 Thread 0x00007f934008e800 Exception <a 'java/lang/UnsatisfiedLinkError': libvlc.so: cannot open shared object file: No such file or directory> (0x00000000d90456f8) thrown at [/HUDSON/workspace/8-2-build-linux-amd64/jdk8u66/4344.nc/hotspot/src/share/vm/prims/jni.cpp, line 735]
Event: 0.808 Thread 0x00007f934008e800 Implicit null exception at 0x00007f93812478b5 to 0x00007f9381247c11

Events (10 events):
Event: 0.911 loading class com/google/gson/stream/MalformedJsonException
Event: 0.911 loading class com/google/gson/stream/MalformedJsonException done
Event: 0.911 loading class com/google/gson/JsonSyntaxException
Event: 0.911 loading class com/google/gson/JsonSyntaxException done
Event: 0.911 loading class com/google/gson/JsonParseException
Event: 0.911 loading class com/google/gson/JsonParseException done
Event: 0.912 loading class com/google/gson/JsonIOException
Event: 0.912 loading class com/google/gson/JsonIOException done
Event: 0.914 loading class com/sun/jna/NativeString
Event: 0.914 loading class com/sun/jna/NativeString done


Dynamic libraries:
00400000-00401000 r-xp 00000000 fc:01 22943355                           /usr/java/jdk1.8.0_66/jre/bin/java
00600000-00601000 rw-p 00000000 fc:01 22943355                           /usr/java/jdk1.8.0_66/jre/bin/java
00708000-00729000 rw-p 00000000 00:00 0                                  [heap]
88200000-8d200000 rw-p 00000000 00:00 0 
8d200000-d8100000 ---p 00000000 00:00 0 
d8100000-da900000 rw-p 00000000 00:00 0 
da900000-100000000 ---p 00000000 00:00 0 
100000000-100180000 rw-p 00000000 00:00 0 
100180000-140000000 ---p 00000000 00:00 0 
7f9318000000-7f9318021000 rw-p 00000000 00:00 0 
7f9318021000-7f931c000000 ---p 00000000 00:00 0 
7f9320000000-7f93202b1000 rw-p 00000000 00:00 0 
7f93202b1000-7f9324000000 ---p 00000000 00:00 0 
7f9324000000-7f9324021000 rw-p 00000000 00:00 0 
7f9324021000-7f9328000000 ---p 00000000 00:00 0 
7f9328000000-7f9328021000 rw-p 00000000 00:00 0 
7f9328021000-7f932c000000 ---p 00000000 00:00 0 
7f932c8f8000-7f932c938000 rw-p 00000000 00:00 0 
7f932c938000-7f932caf8000 ---p 00000000 00:00 0 
7f932caf8000-7f932cbb1000 r-xp 00000000 fc:01 7739563                    /tmp/sqlite-3.8.11.2-f86ba72f-683e-4ff8-b139-a8fd72c8b759-libsqlitejdbc.so
7f932cbb1000-7f932cdb1000 ---p 000b9000 fc:01 7739563                    /tmp/sqlite-3.8.11.2-f86ba72f-683e-4ff8-b139-a8fd72c8b759-libsqlitejdbc.so
7f932cdb1000-7f932cdb6000 rw-p 000b9000 fc:01 7739563                    /tmp/sqlite-3.8.11.2-f86ba72f-683e-4ff8-b139-a8fd72c8b759-libsqlitejdbc.so
7f932d6c0000-7f932d6d2000 r-xp 00000000 fc:01 15467140                   /lib/x86_64-linux-gnu/libgpg-error.so.0.15.0
7f932d6d2000-7f932d8d1000 ---p 00012000 fc:01 15467140                   /lib/x86_64-linux-gnu/libgpg-error.so.0.15.0
7f932d8d1000-7f932d8d2000 r--p 00011000 fc:01 15467140                   /lib/x86_64-linux-gnu/libgpg-error.so.0.15.0
7f932d8d2000-7f932d8d3000 rw-p 00012000 fc:01 15467140                   /lib/x86_64-linux-gnu/libgpg-error.so.0.15.0
7f932d8d3000-7f932d9ab000 r-xp 00000000 fc:01 15470723                   /lib/x86_64-linux-gnu/libgcrypt.so.20.0.3
7f932d9ab000-7f932dbab000 ---p 000d8000 fc:01 15470723                   /lib/x86_64-linux-gnu/libgcrypt.so.20.0.3
7f932dbab000-7f932dbac000 r--p 000d8000 fc:01 15470723                   /lib/x86_64-linux-gnu/libgcrypt.so.20.0.3
7f932dbac000-7f932dbb5000 rw-p 000d9000 fc:01 15470723                   /lib/x86_64-linux-gnu/libgcrypt.so.20.0.3
7f932dbb5000-7f932dbd6000 r-xp 00000000 fc:01 15470744                   /lib/x86_64-linux-gnu/liblzma.so.5.0.0
7f932dbd6000-7f932ddd5000 ---p 00021000 fc:01 15470744                   /lib/x86_64-linux-gnu/liblzma.so.5.0.0
7f932ddd5000-7f932ddd6000 r--p 00020000 fc:01 15470744                   /lib/x86_64-linux-gnu/liblzma.so.5.0.0
7f932ddd6000-7f932ddd7000 rw-p 00021000 fc:01 15470744                   /lib/x86_64-linux-gnu/liblzma.so.5.0.0
7f932ddd7000-7f932de54000 r-xp 00000000 fc:01 15467153                   /lib/x86_64-linux-gnu/libsystemd.so.0.10.2
7f932de54000-7f932de57000 r--p 0007c000 fc:01 15467153                   /lib/x86_64-linux-gnu/libsystemd.so.0.10.2
7f932de57000-7f932de58000 rw-p 0007f000 fc:01 15467153                   /lib/x86_64-linux-gnu/libsystemd.so.0.10.2
7f932de58000-7f932dea2000 r-xp 00000000 fc:01 15467111                   /lib/x86_64-linux-gnu/libdbus-1.so.3.14.3
7f932dea2000-7f932e0a2000 ---p 0004a000 fc:01 15467111                   /lib/x86_64-linux-gnu/libdbus-1.so.3.14.3
7f932e0a2000-7f932e0a3000 r--p 0004a000 fc:01 15467111                   /lib/x86_64-linux-gnu/libdbus-1.so.3.14.3
7f932e0a3000-7f932e0a4000 rw-p 0004b000 fc:01 15467111                   /lib/x86_64-linux-gnu/libdbus-1.so.3.14.3
7f932e0a4000-7f932e0d5000 r-xp 00000000 fc:01 19276771                   /usr/lib/x86_64-linux-gnu/libidn.so.11.6.11
7f932e0d5000-7f932e2d5000 ---p 00031000 fc:01 19276771                   /usr/lib/x86_64-linux-gnu/libidn.so.11.6.11
7f932e2d5000-7f932e2d6000 r--p 00031000 fc:01 19276771                   /usr/lib/x86_64-linux-gnu/libidn.so.11.6.11
7f932e2d6000-7f932e2d7000 rw-p 00032000 fc:01 19276771                   /usr/lib/x86_64-linux-gnu/libidn.so.11.6.11
7f932e2d7000-7f932e3d2000 r-xp 00000000 fc:01 19271264                   /usr/lib/libvlccore.so.8.0.0
7f932e3d2000-7f932e5d1000 ---p 000fb000 fc:01 19271264                   /usr/lib/libvlccore.so.8.0.0
7f932e5d1000-7f932e5d4000 r--p 000fa000 fc:01 19271264                   /usr/lib/libvlccore.so.8.0.0
7f932e5d4000-7f932e5d5000 rw-p 000fd000 fc:01 19271264                   /usr/lib/libvlccore.so.8.0.0
7f932e5d5000-7f932e5f4000 r-xp 00000000 fc:01 19271244                   /usr/lib/libvlc.so.5.5.0
7f932e5f4000-7f932e7f3000 ---p 0001f000 fc:01 19271244                   /usr/lib/libvlc.so.5.5.0
7f932e7f3000-7f932e7f4000 r--p 0001e000 fc:01 19271244                   /usr/lib/libvlc.so.5.5.0
7f932e7f4000-7f932e7f5000 rw-p 0001f000 fc:01 19271244                   /usr/lib/libvlc.so.5.5.0
7f932e7f5000-7f932e80c000 r-xp 00000000 fc:01 7739562                    /tmp/jna-franz/jna3253919786900821746.tmp (deleted)
7f932e80c000-7f932e90b000 ---p 00017000 fc:01 7739562                    /tmp/jna-franz/jna3253919786900821746.tmp (deleted)
7f932e90b000-7f932e90c000 rw-p 00016000 fc:01 7739562                    /tmp/jna-franz/jna3253919786900821746.tmp (deleted)
7f932e90c000-7f932e90d000 rw-p 00000000 00:00 0 
7f932e90d000-7f932e90e000 r-xp 00000000 fc:01 24119356                   /usr/java/jdk1.8.0_66/jre/lib/amd64/libjawt.so
7f932e90e000-7f932eb0d000 ---p 00001000 fc:01 24119356                   /usr/java/jdk1.8.0_66/jre/lib/amd64/libjawt.so
7f932eb0d000-7f932eb0e000 rw-p 00000000 fc:01 24119356                   /usr/java/jdk1.8.0_66/jre/lib/amd64/libjawt.so
7f932eb0e000-7f932eb11000 ---p 00000000 00:00 0 
7f932eb11000-7f932ec0f000 rw-p 00000000 00:00 0                          [stack:5742]
7f932ec0f000-7f932ec12000 ---p 00000000 00:00 0 
7f932ec12000-7f932ef10000 rw-p 00000000 00:00 0                          [stack:5741]
7f932ef10000-7f932ef76000 r-xp 00000000 fc:01 24119345                   /usr/java/jdk1.8.0_66/jre/lib/amd64/libfontmanager.so
7f932ef76000-7f932f175000 ---p 00066000 fc:01 24119345                   /usr/java/jdk1.8.0_66/jre/lib/amd64/libfontmanager.so
7f932f175000-7f932f179000 rw-p 00065000 fc:01 24119345                   /usr/java/jdk1.8.0_66/jre/lib/amd64/libfontmanager.so
7f932f179000-7f932f18a000 rw-p 00000000 00:00 0 
7f932f18a000-7f932f1de000 r-xp 00000000 fc:01 24119370                   /usr/java/jdk1.8.0_66/jre/lib/amd64/libawt_xawt.so
7f932f1de000-7f932f3de000 ---p 00054000 fc:01 24119370                   /usr/java/jdk1.8.0_66/jre/lib/amd64/libawt_xawt.so
7f932f3de000-7f932f3e2000 rw-p 00054000 fc:01 24119370                   /usr/java/jdk1.8.0_66/jre/lib/amd64/libawt_xawt.so
7f932f3e2000-7f932f3e3000 rw-p 00000000 00:00 0 
7f932f3e3000-7f932f485000 r-xp 00000000 fc:01 24119355                   /usr/java/jdk1.8.0_66/jre/lib/amd64/libawt.so
7f932f485000-7f932f685000 ---p 000a2000 fc:01 24119355                   /usr/java/jdk1.8.0_66/jre/lib/amd64/libawt.so
7f932f685000-7f932f691000 rw-p 000a2000 fc:01 24119355                   /usr/java/jdk1.8.0_66/jre/lib/amd64/libawt.so
7f932f691000-7f932f6b5000 rw-p 00000000 00:00 0 
7f932f6b5000-7f932f6b8000 ---p 00000000 00:00 0 
7f932f6b8000-7f932f7b6000 rw-p 00000000 00:00 0                          [stack:5740]
7f932f7b6000-7f932f7b9000 ---p 00000000 00:00 0 
7f932f7b9000-7f932f8b7000 rw-p 00000000 00:00 0                          [stack:5739]
7f932f8b7000-7f932f8e0000 r-xp 00000000 fc:01 24119340                   /usr/java/jdk1.8.0_66/jre/lib/amd64/libglass.so
7f932f8e0000-7f932fadf000 ---p 00029000 fc:01 24119340                   /usr/java/jdk1.8.0_66/jre/lib/amd64/libglass.so
7f932fadf000-7f932fae2000 rw-p 00028000 fc:01 24119340                   /usr/java/jdk1.8.0_66/jre/lib/amd64/libglass.so
7f932fae2000-7f932fb19000 r-xp 00000000 fc:01 19277269                   /usr/lib/x86_64-linux-gnu/libtxc_dxtn_s2tc.so.0.0.0
7f932fb19000-7f932fd18000 ---p 00037000 fc:01 19277269                   /usr/lib/x86_64-linux-gnu/libtxc_dxtn_s2tc.so.0.0.0
7f932fd18000-7f932fd19000 r--p 00036000 fc:01 19277269                   /usr/lib/x86_64-linux-gnu/libtxc_dxtn_s2tc.so.0.0.0
7f932fd19000-7f932fd1a000 rw-p 00037000 fc:01 19277269                   /usr/lib/x86_64-linux-gnu/libtxc_dxtn_s2tc.so.0.0.0
7f932fd1a000-7f932fd22000 r-xp 00000000 fc:01 19268679                   /usr/lib/x86_64-linux-gnu/libpciaccess.so.0.11.1
7f932fd22000-7f932ff22000 ---p 00008000 fc:01 19268679                   /usr/lib/x86_64-linux-gnu/libpciaccess.so.0.11.1
7f932ff22000-7f932ff23000 r--p 00008000 fc:01 19268679                   /usr/lib/x86_64-linux-gnu/libpciaccess.so.0.11.1
7f932ff23000-7f932ff24000 rw-p 00009000 fc:01 19268679                   /usr/lib/x86_64-linux-gnu/libpciaccess.so.0.11.1
7f932ff24000-7f932ff2f000 r-xp 00000000 fc:01 19268695                   /usr/lib/x86_64-linux-gnu/libdrm_radeon.so.1.0.1
7f932ff2f000-7f933012e000 ---p 0000b000 fc:01 19268695                   /usr/lib/x86_64-linux-gnu/libdrm_radeon.so.1.0.1
7f933012e000-7f933012f000 r--p 0000a000 fc:01 19268695                   /usr/lib/x86_64-linux-gnu/libdrm_radeon.so.1.0.1
7f933012f000-7f9330130000 rw-p 0000b000 fc:01 19268695                   /usr/lib/x86_64-linux-gnu/libdrm_radeon.so.1.0.1
7f9330130000-7f9330136000 r-xp 00000000 fc:01 19268698                   /usr/lib/x86_64-linux-gnu/libdrm_nouveau.so.2.0.0
7f9330136000-7f9330335000 ---p 00006000 fc:01 19268698                   /usr/lib/x86_64-linux-gnu/libdrm_nouveau.so.2.0.0
7f9330335000-7f9330336000 r--p 00005000 fc:01 19268698                   /usr/lib/x86_64-linux-gnu/libdrm_nouveau.so.2.0.0
7f9330336000-7f9330337000 rw-p 00006000 fc:01 19268698                   /usr/lib/x86_64-linux-gnu/libdrm_nouveau.so.2.0.0
7f9330337000-7f9330357000 r-xp 00000000 fc:01 19268691                   /usr/lib/x86_64-linux-gnu/libdrm_intel.so.1.0.0
7f9330357000-7f9330556000 ---p 00020000 fc:01 19268691                   /usr/lib/x86_64-linux-gnu/libdrm_intel.so.1.0.0
7f9330556000-7f9330557000 r--p 0001f000 fc:01 19268691                   /usr/lib/x86_64-linux-gnu/libdrm_intel.so.1.0.0
7f9330557000-7f9330558000 rw-p 00020000 fc:01 19268691                   /usr/lib/x86_64-linux-gnu/libdrm_intel.so.1.0.0
7f9330558000-7f9330b0a000 r-xp 00000000 fc:01 19531186                   /usr/lib/x86_64-linux-gnu/dri/i965_dri.so
7f9330b0a000-7f9330d09000 ---p 005b2000 fc:01 19531186                   /usr/lib/x86_64-linux-gnu/dri/i965_dri.so
7f9330d09000-7f9330d36000 r--p 005b1000 fc:01 19531186                   /usr/lib/x86_64-linux-gnu/dri/i965_dri.so
7f9330d36000-7f9330d3c000 rw-p 005de000 fc:01 19531186                   /usr/lib/x86_64-linux-gnu/dri/i965_dri.so
7f9330d3c000-7f9330d44000 rw-p 00000000 00:00 0 
7f9330d44000-7f9330d4a000 r-xp 00000000 fc:01 19280188                   /usr/lib/x86_64-linux-gnu/libdatrie.so.1.3.2
7f9330d4a000-7f9330f49000 ---p 00006000 fc:01 19280188                   /usr/lib/x86_64-linux-gnu/libdatrie.so.1.3.2
7f9330f49000-7f9330f4a000 r--p 00005000 fc:01 19280188                   /usr/lib/x86_64-linux-gnu/libdatrie.so.1.3.2
7f9330f4a000-7f9330f4b000 rw-p 00006000 fc:01 19280188                   /usr/lib/x86_64-linux-gnu/libdatrie.so.1.3.2
7f9330f4b000-7f9330f50000 r-xp 00000000 fc:01 19273163                   /usr/lib/x86_64-linux-gnu/libXdmcp.so.6.0.0
7f9330f50000-7f933114f000 ---p 00005000 fc:01 19273163                   /usr/lib/x86_64-linux-gnu/libXdmcp.so.6.0.0
7f933114f000-7f9331150000 r--p 00004000 fc:01 19273163                   /usr/lib/x86_64-linux-gnu/libXdmcp.so.6.0.0
7f9331150000-7f9331151000 rw-p 00005000 fc:01 19273163                   /usr/lib/x86_64-linux-gnu/libXdmcp.so.6.0.0
7f9331151000-7f9331153000 r-xp 00000000 fc:01 19276226                   /usr/lib/x86_64-linux-gnu/libXau.so.6.0.0
7f9331153000-7f9331353000 ---p 00002000 fc:01 19276226                   /usr/lib/x86_64-linux-gnu/libXau.so.6.0.0
7f9331353000-7f9331354000 r--p 00002000 fc:01 19276226                   /usr/lib/x86_64-linux-gnu/libXau.so.6.0.0
7f9331354000-7f9331355000 rw-p 00003000 fc:01 19276226                   /usr/lib/x86_64-linux-gnu/libXau.so.6.0.0
7f9331355000-7f933136f000 r-xp 00000000 fc:01 19276632                   /usr/lib/x86_64-linux-gnu/libgraphite2.so.3.0.1
7f933136f000-7f933156e000 ---p 0001a000 fc:01 19276632                   /usr/lib/x86_64-linux-gnu/libgraphite2.so.3.0.1
7f933156e000-7f9331570000 r--p 00019000 fc:01 19276632                   /usr/lib/x86_64-linux-gnu/libgraphite2.so.3.0.1
7f9331570000-7f9331571000 rw-p 0001b000 fc:01 19276632                   /usr/lib/x86_64-linux-gnu/libgraphite2.so.3.0.1
7f9331571000-7f933157e000 r-xp 00000000 fc:01 19268704                   /usr/lib/x86_64-linux-gnu/libdrm.so.2.4.0
7f933157e000-7f933177d000 ---p 0000d000 fc:01 19268704                   /usr/lib/x86_64-linux-gnu/libdrm.so.2.4.0
7f933177d000-7f933177e000 r--p 0000c000 fc:01 19268704                   /usr/lib/x86_64-linux-gnu/libdrm.so.2.4.0
7f933177e000-7f933177f000 rw-p 0000d000 fc:01 19268704                   /usr/lib/x86_64-linux-gnu/libdrm.so.2.4.0
7f933177f000-7f9331780000 r-xp 00000000 fc:01 19273253                   /usr/lib/x86_64-linux-gnu/libxshmfence.so.1.0.0
7f9331780000-7f9331980000 ---p 00001000 fc:01 19273253                   /usr/lib/x86_64-linux-gnu/libxshmfence.so.1.0.0
7f9331980000-7f9331981000 r--p 00001000 fc:01 19273253                   /usr/lib/x86_64-linux-gnu/libxshmfence.so.1.0.0
7f9331981000-7f9331982000 rw-p 00002000 fc:01 19273253                   /usr/lib/x86_64-linux-gnu/libxshmfence.so.1.0.0
7f9331982000-7f9331987000 r-xp 00000000 fc:01 19273248                   /usr/lib/x86_64-linux-gnu/libxcb-sync.so.1.0.0
7f9331987000-7f9331b87000 ---p 00005000 fc:01 19273248                   /usr/lib/x86_64-linux-gnu/libxcb-sync.so.1.0.0
7f9331b87000-7f9331b88000 r--p 00005000 fc:01 19273248                   /usr/lib/x86_64-linux-gnu/libxcb-sync.so.1.0.0
7f9331b88000-7f9331b89000 rw-p 00006000 fc:01 19273248                   /usr/lib/x86_64-linux-gnu/libxcb-sync.so.1.0.0
7f9331b89000-7f9331b8b000 r-xp 00000000 fc:01 19273228                   /usr/lib/x86_64-linux-gnu/libxcb-present.so.0.0.0
7f9331b8b000-7f9331d8a000 ---p 00002000 fc:01 19273228                   /usr/lib/x86_64-linux-gnu/libxcb-present.so.0.0.0
7f9331d8a000-7f9331d8b000 r--p 00001000 fc:01 19273228                   /usr/lib/x86_64-linux-gnu/libxcb-present.so.0.0.0
7f9331d8b000-7f9331d8c000 rw-p 00002000 fc:01 19273228                   /usr/lib/x86_64-linux-gnu/libxcb-present.so.0.0.0
7f9331d8c000-7f9331d8e000 r-xp 00000000 fc:01 19273224                   /usr/lib/x86_64-linux-gnu/libxcb-dri3.so.0.0.0
7f9331d8e000-7f9331f8d000 ---p 00002000 fc:01 19273224                   /usr/lib/x86_64-linux-gnu/libxcb-dri3.so.0.0.0
7f9331f8d000-7f9331f8e000 r--p 00001000 fc:01 19273224                   /usr/lib/x86_64-linux-gnu/libxcb-dri3.so.0.0.0
7f9331f8e000-7f9331f8f000 rw-p 00002000 fc:01 19273224                   /usr/lib/x86_64-linux-gnu/libxcb-dri3.so.0.0.0
7f9331f8f000-7f9331f93000 r-xp 00000000 fc:01 19273220                   /usr/lib/x86_64-linux-gnu/libxcb-dri2.so.0.0.0
7f9331f93000-7f9332192000 ---p 00004000 fc:01 19273220                   /usr/lib/x86_64-linux-gnu/libxcb-dri2.so.0.0.0
7f9332192000-7f9332193000 r--p 00003000 fc:01 19273220                   /usr/lib/x86_64-linux-gnu/libxcb-dri2.so.0.0.0
7f9332193000-7f9332194000 rw-p 00004000 fc:01 19273220                   /usr/lib/x86_64-linux-gnu/libxcb-dri2.so.0.0.0
7f9332194000-7f93321ab000 r-xp 00000000 fc:01 19273216                   /usr/lib/x86_64-linux-gnu/libxcb-glx.so.0.0.0
7f93321ab000-7f93323aa000 ---p 00017000 fc:01 19273216                   /usr/lib/x86_64-linux-gnu/libxcb-glx.so.0.0.0
7f93323aa000-7f93323ac000 r--p 00016000 fc:01 19273216                   /usr/lib/x86_64-linux-gnu/libxcb-glx.so.0.0.0
7f93323ac000-7f93323ad000 rw-p 00018000 fc:01 19273216                   /usr/lib/x86_64-linux-gnu/libxcb-glx.so.0.0.0
7f93323ad000-7f93323ae000 r-xp 00000000 fc:01 19273258                   /usr/lib/x86_64-linux-gnu/libX11-xcb.so.1.0.0
7f93323ae000-7f93325ad000 ---p 00001000 fc:01 19273258                   /usr/lib/x86_64-linux-gnu/libX11-xcb.so.1.0.0
7f93325ad000-7f93325ae000 r--p 00000000 fc:01 19273258                   /usr/lib/x86_64-linux-gnu/libX11-xcb.so.1.0.0
7f93325ae000-7f93325af000 rw-p 00001000 fc:01 19273258                   /usr/lib/x86_64-linux-gnu/libX11-xcb.so.1.0.0
7f93325af000-7f93325d8000 r-xp 00000000 fc:01 19268762                   /usr/lib/x86_64-linux-gnu/libglapi.so.0.0.0
7f93325d8000-7f93327d7000 ---p 00029000 fc:01 19268762                   /usr/lib/x86_64-linux-gnu/libglapi.so.0.0.0
7f93327d7000-7f93327db000 r--p 00028000 fc:01 19268762                   /usr/lib/x86_64-linux-gnu/libglapi.so.0.0.0
7f93327db000-7f93327dc000 rw-p 0002c000 fc:01 19268762                   /usr/lib/x86_64-linux-gnu/libglapi.so.0.0.0
7f93327dc000-7f93327dd000 rw-p 00000000 00:00 0 
7f93327dd000-7f9332849000 r-xp 00000000 fc:01 15467150                   /lib/x86_64-linux-gnu/libpcre.so.3.13.1
7f9332849000-7f9332a48000 ---p 0006c000 fc:01 15467150                   /lib/x86_64-linux-gnu/libpcre.so.3.13.1
7f9332a48000-7f9332a49000 r--p 0006b000 fc:01 15467150                   /lib/x86_64-linux-gnu/libpcre.so.3.13.1
7f9332a49000-7f9332a4a000 rw-p 0006c000 fc:01 15467150                   /lib/x86_64-linux-gnu/libpcre.so.3.13.1
7f9332a4a000-7f9332a51000 r-xp 00000000 fc:01 19272621                   /usr/lib/x86_64-linux-gnu/libffi.so.6.0.4
7f9332a51000-7f9332c50000 ---p 00007000 fc:01 19272621                   /usr/lib/x86_64-linux-gnu/libffi.so.6.0.4
7f9332c50000-7f9332c51000 r--p 00006000 fc:01 19272621                   /usr/lib/x86_64-linux-gnu/libffi.so.6.0.4
7f9332c51000-7f9332c52000 rw-p 00007000 fc:01 19272621                   /usr/lib/x86_64-linux-gnu/libffi.so.6.0.4
7f9332c52000-7f9332c78000 r-xp 00000000 fc:01 15470674                   /lib/x86_64-linux-gnu/libexpat.so.1.6.0
7f9332c78000-7f9332e78000 ---p 00026000 fc:01 15470674                   /lib/x86_64-linux-gnu/libexpat.so.1.6.0
7f9332e78000-7f9332e7a000 r--p 00026000 fc:01 15470674                   /lib/x86_64-linux-gnu/libexpat.so.1.6.0
7f9332e7a000-7f9332e7b000 rw-p 00028000 fc:01 15470674                   /lib/x86_64-linux-gnu/libexpat.so.1.6.0
7f9332e7b000-7f9332e83000 r-xp 00000000 fc:01 19272212                   /usr/lib/x86_64-linux-gnu/libthai.so.0.2.2
7f9332e83000-7f9333082000 ---p 00008000 fc:01 19272212                   /usr/lib/x86_64-linux-gnu/libthai.so.0.2.2
7f9333082000-7f9333083000 r--p 00007000 fc:01 19272212                   /usr/lib/x86_64-linux-gnu/libthai.so.0.2.2
7f9333083000-7f9333084000 rw-p 00008000 fc:01 19272212                   /usr/lib/x86_64-linux-gnu/libthai.so.0.2.2
7f9333084000-7f93330a4000 r-xp 00000000 fc:01 19273193                   /usr/lib/x86_64-linux-gnu/libxcb.so.1.1.0
7f93330a4000-7f93332a3000 ---p 00020000 fc:01 19273193                   /usr/lib/x86_64-linux-gnu/libxcb.so.1.1.0
7f93332a3000-7f93332a4000 r--p 0001f000 fc:01 19273193                   /usr/lib/x86_64-linux-gnu/libxcb.so.1.1.0
7f93332a4000-7f93332a5000 rw-p 00020000 fc:01 19273193                   /usr/lib/x86_64-linux-gnu/libxcb.so.1.1.0
7f93332a5000-7f93332ad000 r-xp 00000000 fc:01 19273236                   /usr/lib/x86_64-linux-gnu/libxcb-render.so.0.0.0
7f93332ad000-7f93334ad000 ---p 00008000 fc:01 19273236                   /usr/lib/x86_64-linux-gnu/libxcb-render.so.0.0.0
7f93334ad000-7f93334ae000 r--p 00008000 fc:01 19273236                   /usr/lib/x86_64-linux-gnu/libxcb-render.so.0.0.0
7f93334ae000-7f93334af000 rw-p 00009000 fc:01 19273236                   /usr/lib/x86_64-linux-gnu/libxcb-render.so.0.0.0
7f93334af000-7f93334b1000 r-xp 00000000 fc:01 19271485                   /usr/lib/x86_64-linux-gnu/libxcb-shm.so.0.0.0
7f93334b1000-7f93336b1000 ---p 00002000 fc:01 19271485                   /usr/lib/x86_64-linux-gnu/libxcb-shm.so.0.0.0
7f93336b1000-7f93336b2000 r--p 00002000 fc:01 19271485                   /usr/lib/x86_64-linux-gnu/libxcb-shm.so.0.0.0
7f93336b2000-7f93336b3000 rw-p 00003000 fc:01 19271485                   /usr/lib/x86_64-linux-gnu/libxcb-shm.so.0.0.0
7f93336b3000-7f93336d8000 r-xp 00000000 fc:01 15467160                   /lib/x86_64-linux-gnu/libpng12.so.0.51.0
7f93336d8000-7f93338d7000 ---p 00025000 fc:01 15467160                   /lib/x86_64-linux-gnu/libpng12.so.0.51.0
7f93338d7000-7f93338d8000 r--p 00024000 fc:01 15467160                   /lib/x86_64-linux-gnu/libpng12.so.0.51.0
7f93338d8000-7f93338d9000 rw-p 00025000 fc:01 15467160                   /lib/x86_64-linux-gnu/libpng12.so.0.51.0
7f93338d9000-7f933397e000 r-xp 00000000 fc:01 19277030                   /usr/lib/x86_64-linux-gnu/libpixman-1.so.0.32.6
7f933397e000-7f9333b7d000 ---p 000a5000 fc:01 19277030                   /usr/lib/x86_64-linux-gnu/libpixman-1.so.0.32.6
7f9333b7d000-7f9333b85000 r--p 000a4000 fc:01 19277030                   /usr/lib/x86_64-linux-gnu/libpixman-1.so.0.32.6
7f9333b85000-7f9333b86000 rw-p 000ac000 fc:01 19277030                   /usr/lib/x86_64-linux-gnu/libpixman-1.so.0.32.6
7f9333b86000-7f9333be2000 r-xp 00000000 fc:01 19271231                   /usr/lib/x86_64-linux-gnu/libharfbuzz.so.0.10000.1
7f9333be2000-7f9333de2000 ---p 0005c000 fc:01 19271231                   /usr/lib/x86_64-linux-gnu/libharfbuzz.so.0.10000.1
7f9333de2000-7f9333de3000 r--p 0005c000 fc:01 19271231                   /usr/lib/x86_64-linux-gnu/libharfbuzz.so.0.10000.1
7f9333de3000-7f9333de4000 rw-p 0005d000 fc:01 19271231                   /usr/lib/x86_64-linux-gnu/libharfbuzz.so.0.10000.1
7f9333de4000-7f9333dfb000 r-xp 00000000 fc:01 15470827                   /lib/x86_64-linux-gnu/libresolv-2.21.so
7f9333dfb000-7f9333ffb000 ---p 00017000 fc:01 15470827                   /lib/x86_64-linux-gnu/libresolv-2.21.so
7f9333ffb000-7f9333ffd000 r--p 00017000 fc:01 15470827                   /lib/x86_64-linux-gnu/libresolv-2.21.so
7f9333ffd000-7f9333ffe000 rw-p 00019000 fc:01 15470827                   /lib/x86_64-linux-gnu/libresolv-2.21.so
7f9333ffe000-7f9334000000 rw-p 00000000 00:00 0 
7f9334000000-7f93356e7000 rw-p 00000000 00:00 0 
7f93356e7000-7f9338000000 ---p 00000000 00:00 0 
7f9338009000-7f933802a000 r-xp 00000000 fc:01 15470579                   /lib/x86_64-linux-gnu/libselinux.so.1
7f933802a000-7f9338229000 ---p 00021000 fc:01 15470579                   /lib/x86_64-linux-gnu/libselinux.so.1
7f9338229000-7f933822a000 r--p 00020000 fc:01 15470579                   /lib/x86_64-linux-gnu/libselinux.so.1
7f933822a000-7f933822b000 rw-p 00021000 fc:01 15470579                   /lib/x86_64-linux-gnu/libselinux.so.1
7f933822b000-7f933822d000 rw-p 00000000 00:00 0 
7f933822d000-7f9338246000 r-xp 00000000 fc:01 15466538                   /lib/x86_64-linux-gnu/libz.so.1.2.8
7f9338246000-7f9338445000 ---p 00019000 fc:01 15466538                   /lib/x86_64-linux-gnu/libz.so.1.2.8
7f9338445000-7f9338446000 r--p 00018000 fc:01 15466538                   /lib/x86_64-linux-gnu/libz.so.1.2.8
7f9338446000-7f9338447000 rw-p 00019000 fc:01 15466538                   /lib/x86_64-linux-gnu/libz.so.1.2.8
7f9338447000-7f9338458000 r-xp 00000000 fc:01 19276239                   /usr/lib/x86_64-linux-gnu/libXext.so.6.4.0
7f9338458000-7f9338657000 ---p 00011000 fc:01 19276239                   /usr/lib/x86_64-linux-gnu/libXext.so.6.4.0
7f9338657000-7f9338658000 r--p 00010000 fc:01 19276239                   /usr/lib/x86_64-linux-gnu/libXext.so.6.4.0
7f9338658000-7f9338659000 rw-p 00011000 fc:01 19276239                   /usr/lib/x86_64-linux-gnu/libXext.so.6.4.0
7f9338659000-7f933865b000 r-xp 00000000 fc:01 19276235                   /usr/lib/x86_64-linux-gnu/libXdamage.so.1.1.0
7f933865b000-7f933885a000 ---p 00002000 fc:01 19276235                   /usr/lib/x86_64-linux-gnu/libXdamage.so.1.1.0
7f933885a000-7f933885b000 r--p 00001000 fc:01 19276235                   /usr/lib/x86_64-linux-gnu/libXdamage.so.1.1.0
7f933885b000-7f933885c000 rw-p 00002000 fc:01 19276235                   /usr/lib/x86_64-linux-gnu/libXdamage.so.1.1.0
7f933885c000-7f933885e000 r-xp 00000000 fc:01 19276231                   /usr/lib/x86_64-linux-gnu/libXcomposite.so.1.0.0
7f933885e000-7f9338a5d000 ---p 00002000 fc:01 19276231                   /usr/lib/x86_64-linux-gnu/libXcomposite.so.1.0.0
7f9338a5d000-7f9338a5e000 r--p 00001000 fc:01 19276231                   /usr/lib/x86_64-linux-gnu/libXcomposite.so.1.0.0
7f9338a5e000-7f9338a5f000 rw-p 00002000 fc:01 19276231                   /usr/lib/x86_64-linux-gnu/libXcomposite.so.1.0.0
7f9338a5f000-7f9338a68000 r-xp 00000000 fc:01 19276233                   /usr/lib/x86_64-linux-gnu/libXcursor.so.1.0.2
7f9338a68000-7f9338c67000 ---p 00009000 fc:01 19276233                   /usr/lib/x86_64-linux-gnu/libXcursor.so.1.0.2
7f9338c67000-7f9338c68000 r--p 00008000 fc:01 19276233                   /usr/lib/x86_64-linux-gnu/libXcursor.so.1.0.2
7f9338c68000-7f9338c69000 rw-p 00009000 fc:01 19276233                   /usr/lib/x86_64-linux-gnu/libXcursor.so.1.0.2
7f9338c69000-7f9338c73000 r-xp 00000000 fc:01 19268106                   /usr/lib/x86_64-linux-gnu/libXrandr.so.2.2.0
7f9338c73000-7f9338e72000 ---p 0000a000 fc:01 19268106                   /usr/lib/x86_64-linux-gnu/libXrandr.so.2.2.0
7f9338e72000-7f9338e73000 r--p 00009000 fc:01 19268106                   /usr/lib/x86_64-linux-gnu/libXrandr.so.2.2.0
7f9338e73000-7f9338e74000 rw-p 0000a000 fc:01 19268106                   /usr/lib/x86_64-linux-gnu/libXrandr.so.2.2.0
7f9338e74000-7f9338e83000 r-xp 00000000 fc:01 19276247                   /usr/lib/x86_64-linux-gnu/libXi.so.6.1.0
7f9338e83000-7f9339082000 ---p 0000f000 fc:01 19276247                   /usr/lib/x86_64-linux-gnu/libXi.so.6.1.0
7f9339082000-7f9339083000 r--p 0000e000 fc:01 19276247                   /usr/lib/x86_64-linux-gnu/libXi.so.6.1.0
7f9339083000-7f9339084000 rw-p 0000f000 fc:01 19276247                   /usr/lib/x86_64-linux-gnu/libXi.so.6.1.0
7f9339084000-7f9339086000 r-xp 00000000 fc:01 19276249                   /usr/lib/x86_64-linux-gnu/libXinerama.so.1.0.0
7f9339086000-7f9339285000 ---p 00002000 fc:01 19276249                   /usr/lib/x86_64-linux-gnu/libXinerama.so.1.0.0
7f9339285000-7f9339286000 r--p 00001000 fc:01 19276249                   /usr/lib/x86_64-linux-gnu/libXinerama.so.1.0.0
7f9339286000-7f9339287000 rw-p 00002000 fc:01 19276249                   /usr/lib/x86_64-linux-gnu/libXinerama.so.1.0.0
7f9339287000-7f9339290000 r-xp 00000000 fc:01 19268785                   /usr/lib/x86_64-linux-gnu/libXrender.so.1.3.0
7f9339290000-7f933948f000 ---p 00009000 fc:01 19268785                   /usr/lib/x86_64-linux-gnu/libXrender.so.1.3.0
7f933948f000-7f9339490000 r--p 00008000 fc:01 19268785                   /usr/lib/x86_64-linux-gnu/libXrender.so.1.3.0
7f9339490000-7f9339491000 rw-p 00009000 fc:01 19268785                   /usr/lib/x86_64-linux-gnu/libXrender.so.1.3.0
7f9339491000-7f9339496000 r-xp 00000000 fc:01 19276241                   /usr/lib/x86_64-linux-gnu/libXfixes.so.3.1.0
7f9339496000-7f9339695000 ---p 00005000 fc:01 19276241                   /usr/lib/x86_64-linux-gnu/libXfixes.so.3.1.0
7f9339695000-7f9339696000 r--p 00004000 fc:01 19276241                   /usr/lib/x86_64-linux-gnu/libXfixes.so.3.1.0
7f9339696000-7f9339697000 rw-p 00005000 fc:01 19276241                   /usr/lib/x86_64-linux-gnu/libXfixes.so.3.1.0
7f9339697000-7f93396ad000 r-xp 00000000 fc:01 15466617                   /lib/x86_64-linux-gnu/libgcc_s.so.1
7f93396ad000-7f93398ac000 ---p 00016000 fc:01 15466617                   /lib/x86_64-linux-gnu/libgcc_s.so.1
7f93398ac000-7f93398ad000 r--p 00015000 fc:01 15466617                   /lib/x86_64-linux-gnu/libgcc_s.so.1
7f93398ad000-7f93398ae000 rw-p 00016000 fc:01 15466617                   /lib/x86_64-linux-gnu/libgcc_s.so.1
7f93398ae000-7f9339a21000 r-xp 00000000 fc:01 19267617                   /usr/lib/x86_64-linux-gnu/libstdc++.so.6.0.21
7f9339a21000-7f9339c20000 ---p 00173000 fc:01 19267617                   /usr/lib/x86_64-linux-gnu/libstdc++.so.6.0.21
7f9339c20000-7f9339c2a000 r--p 00172000 fc:01 19267617                   /usr/lib/x86_64-linux-gnu/libstdc++.so.6.0.21
7f9339c2a000-7f9339c2c000 rw-p 0017c000 fc:01 19267617                   /usr/lib/x86_64-linux-gnu/libstdc++.so.6.0.21
7f9339c2c000-7f9339c30000 rw-p 00000000 00:00 0 
7f9339c30000-7f9339cc4000 r-xp 00000000 fc:01 19530287                   /usr/lib/x86_64-linux-gnu/mesa/libGL.so.1.2.0
7f9339cc4000-7f9339ec3000 ---p 00094000 fc:01 19530287                   /usr/lib/x86_64-linux-gnu/mesa/libGL.so.1.2.0
7f9339ec3000-7f9339ec6000 r--p 00093000 fc:01 19530287                   /usr/lib/x86_64-linux-gnu/mesa/libGL.so.1.2.0
7f9339ec6000-7f9339ec7000 rw-p 00096000 fc:01 19530287                   /usr/lib/x86_64-linux-gnu/mesa/libGL.so.1.2.0
7f9339ec7000-7f9339ec8000 rw-p 00000000 00:00 0 
7f9339ec8000-7f9339ecd000 r-xp 00000000 fc:01 19273212                   /usr/lib/x86_64-linux-gnu/libXxf86vm.so.1.0.0
7f9339ecd000-7f933a0cc000 ---p 00005000 fc:01 19273212                   /usr/lib/x86_64-linux-gnu/libXxf86vm.so.1.0.0
7f933a0cc000-7f933a0cd000 r--p 00004000 fc:01 19273212                   /usr/lib/x86_64-linux-gnu/libXxf86vm.so.1.0.0
7f933a0cd000-7f933a0ce000 rw-p 00005000 fc:01 19273212                   /usr/lib/x86_64-linux-gnu/libXxf86vm.so.1.0.0
7f933a0ce000-7f933a203000 r-xp 00000000 fc:01 19273208                   /usr/lib/x86_64-linux-gnu/libX11.so.6.3.0
7f933a203000-7f933a403000 ---p 00135000 fc:01 19273208                   /usr/lib/x86_64-linux-gnu/libX11.so.6.3.0
7f933a403000-7f933a404000 r--p 00135000 fc:01 19273208                   /usr/lib/x86_64-linux-gnu/libX11.so.6.3.0
7f933a404000-7f933a408000 rw-p 00136000 fc:01 19273208                   /usr/lib/x86_64-linux-gnu/libX11.so.6.3.0
7f933a408000-7f933a40d000 r-xp 00000000 fc:01 19276267                   /usr/lib/x86_64-linux-gnu/libXtst.so.6.1.0
7f933a40d000-7f933a60c000 ---p 00005000 fc:01 19276267                   /usr/lib/x86_64-linux-gnu/libXtst.so.6.1.0
7f933a60c000-7f933a60d000 r--p 00004000 fc:01 19276267                   /usr/lib/x86_64-linux-gnu/libXtst.so.6.1.0
7f933a60d000-7f933a60e000 rw-p 00005000 fc:01 19276267                   /usr/lib/x86_64-linux-gnu/libXtst.so.6.1.0
7f933a60e000-7f933a71b000 r-xp 00000000 fc:01 15470756                   /lib/x86_64-linux-gnu/libglib-2.0.so.0.4600.1
7f933a71b000-7f933a91a000 ---p 0010d000 fc:01 15470756                   /lib/x86_64-linux-gnu/libglib-2.0.so.0.4600.1
7f933a91a000-7f933a91b000 r--p 0010c000 fc:01 15470756                   /lib/x86_64-linux-gnu/libglib-2.0.so.0.4600.1
7f933a91b000-7f933a91c000 rw-p 0010d000 fc:01 15470756                   /lib/x86_64-linux-gnu/libglib-2.0.so.0.4600.1
7f933a91c000-7f933a91d000 rw-p 00000000 00:00 0 
7f933a91d000-7f933a91e000 r-xp 00000000 fc:01 19270775                   /usr/lib/x86_64-linux-gnu/libgthread-2.0.so.0.4600.1
7f933a91e000-7f933ab1d000 ---p 00001000 fc:01 19270775                   /usr/lib/x86_64-linux-gnu/libgthread-2.0.so.0.4600.1
7f933ab1d000-7f933ab1e000 r--p 00000000 fc:01 19270775                   /usr/lib/x86_64-linux-gnu/libgthread-2.0.so.0.4600.1
7f933ab1e000-7f933ab1f000 rw-p 00001000 fc:01 19270775                   /usr/lib/x86_64-linux-gnu/libgthread-2.0.so.0.4600.1
7f933ab1f000-7f933ab22000 r-xp 00000000 fc:01 19270778                   /usr/lib/x86_64-linux-gnu/libgmodule-2.0.so.0.4600.1
7f933ab22000-7f933ad21000 ---p 00003000 fc:01 19270778                   /usr/lib/x86_64-linux-gnu/libgmodule-2.0.so.0.4600.1
7f933ad21000-7f933ad22000 r--p 00002000 fc:01 19270778                   /usr/lib/x86_64-linux-gnu/libgmodule-2.0.so.0.4600.1
7f933ad22000-7f933ad23000 rw-p 00003000 fc:01 19270778                   /usr/lib/x86_64-linux-gnu/libgmodule-2.0.so.0.4600.1
7f933ad23000-7f933ad75000 r-xp 00000000 fc:01 19270776                   /usr/lib/x86_64-linux-gnu/libgobject-2.0.so.0.4600.1
7f933ad75000-7f933af74000 ---p 00052000 fc:01 19270776                   /usr/lib/x86_64-linux-gnu/libgobject-2.0.so.0.4600.1
7f933af74000-7f933af75000 r--p 00051000 fc:01 19270776                   /usr/lib/x86_64-linux-gnu/libgobject-2.0.so.0.4600.1
7f933af75000-7f933af76000 rw-p 00052000 fc:01 19270776                   /usr/lib/x86_64-linux-gnu/libgobject-2.0.so.0.4600.1
7f933af76000-7f933afb2000 r-xp 00000000 fc:01 19276520                   /usr/lib/x86_64-linux-gnu/libfontconfig.so.1.8.0
7f933afb2000-7f933b1b1000 ---p 0003c000 fc:01 19276520                   /usr/lib/x86_64-linux-gnu/libfontconfig.so.1.8.0
7f933b1b1000-7f933b1b3000 r--p 0003b000 fc:01 19276520                   /usr/lib/x86_64-linux-gnu/libfontconfig.so.1.8.0
7f933b1b3000-7f933b1b4000 rw-p 0003d000 fc:01 19276520                   /usr/lib/x86_64-linux-gnu/libfontconfig.so.1.8.0
7f933b1b4000-7f933b254000 r-xp 00000000 fc:01 19271881                   /usr/lib/x86_64-linux-gnu/libfreetype.so.6.11.1
7f933b254000-7f933b453000 ---p 000a0000 fc:01 19271881                   /usr/lib/x86_64-linux-gnu/libfreetype.so.6.11.1
7f933b453000-7f933b459000 r--p 0009f000 fc:01 19271881                   /usr/lib/x86_64-linux-gnu/libfreetype.so.6.11.1
7f933b459000-7f933b45a000 rw-p 000a5000 fc:01 19271881                   /usr/lib/x86_64-linux-gnu/libfreetype.so.6.11.1
7f933b45a000-7f933b4a5000 r-xp 00000000 fc:01 19277001                   /usr/lib/x86_64-linux-gnu/libpango-1.0.so.0.3600.8
7f933b4a5000-7f933b6a5000 ---p 0004b000 fc:01 19277001                   /usr/lib/x86_64-linux-gnu/libpango-1.0.so.0.3600.8
7f933b6a5000-7f933b6a7000 r--p 0004b000 fc:01 19277001                   /usr/lib/x86_64-linux-gnu/libpango-1.0.so.0.3600.8
7f933b6a7000-7f933b6a8000 rw-p 0004d000 fc:01 19277001                   /usr/lib/x86_64-linux-gnu/libpango-1.0.so.0.3600.8
7f933b6a8000-7f933b7b6000 r-xp 00000000 fc:01 19274994                   /usr/lib/x86_64-linux-gnu/libcairo.so.2.11400.2
7f933b7b6000-7f933b9b5000 ---p 0010e000 fc:01 19274994                   /usr/lib/x86_64-linux-gnu/libcairo.so.2.11400.2
7f933b9b5000-7f933b9b8000 r--p 0010d000 fc:01 19274994                   /usr/lib/x86_64-linux-gnu/libcairo.so.2.11400.2
7f933b9b8000-7f933b9b9000 rw-p 00110000 fc:01 19274994                   /usr/lib/x86_64-linux-gnu/libcairo.so.2.11400.2
7f933b9b9000-7f933b9bb000 rw-p 00000000 00:00 0 
7f933b9bb000-7f933b9c7000 r-xp 00000000 fc:01 19277003                   /usr/lib/x86_64-linux-gnu/libpangocairo-1.0.so.0.3600.8
7f933b9c7000-7f933bbc6000 ---p 0000c000 fc:01 19277003                   /usr/lib/x86_64-linux-gnu/libpangocairo-1.0.so.0.3600.8
7f933bbc6000-7f933bbc7000 r--p 0000b000 fc:01 19277003                   /usr/lib/x86_64-linux-gnu/libpangocairo-1.0.so.0.3600.8
7f933bbc7000-7f933bbc8000 rw-p 0000c000 fc:01 19277003                   /usr/lib/x86_64-linux-gnu/libpangocairo-1.0.so.0.3600.8
7f933bbc8000-7f933bbe9000 r-xp 00000000 fc:01 19268178                   /usr/lib/x86_64-linux-gnu/libgdk_pixbuf-2.0.so.0.3200.1
7f933bbe9000-7f933bde8000 ---p 00021000 fc:01 19268178                   /usr/lib/x86_64-linux-gnu/libgdk_pixbuf-2.0.so.0.3200.1
7f933bde8000-7f933bde9000 r--p 00020000 fc:01 19268178                   /usr/lib/x86_64-linux-gnu/libgdk_pixbuf-2.0.so.0.3200.1
7f933bde9000-7f933bdea000 rw-p 00021000 fc:01 19268178                   /usr/lib/x86_64-linux-gnu/libgdk_pixbuf-2.0.so.0.3200.1
7f933bdea000-7f933bdfe000 r-xp 00000000 fc:01 19277005                   /usr/lib/x86_64-linux-gnu/libpangoft2-1.0.so.0.3600.8
7f933bdfe000-7f933bffe000 ---p 00014000 fc:01 19277005                   /usr/lib/x86_64-linux-gnu/libpangoft2-1.0.so.0.3600.8
7f933bffe000-7f933bfff000 r--p 00014000 fc:01 19277005                   /usr/lib/x86_64-linux-gnu/libpangoft2-1.0.so.0.3600.8
7f933bfff000-7f933c000000 rw-p 00015000 fc:01 19277005                   /usr/lib/x86_64-linux-gnu/libpangoft2-1.0.so.0.3600.8
7f933c000000-7f933c021000 rw-p 00000000 00:00 0 
7f933c021000-7f9340000000 ---p 00000000 00:00 0 
7f9340000000-7f93402b3000 rw-p 00000000 00:00 0 
7f93402b3000-7f9344000000 ---p 00000000 00:00 0 
7f9344000000-7f9344021000 rw-p 00000000 00:00 0 
7f9344021000-7f9348000000 ---p 00000000 00:00 0 
7f9348000000-7f9348021000 rw-p 00000000 00:00 0 
7f9348021000-7f934c000000 ---p 00000000 00:00 0 
7f934c000000-7f934c266000 rw-p 00000000 00:00 0 
7f934c266000-7f9350000000 ---p 00000000 00:00 0 
7f9350000000-7f9350225000 rw-p 00000000 00:00 0 
7f9350225000-7f9354000000 ---p 00000000 00:00 0 
7f9354000000-7f9354021000 rw-p 00000000 00:00 0 
7f9354021000-7f9358000000 ---p 00000000 00:00 0 
7f9358000000-7f93581fd000 rw-p 00000000 00:00 0 
7f93581fd000-7f935c000000 ---p 00000000 00:00 0 
7f935c000000-7f935c021000 rw-p 00000000 00:00 0 
7f935c021000-7f9360000000 ---p 00000000 00:00 0 
7f9360000000-7f9360021000 rw-p 00000000 00:00 0 
7f9360021000-7f9364000000 ---p 00000000 00:00 0 
7f9364000000-7f9364021000 rw-p 00000000 00:00 0 
7f9364021000-7f9368000000 ---p 00000000 00:00 0 
7f9368000000-7f9368021000 rw-p 00000000 00:00 0 
7f9368021000-7f936c000000 ---p 00000000 00:00 0 
7f936c000000-7f936c021000 rw-p 00000000 00:00 0 
7f936c021000-7f9370000000 ---p 00000000 00:00 0 
7f9370000000-7f9370021000 rw-p 00000000 00:00 0 
7f9370021000-7f9374000000 ---p 00000000 00:00 0 
7f9374000000-7f9374021000 rw-p 00000000 00:00 0 
7f9374021000-7f9378000000 ---p 00000000 00:00 0 
7f9378031000-7f937804e000 r-xp 00000000 fc:01 15467155                   /lib/x86_64-linux-gnu/libudev.so.1.6.4
7f937804e000-7f937804f000 r--p 0001c000 fc:01 15467155                   /lib/x86_64-linux-gnu/libudev.so.1.6.4
7f937804f000-7f9378050000 rw-p 0001d000 fc:01 15467155                   /lib/x86_64-linux-gnu/libudev.so.1.6.4
7f9378050000-7f93781ca000 r-xp 00000000 fc:01 19270777                   /usr/lib/x86_64-linux-gnu/libgio-2.0.so.0.4600.1
7f93781ca000-7f93783c9000 ---p 0017a000 fc:01 19270777                   /usr/lib/x86_64-linux-gnu/libgio-2.0.so.0.4600.1
7f93783c9000-7f93783cd000 r--p 00179000 fc:01 19270777                   /usr/lib/x86_64-linux-gnu/libgio-2.0.so.0.4600.1
7f93783cd000-7f93783cf000 rw-p 0017d000 fc:01 19270777                   /usr/lib/x86_64-linux-gnu/libgio-2.0.so.0.4600.1
7f93783cf000-7f93783d1000 rw-p 00000000 00:00 0 
7f93783d1000-7f93783f3000 r-xp 00000000 fc:01 19270468                   /usr/lib/x86_64-linux-gnu/libatk-1.0.so.0.21609.1
7f93783f3000-7f93785f2000 ---p 00022000 fc:01 19270468                   /usr/lib/x86_64-linux-gnu/libatk-1.0.so.0.21609.1
7f93785f2000-7f93785f5000 r--p 00021000 fc:01 19270468                   /usr/lib/x86_64-linux-gnu/libatk-1.0.so.0.21609.1
7f93785f5000-7f93785f6000 rw-p 00024000 fc:01 19270468                   /usr/lib/x86_64-linux-gnu/libatk-1.0.so.0.21609.1
7f93785f6000-7f93786a6000 r-xp 00000000 fc:01 19276129                   /usr/lib/x86_64-linux-gnu/libgdk-x11-2.0.so.0.2400.28
7f93786a6000-7f93788a5000 ---p 000b0000 fc:01 19276129                   /usr/lib/x86_64-linux-gnu/libgdk-x11-2.0.so.0.2400.28
7f93788a5000-7f93788a9000 r--p 000af000 fc:01 19276129                   /usr/lib/x86_64-linux-gnu/libgdk-x11-2.0.so.0.2400.28
7f93788a9000-7f93788ab000 rw-p 000b3000 fc:01 19276129                   /usr/lib/x86_64-linux-gnu/libgdk-x11-2.0.so.0.2400.28
7f93788ab000-7f9378ce9000 r-xp 00000000 fc:01 19268069                   /usr/lib/x86_64-linux-gnu/libgtk-x11-2.0.so.0.2400.28
7f9378ce9000-7f9378ee9000 ---p 0043e000 fc:01 19268069                   /usr/lib/x86_64-linux-gnu/libgtk-x11-2.0.so.0.2400.28
7f9378ee9000-7f9378ef0000 r--p 0043e000 fc:01 19268069                   /usr/lib/x86_64-linux-gnu/libgtk-x11-2.0.so.0.2400.28
7f9378ef0000-7f9378ef4000 rw-p 00445000 fc:01 19268069                   /usr/lib/x86_64-linux-gnu/libgtk-x11-2.0.so.0.2400.28
7f9378ef4000-7f9378ef7000 rw-p 00000000 00:00 0 
7f9378efe000-7f9378eff000 rw-p 00000000 00:00 0 
7f9378eff000-7f9378f03000 r--s 00095000 fc:01 22943406                   /usr/java/jdk1.8.0_66/jre/lib/jsse.jar
7f9378f03000-7f9378f0b000 rw-s 00000000 00:05 877741                     /drm mm object (deleted)
7f9378f0b000-7f9378f13000 rw-s 00000000 00:05 877733                     /drm mm object (deleted)
7f9378f13000-7f9378f1b000 rw-s 00000000 00:05 877024                     /drm mm object (deleted)
7f9378f1b000-7f9378f1c000 rw-s 00000000 00:05 877022                     /drm mm object (deleted)
7f9378f1c000-7f9378f1d000 rw-s 105e7e000 00:06 361                       /dev/dri/card0
7f9378f1d000-7f9378f25000 rw-s 00000000 00:05 877020                     /drm mm object (deleted)
7f9378f25000-7f9378f31000 r-xp 00000000 fc:01 24119367                   /usr/java/jdk1.8.0_66/jre/lib/amd64/libprism_es2.so
7f9378f31000-7f9379130000 ---p 0000c000 fc:01 24119367                   /usr/java/jdk1.8.0_66/jre/lib/amd64/libprism_es2.so
7f9379130000-7f9379131000 rw-p 0000b000 fc:01 24119367                   /usr/java/jdk1.8.0_66/jre/lib/amd64/libprism_es2.so
7f9379131000-7f9379134000 ---p 00000000 00:00 0 
7f9379134000-7f9379232000 rw-p 00000000 00:00 0                          [stack:5738]
7f9379232000-7f9379235000 ---p 00000000 00:00 0 
7f9379235000-7f9379333000 rw-p 00000000 00:00 0                          [stack:5737]
7f9379333000-7f93793c8000 r--s 01108000 fc:01 23598170                   /usr/java/jdk1.8.0_66/jre/lib/ext/jfxrt.jar
7f93793c8000-7f93793d2000 r--s 00116000 fc:01 23598176                   /usr/java/jdk1.8.0_66/jre/lib/ext/localedata.jar
7f93793d2000-7f93793ee000 r--s 00393000 fc:01 23598169                   /usr/java/jdk1.8.0_66/jre/lib/ext/cldrdata.jar
7f93793ee000-7f93796ef000 rw-p 00000000 00:00 0 
7f93796ef000-7f9379705000 r-xp 00000000 fc:01 24119363                   /usr/java/jdk1.8.0_66/jre/lib/amd64/libnet.so
7f9379705000-7f9379905000 ---p 00016000 fc:01 24119363                   /usr/java/jdk1.8.0_66/jre/lib/amd64/libnet.so
7f9379905000-7f9379906000 rw-p 00016000 fc:01 24119363                   /usr/java/jdk1.8.0_66/jre/lib/amd64/libnet.so
7f9379906000-7f9379909000 ---p 00000000 00:00 0 
7f9379909000-7f9379a07000 rw-p 00000000 00:00 0                          [stack:5727]
7f9379a07000-7f9379a08000 r-xp 00000000 fc:01 1079244                    /home/franz/idea-IC-143.1184.17/bin/libbreakgen64.so
7f9379a08000-7f9379c07000 ---p 00001000 fc:01 1079244                    /home/franz/idea-IC-143.1184.17/bin/libbreakgen64.so
7f9379c07000-7f9379c08000 r--p 00000000 fc:01 1079244                    /home/franz/idea-IC-143.1184.17/bin/libbreakgen64.so
7f9379c08000-7f9379c09000 rw-p 00001000 fc:01 1079244                    /home/franz/idea-IC-143.1184.17/bin/libbreakgen64.so
7f9379c09000-7f9379c0b000 r--s 0001e000 fc:01 1078148                    /home/franz/idea-IC-143.1184.17/lib/idea_rt.jar
7f9379c0b000-7f9379c10000 r--s 0002f000 fc:01 7079396                    /home/franz/.m2/repository/com/google/code/gson/gson/2.3.1/gson-2.3.1.jar
7f9379c10000-7f9379c15000 r--s 0054d000 fc:01 3408274                    /home/franz/.m2/repository/org/xerial/sqlite-jdbc/3.8.11.2/sqlite-jdbc-3.8.11.2.jar
7f9379c15000-7f9379c22000 r--s 000ba000 fc:01 14813180                   /home/franz/.m2/repository/org/jaudiotagger/2.0.3/jaudiotagger-2.0.3.jar
7f9379c22000-7f9379c4d000 r--s 001fc000 fc:01 7079399                    /home/franz/.m2/repository/com/google/guava/guava/18.0/guava-18.0.jar
7f9379c4d000-7f9379c50000 r--s 00013000 fc:01 14813177                   /home/franz/.m2/repository/net/sf/ezmorph/ezmorph/1.0.6/ezmorph-1.0.6.jar
7f9379c50000-7f9379c55000 r--s 00040000 fc:01 14813175                   /home/franz/.m2/repository/commons-lang/commons-lang/2.5/commons-lang-2.5.jar
7f9379c55000-7f9379c63000 r--s 0007f000 fc:01 3539827                    /home/franz/.m2/repository/commons-collections/commons-collections/3.2.1/commons-collections-3.2.1.jar
7f9379c63000-7f9379c68000 r--s 00034000 fc:01 14813173                   /home/franz/.m2/repository/commons-beanutils/commons-beanutils/1.8.0/commons-beanutils-1.8.0.jar
7f9379c68000-7f9379c6b000 r--s 00024000 fc:01 14813171                   /home/franz/.m2/repository/net/sf/json-lib/json-lib/2.4/json-lib-2.4-jdk15.jar
7f9379c6b000-7f9379c6d000 r--s 00006000 fc:01 14813168                   /home/franz/.m2/repository/commons-codec/commons-codec/1.2/commons-codec-1.2.jar
7f9379c6d000-7f9379c6f000 r--s 00008000 fc:01 3933938                    /home/franz/.m2/repository/commons-logging/commons-logging/1.0.4/commons-logging-1.0.4.jar
7f9379c6f000-7f9379c75000 r--s 00045000 fc:01 14813166                   /home/franz/.m2/repository/commons-httpclient/commons-httpclient/3.1/commons-httpclient-3.1.jar
7f9379c75000-7f9379c7d000 r--s 0007b000 fc:01 14813164                   /home/franz/.m2/repository/com/google/protobuf/protobuf-java/2.5.0/protobuf-java-2.5.0.jar
7f9379c7d000-7f9379c81000 r--s 00024000 fc:01 14813162                   /home/franz/.m2/repository/se/michaelthelin/spotify/spotify-web-api-java/1.5.0/spotify-web-api-java-1.5.0.jar
7f9379c81000-7f9379c82000 r--s 00007000 fc:01 14813158                   /home/franz/.m2/repository/org/slf4j/slf4j-api/1.7.10/slf4j-api-1.7.10.jar
7f9379c82000-7f9379c91000 r--s 00115000 fc:01 14813163                   /home/franz/.m2/repository/net/java/dev/jna/platform/3.5.2/platform-3.5.2.jar
7f9379c91000-7f9379c94000 r--s 000a6000 fc:01 14813160                   /home/franz/.m2/repository/net/java/dev/jna/jna/3.5.2/jna-3.5.2.jar
7f9379c94000-7f9379ca0000 r--s 00057000 fc:01 14813159                   /home/franz/.m2/repository/uk/co/caprica/vlcj/3.9.0/vlcj-3.9.0.jar
7f9379ca0000-7f9379cb3000 r--s 00344000 fc:01 22943405                   /usr/java/jdk1.8.0_66/jre/lib/resources.jar
7f9379cb3000-7f9379cc6000 r--s 000d5000 fc:01 22943392                   /usr/java/jdk1.8.0_66/jre/lib/plugin.jar
7f9379cc6000-7f9379cc7000 r--s 00000000 fc:01 22943385                   /usr/java/jdk1.8.0_66/jre/lib/management-agent.jar
7f9379cc7000-7f9379ccb000 r--s 00095000 fc:01 22943406                   /usr/java/jdk1.8.0_66/jre/lib/jsse.jar
7f9379ccb000-7f9379ccd000 r--s 00007000 fc:01 22943414                   /usr/java/jdk1.8.0_66/jre/lib/jfxswt.jar
7f9379ccd000-7f9379cd2000 r--s 00083000 fc:01 22943378                   /usr/java/jdk1.8.0_66/jre/lib/jfr.jar
7f9379cd2000-7f9379ced000 r--s 001fd000 fc:01 22943379                   /usr/java/jdk1.8.0_66/jre/lib/deploy.jar
7f9379ced000-7f9379cee000 ---p 00000000 00:00 0 
7f9379cee000-7f9379dee000 rw-p 00000000 00:00 0                          [stack:5725]
7f9379dee000-7f9379df1000 ---p 00000000 00:00 0 
7f9379df1000-7f9379eef000 rw-p 00000000 00:00 0                          [stack:5724]
7f9379eef000-7f9379ef2000 ---p 00000000 00:00 0 
7f9379ef2000-7f9379ff0000 rw-p 00000000 00:00 0                          [stack:5723]
7f9379ff0000-7f9379ff3000 ---p 00000000 00:00 0 
7f9379ff3000-7f937a0f1000 rw-p 00000000 00:00 0                          [stack:5722]
7f937a0f1000-7f937a0f4000 ---p 00000000 00:00 0 
7f937a0f4000-7f937a1f2000 rw-p 00000000 00:00 0                          [stack:5721]
7f937a1f2000-7f937a1f5000 ---p 00000000 00:00 0 
7f937a1f5000-7f937a2f3000 rw-p 00000000 00:00 0                          [stack:5720]
7f937a2f3000-7f937a601000 r--p 00000000 fc:01 19275277                   /usr/lib/locale/locale-archive
7f937a601000-7f937a604000 ---p 00000000 00:00 0 
7f937a604000-7f937a702000 rw-p 00000000 00:00 0                          [stack:5713]
7f937a702000-7f937a705000 ---p 00000000 00:00 0 
7f937a705000-7f937a803000 rw-p 00000000 00:00 0                          [stack:5712]
7f937a803000-7f937a804000 ---p 00000000 00:00 0 
7f937a804000-7f937b876000 rw-p 00000000 00:00 0                          [stack:5711]
7f937b876000-7f937ba4d000 r--s 03ce0000 fc:01 22943401                   /usr/java/jdk1.8.0_66/jre/lib/rt.jar
7f937ba4d000-7f93801fc000 rw-p 00000000 00:00 0 
7f93801fc000-7f93801fd000 ---p 00000000 00:00 0 
7f93801fd000-7f93802fd000 rw-p 00000000 00:00 0                          [stack:5710]
7f93802fd000-7f93802fe000 ---p 00000000 00:00 0 
7f93802fe000-7f93803fe000 rw-p 00000000 00:00 0                          [stack:5709]
7f93803fe000-7f93803ff000 ---p 00000000 00:00 0 
7f93803ff000-7f93804ff000 rw-p 00000000 00:00 0                          [stack:5708]
7f93804ff000-7f9380500000 ---p 00000000 00:00 0 
7f9380500000-7f9380628000 rw-p 00000000 00:00 0                          [stack:5707]
7f9380628000-7f9380880000 ---p 00000000 00:00 0 
7f9380880000-7f93808a8000 rw-p 00000000 00:00 0 
7f93808a8000-7f9380aff000 ---p 00000000 00:00 0 
7f9380aff000-7f9380b14000 rw-p 00000000 00:00 0 
7f9380b14000-7f9380c3f000 ---p 00000000 00:00 0 
7f9380c3f000-7f9380c4c000 rw-p 00000000 00:00 0 
7f9380c4c000-7f9381000000 ---p 00000000 00:00 0 
7f9381000000-7f93812f0000 rwxp 00000000 00:00 0 
7f93812f0000-7f9390000000 ---p 00000000 00:00 0 
7f9390000000-7f9390309000 rw-p 00000000 00:00 0 
7f9390309000-7f9394000000 ---p 00000000 00:00 0 
7f9394000000-7f939400a000 r--s 0006b000 fc:01 22943388                   /usr/java/jdk1.8.0_66/jre/lib/javaws.jar
7f939400a000-7f9394010000 r--s 002f8000 fc:01 22943399                   /usr/java/jdk1.8.0_66/jre/lib/charsets.jar
7f9394010000-7f93940d5000 rw-p 00000000 00:00 0 
7f93940d5000-7f93940ef000 r-xp 00000000 fc:01 24119358                   /usr/java/jdk1.8.0_66/jre/lib/amd64/libzip.so
7f93940ef000-7f93942ef000 ---p 0001a000 fc:01 24119358                   /usr/java/jdk1.8.0_66/jre/lib/amd64/libzip.so
7f93942ef000-7f93942f0000 rw-p 0001a000 fc:01 24119358                   /usr/java/jdk1.8.0_66/jre/lib/amd64/libzip.so
7f93942f0000-7f93942fc000 r-xp 00000000 fc:01 15470774                   /lib/x86_64-linux-gnu/libnss_files-2.21.so
7f93942fc000-7f93944fb000 ---p 0000c000 fc:01 15470774                   /lib/x86_64-linux-gnu/libnss_files-2.21.so
7f93944fb000-7f93944fc000 r--p 0000b000 fc:01 15470774                   /lib/x86_64-linux-gnu/libnss_files-2.21.so
7f93944fc000-7f93944fd000 rw-p 0000c000 fc:01 15470774                   /lib/x86_64-linux-gnu/libnss_files-2.21.so
7f93944fd000-7f9394508000 r-xp 00000000 fc:01 15470784                   /lib/x86_64-linux-gnu/libnss_nis-2.21.so
7f9394508000-7f9394707000 ---p 0000b000 fc:01 15470784                   /lib/x86_64-linux-gnu/libnss_nis-2.21.so
7f9394707000-7f9394708000 r--p 0000a000 fc:01 15470784                   /lib/x86_64-linux-gnu/libnss_nis-2.21.so
7f9394708000-7f9394709000 rw-p 0000b000 fc:01 15470784                   /lib/x86_64-linux-gnu/libnss_nis-2.21.so
7f9394709000-7f9394720000 r-xp 00000000 fc:01 15470768                   /lib/x86_64-linux-gnu/libnsl-2.21.so
7f9394720000-7f939491f000 ---p 00017000 fc:01 15470768                   /lib/x86_64-linux-gnu/libnsl-2.21.so
7f939491f000-7f9394920000 r--p 00016000 fc:01 15470768                   /lib/x86_64-linux-gnu/libnsl-2.21.so
7f9394920000-7f9394921000 rw-p 00017000 fc:01 15470768                   /lib/x86_64-linux-gnu/libnsl-2.21.so
7f9394921000-7f9394923000 rw-p 00000000 00:00 0 
7f9394923000-7f939492b000 r-xp 00000000 fc:01 15470770                   /lib/x86_64-linux-gnu/libnss_compat-2.21.so
7f939492b000-7f9394b2a000 ---p 00008000 fc:01 15470770                   /lib/x86_64-linux-gnu/libnss_compat-2.21.so
7f9394b2a000-7f9394b2b000 r--p 00007000 fc:01 15470770                   /lib/x86_64-linux-gnu/libnss_compat-2.21.so
7f9394b2b000-7f9394b2c000 rw-p 00008000 fc:01 15470770                   /lib/x86_64-linux-gnu/libnss_compat-2.21.so
7f9394b2c000-7f9394b56000 r-xp 00000000 fc:01 24119353                   /usr/java/jdk1.8.0_66/jre/lib/amd64/libjava.so
7f9394b56000-7f9394d56000 ---p 0002a000 fc:01 24119353                   /usr/java/jdk1.8.0_66/jre/lib/amd64/libjava.so
7f9394d56000-7f9394d58000 rw-p 0002a000 fc:01 24119353                   /usr/java/jdk1.8.0_66/jre/lib/amd64/libjava.so
7f9394d58000-7f9394d65000 r-xp 00000000 fc:01 24119357                   /usr/java/jdk1.8.0_66/jre/lib/amd64/libverify.so
7f9394d65000-7f9394f65000 ---p 0000d000 fc:01 24119357                   /usr/java/jdk1.8.0_66/jre/lib/amd64/libverify.so
7f9394f65000-7f9394f67000 rw-p 0000d000 fc:01 24119357                   /usr/java/jdk1.8.0_66/jre/lib/amd64/libverify.so
7f9394f67000-7f9394f6e000 r-xp 00000000 fc:01 15470829                   /lib/x86_64-linux-gnu/librt-2.21.so
7f9394f6e000-7f939516d000 ---p 00007000 fc:01 15470829                   /lib/x86_64-linux-gnu/librt-2.21.so
7f939516d000-7f939516e000 r--p 00006000 fc:01 15470829                   /lib/x86_64-linux-gnu/librt-2.21.so
7f939516e000-7f939516f000 rw-p 00007000 fc:01 15470829                   /lib/x86_64-linux-gnu/librt-2.21.so
7f939516f000-7f9395276000 r-xp 00000000 fc:01 15470747                   /lib/x86_64-linux-gnu/libm-2.21.so
7f9395276000-7f9395475000 ---p 00107000 fc:01 15470747                   /lib/x86_64-linux-gnu/libm-2.21.so
7f9395475000-7f9395476000 r--p 00106000 fc:01 15470747                   /lib/x86_64-linux-gnu/libm-2.21.so
7f9395476000-7f9395477000 rw-p 00107000 fc:01 15470747                   /lib/x86_64-linux-gnu/libm-2.21.so
7f9395477000-7f9396134000 r-xp 00000000 fc:01 24119337                   /usr/java/jdk1.8.0_66/jre/lib/amd64/server/libjvm.so
7f9396134000-7f9396334000 ---p 00cbd000 fc:01 24119337                   /usr/java/jdk1.8.0_66/jre/lib/amd64/server/libjvm.so
7f9396334000-7f939640c000 rw-p 00cbd000 fc:01 24119337                   /usr/java/jdk1.8.0_66/jre/lib/amd64/server/libjvm.so
7f939640c000-7f9396451000 rw-p 00000000 00:00 0 
7f9396451000-7f9396611000 r-xp 00000000 fc:01 15470691                   /lib/x86_64-linux-gnu/libc-2.21.so
7f9396611000-7f9396811000 ---p 001c0000 fc:01 15470691                   /lib/x86_64-linux-gnu/libc-2.21.so
7f9396811000-7f9396815000 r--p 001c0000 fc:01 15470691                   /lib/x86_64-linux-gnu/libc-2.21.so
7f9396815000-7f9396817000 rw-p 001c4000 fc:01 15470691                   /lib/x86_64-linux-gnu/libc-2.21.so
7f9396817000-7f939681b000 rw-p 00000000 00:00 0 
7f939681b000-7f939681e000 r-xp 00000000 fc:01 15470706                   /lib/x86_64-linux-gnu/libdl-2.21.so
7f939681e000-7f9396a1d000 ---p 00003000 fc:01 15470706                   /lib/x86_64-linux-gnu/libdl-2.21.so
7f9396a1d000-7f9396a1e000 r--p 00002000 fc:01 15470706                   /lib/x86_64-linux-gnu/libdl-2.21.so
7f9396a1e000-7f9396a1f000 rw-p 00003000 fc:01 15470706                   /lib/x86_64-linux-gnu/libdl-2.21.so
7f9396a1f000-7f9396a34000 r-xp 00000000 fc:01 24119331                   /usr/java/jdk1.8.0_66/jre/lib/amd64/jli/libjli.so
7f9396a34000-7f9396c34000 ---p 00015000 fc:01 24119331                   /usr/java/jdk1.8.0_66/jre/lib/amd64/jli/libjli.so
7f9396c34000-7f9396c35000 rw-p 00015000 fc:01 24119331                   /usr/java/jdk1.8.0_66/jre/lib/amd64/jli/libjli.so
7f9396c35000-7f9396c4d000 r-xp 00000000 fc:01 15470821                   /lib/x86_64-linux-gnu/libpthread-2.21.so
7f9396c4d000-7f9396e4d000 ---p 00018000 fc:01 15470821                   /lib/x86_64-linux-gnu/libpthread-2.21.so
7f9396e4d000-7f9396e4e000 r--p 00018000 fc:01 15470821                   /lib/x86_64-linux-gnu/libpthread-2.21.so
7f9396e4e000-7f9396e4f000 rw-p 00019000 fc:01 15470821                   /lib/x86_64-linux-gnu/libpthread-2.21.so
7f9396e4f000-7f9396e53000 rw-p 00000000 00:00 0 
7f9396e53000-7f9396e77000 r-xp 00000000 fc:01 15470663                   /lib/x86_64-linux-gnu/ld-2.21.so
7f9396e77000-7f9396f41000 rw-p 00000000 00:00 0 
7f9396f41000-7f9396f44000 ---p 00000000 00:00 0 
7f9396f44000-7f9397046000 rw-p 00000000 00:00 0                          [stack:5706]
7f9397046000-7f9397049000 r--s 0001a000 fc:01 22943412                   /usr/java/jdk1.8.0_66/jre/lib/jce.jar
7f9397049000-7f939706a000 rw-p 00000000 00:00 0 
7f939706a000-7f9397072000 rw-s 00000000 fc:01 7739547                    /tmp/hsperfdata_franz/5705
7f9397072000-7f9397073000 rw-p 00000000 00:00 0 
7f9397073000-7f9397074000 r--p 00000000 00:00 0 
7f9397074000-7f9397076000 rw-p 00000000 00:00 0 
7f9397076000-7f9397077000 r--p 00023000 fc:01 15470663                   /lib/x86_64-linux-gnu/ld-2.21.so
7f9397077000-7f9397078000 rw-p 00024000 fc:01 15470663                   /lib/x86_64-linux-gnu/ld-2.21.so
7f9397078000-7f9397079000 rw-p 00000000 00:00 0 
7ffda7553000-7ffda7575000 rw-p 00000000 00:00 0                          [stack]
7ffda758c000-7ffda758e000 r--p 00000000 00:00 0                          [vvar]
7ffda758e000-7ffda7590000 r-xp 00000000 00:00 0                          [vdso]
ffffffffff600000-ffffffffff601000 r-xp 00000000 00:00 0                  [vsyscall]

VM Arguments:
jvm_args: -Didea.launcher.port=7534 -Didea.launcher.bin.path=/home/franz/idea-IC-143.1184.17/bin -Dfile.encoding=UTF-8 
java_command: com.intellij.rt.execution.application.AppMain ch.heigvd.flat5.MainController
java_class_path (initial): /usr/java/jdk1.8.0_66/jre/lib/charsets.jar:/usr/java/jdk1.8.0_66/jre/lib/deploy.jar:/usr/java/jdk1.8.0_66/jre/lib/ext/cldrdata.jar:/usr/java/jdk1.8.0_66/jre/lib/ext/dnsns.jar:/usr/java/jdk1.8.0_66/jre/lib/ext/jaccess.jar:/usr/java/jdk1.8.0_66/jre/lib/ext/jfxrt.jar:/usr/java/jdk1.8.0_66/jre/lib/ext/localedata.jar:/usr/java/jdk1.8.0_66/jre/lib/ext/nashorn.jar:/usr/java/jdk1.8.0_66/jre/lib/ext/sunec.jar:/usr/java/jdk1.8.0_66/jre/lib/ext/sunjce_provider.jar:/usr/java/jdk1.8.0_66/jre/lib/ext/sunpkcs11.jar:/usr/java/jdk1.8.0_66/jre/lib/ext/zipfs.jar:/usr/java/jdk1.8.0_66/jre/lib/javaws.jar:/usr/java/jdk1.8.0_66/jre/lib/jce.jar:/usr/java/jdk1.8.0_66/jre/lib/jfr.jar:/usr/java/jdk1.8.0_66/jre/lib/jfxswt.jar:/usr/java/jdk1.8.0_66/jre/lib/jsse.jar:/usr/java/jdk1.8.0_66/jre/lib/management-agent.jar:/usr/java/jdk1.8.0_66/jre/lib/plugin.jar:/usr/java/jdk1.8.0_66/jre/lib/resources.jar:/usr/java/jdk1.8.0_66/jre/lib/rt.jar:/home/franz/Documents/HEIG/SEM5/PDG/PDG_Project/Flat5/Flat5/target/classes:/home/franz/.m2/repository/uk/co/caprica/vlcj/3.9.0/vlcj-3.9.0.jar:/home/franz/.m2/repository/net/java/dev/jna/jna/3.5.2/jna-3.5.2.jar:/home/franz/.m2/repository/net/java/dev/jna/platform/3.5.2/platform-3.5.2.jar:/home/franz/.m2/repository/org/slf4j/slf4j-api/1.7.10/slf4j-api-1.7.10.jar:/home/franz/.m2/repository/se/michaelthelin/spotify/spotify-web-api-java/1.5.0/spotify-web-api-java-1.5.0.jar:/home/franz/.m2/repository/com/google/protobuf/protobuf-java/2.5.0/protobuf-java-2.5.0.jar:/home/franz/.m2/repository/commons-httpclient/commons-httpclient/3.1/commons-httpclient-3.1.jar:/home/franz/.m2/repository/commons-logging/commons-logging/1.0.4/commons-logging-1.0.4.jar:/home/franz/.m2/repository/commons-codec/commons-codec/1.2/commons-codec-1.2.jar:/home/franz/.m2/repository/net/sf/json-lib/json-lib/2.4/json-lib-2.4-jdk15.jar:/home/franz/.m2/repository/commons-beanutils/commons-beanutils/1.8.0/commons-beanutils-1.8.0.jar:/home/franz/.m2/repository/commons-collecti
Launcher Type: SUN_STANDARD

Environment Variables:
PATH=/usr/local/sbin:/usr/local/bin:/usr/sbin:/usr/bin:/sbin:/bin:/usr/games:/usr/local/games
LD_LIBRARY_PATH=/home/franz/idea-IC-143.1184.17/bin:
SHELL=/bin/bash
DISPLAY=:0

Signal Handlers:
SIGSEGV: [libjvm.so+0xab9c40], sa_mask[0]=11111111011111111101111111111110, sa_flags=SA_RESTART|SA_SIGINFO
SIGBUS: [libjvm.so+0xab9c40], sa_mask[0]=11111111011111111101111111111110, sa_flags=SA_RESTART|SA_SIGINFO
SIGFPE: [libjvm.so+0x917210], sa_mask[0]=11111111011111111101111111111110, sa_flags=SA_RESTART|SA_SIGINFO
SIGPIPE: SIG_IGN, sa_mask[0]=00000000000010000000000000000000, sa_flags=SA_RESTART
SIGXFSZ: [libjvm.so+0x917210], sa_mask[0]=11111111011111111101111111111110, sa_flags=SA_RESTART|SA_SIGINFO
SIGILL: [libjvm.so+0x917210], sa_mask[0]=11111111011111111101111111111110, sa_flags=SA_RESTART|SA_SIGINFO
SIGUSR1: SIG_DFL, sa_mask[0]=00000000000000000000000000000000, sa_flags=none
SIGUSR2: [libjvm.so+0x918840], sa_mask[0]=00100000000000000000000000000000, sa_flags=SA_RESTART|SA_SIGINFO
SIGHUP: [libjvm.so+0x919c40], sa_mask[0]=11111111011111111101111111111110, sa_flags=SA_RESTART|SA_SIGINFO
SIGINT: [libjvm.so+0x919c40], sa_mask[0]=11111111011111111101111111111110, sa_flags=SA_RESTART|SA_SIGINFO
SIGTERM: [libjvm.so+0x919c40], sa_mask[0]=11111111011111111101111111111110, sa_flags=SA_RESTART|SA_SIGINFO
SIGQUIT: [libjvm.so+0x919c40], sa_mask[0]=11111111011111111101111111111110, sa_flags=SA_RESTART|SA_SIGINFO


---------------  S Y S T E M  ---------------

OS:DISTRIB_ID=Ubuntu
DISTRIB_RELEASE=15.10
DISTRIB_CODENAME=wily
DISTRIB_DESCRIPTION="Ubuntu 15.10"

uname:Linux 4.2.0-22-generic #27-Ubuntu SMP Thu Dec 17 22:57:08 UTC 2015 x86_64
libc:glibc 2.21 NPTL 2.21 
rlimit: STACK 8192k, CORE 0k, NPROC 30526, NOFILE 65536, AS infinity
load average:2.18 2.34 1.41

/proc/meminfo:
MemTotal:        7851016 kB
MemFree:         1467664 kB
MemAvailable:    4973508 kB
Buffers:          331516 kB
Cached:          3287200 kB
SwapCached:         3916 kB
Active:          2707592 kB
Inactive:        3367600 kB
Active(anon):    1678764 kB
Inactive(anon):   965796 kB
Active(file):    1028828 kB
Inactive(file):  2401804 kB
Unevictable:          64 kB
Mlocked:              64 kB
SwapTotal:       8056828 kB
SwapFree:        7885440 kB
Dirty:              5492 kB
Writeback:             0 kB
AnonPages:       2454956 kB
Mapped:           346684 kB
Shmem:            188004 kB
Slab:             171908 kB
SReclaimable:     116912 kB
SUnreclaim:        54996 kB
KernelStack:       12992 kB
PageTables:        70572 kB
NFS_Unstable:          0 kB
Bounce:                0 kB
WritebackTmp:          0 kB
CommitLimit:    11982336 kB
Committed_AS:    7343064 kB
VmallocTotal:   34359738367 kB
VmallocUsed:      358808 kB
VmallocChunk:   34358947836 kB
HardwareCorrupted:     0 kB
AnonHugePages:   1017856 kB
CmaTotal:              0 kB
CmaFree:               0 kB
HugePages_Total:       0
HugePages_Free:        0
HugePages_Rsvd:        0
HugePages_Surp:        0
Hugepagesize:       2048 kB
DirectMap4k:      282104 kB
DirectMap2M:     7778304 kB


CPU:total 4 (2 cores per cpu, 2 threads per core) family 6 model 58 stepping 9, cmov, cx8, fxsr, mmx, sse, sse2, sse3, ssse3, sse4.1, sse4.2, popcnt, avx, aes, clmul, erms, ht, tsc, tscinvbit, tscinv

/proc/cpuinfo:
processor	: 0
vendor_id	: GenuineIntel
cpu family	: 6
model		: 58
model name	: Intel(R) Core(TM) i7-3520M CPU @ 2.90GHz
stepping	: 9
microcode	: 0x1b
cpu MHz		: 3399.910
cache size	: 4096 KB
physical id	: 0
siblings	: 4
core id		: 0
cpu cores	: 2
apicid		: 0
initial apicid	: 0
fpu		: yes
fpu_exception	: yes
cpuid level	: 13
wp		: yes
flags		: fpu vme de pse tsc msr pae mce cx8 apic sep mtrr pge mca cmov pat pse36 clflush dts acpi mmx fxsr sse sse2 ss ht tm pbe syscall nx rdtscp lm constant_tsc arch_perfmon pebs bts rep_good nopl xtopology nonstop_tsc aperfmperf eagerfpu pni pclmulqdq dtes64 monitor ds_cpl vmx smx est tm2 ssse3 cx16 xtpr pdcm pcid sse4_1 sse4_2 x2apic popcnt tsc_deadline_timer aes xsave avx f16c rdrand lahf_lm ida arat epb pln pts dtherm tpr_shadow vnmi flexpriority ept vpid fsgsbase smep erms xsaveopt
bugs		:
bogomips	: 5786.45
clflush size	: 64
cache_alignment	: 64
address sizes	: 36 bits physical, 48 bits virtual
power management:

processor	: 1
vendor_id	: GenuineIntel
cpu family	: 6
model		: 58
model name	: Intel(R) Core(TM) i7-3520M CPU @ 2.90GHz
stepping	: 9
microcode	: 0x1b
cpu MHz		: 3399.910
cache size	: 4096 KB
physical id	: 0
siblings	: 4
core id		: 0
cpu cores	: 2
apicid		: 1
initial apicid	: 1
fpu		: yes
fpu_exception	: yes
cpuid level	: 13
wp		: yes
flags		: fpu vme de pse tsc msr pae mce cx8 apic sep mtrr pge mca cmov pat pse36 clflush dts acpi mmx fxsr sse sse2 ss ht tm pbe syscall nx rdtscp lm constant_tsc arch_perfmon pebs bts rep_good nopl xtopology nonstop_tsc aperfmperf eagerfpu pni pclmulqdq dtes64 monitor ds_cpl vmx smx est tm2 ssse3 cx16 xtpr pdcm pcid sse4_1 sse4_2 x2apic popcnt tsc_deadline_timer aes xsave avx f16c rdrand lahf_lm ida arat epb pln pts dtherm tpr_shadow vnmi flexpriority ept vpid fsgsbase smep erms xsaveopt
bugs		:
bogomips	: 5786.45
clflush size	: 64
cache_alignment	: 64
address sizes	: 36 bits physical, 48 bits virtual
power management:

processor	: 2
vendor_id	: GenuineIntel
cpu family	: 6
model		: 58
model name	: Intel(R) Core(TM) i7-3520M CPU @ 2.90GHz
stepping	: 9
microcode	: 0x1b
cpu MHz		: 3399.910
cache size	: 4096 KB
physical id	: 0
siblings	: 4
core id		: 1
cpu cores	: 2
apicid		: 2
initial apicid	: 2
fpu		: yes
fpu_exception	: yes
cpuid level	: 13
wp		: yes
flags		: fpu vme de pse tsc msr pae mce cx8 apic sep mtrr pge mca cmov pat pse36 clflush dts acpi mmx fxsr sse sse2 ss ht tm pbe syscall nx rdtscp lm constant_tsc arch_perfmon pebs bts rep_good nopl xtopology nonstop_tsc aperfmperf eagerfpu pni pclmulqdq dtes64 monitor ds_cpl vmx smx est tm2 ssse3 cx16 xtpr pdcm pcid sse4_1 sse4_2 x2apic popcnt tsc_deadline_timer aes xsave avx f16c rdrand lahf_lm ida arat epb pln pts dtherm tpr_shadow vnmi flexpriority ept vpid fsgsbase smep erms xsaveopt
bugs		:
bogomips	: 5786.45
clflush size	: 64
cache_alignment	: 64
address sizes	: 36 bits physical, 48 bits virtual
power management:

processor	: 3
vendor_id	: GenuineIntel
cpu family	: 6
model		: 58
model name	: Intel(R) Core(TM) i7-3520M CPU @ 2.90GHz
stepping	: 9
microcode	: 0x1b
cpu MHz		: 3399.910
cache size	: 4096 KB
physical id	: 0
siblings	: 4
core id		: 1
cpu cores	: 2
apicid		: 3
initial apicid	: 3
fpu		: yes
fpu_exception	: yes
cpuid level	: 13
wp		: yes
flags		: fpu vme de pse tsc msr pae mce cx8 apic sep mtrr pge mca cmov pat pse36 clflush dts acpi mmx fxsr sse sse2 ss ht tm pbe syscall nx rdtscp lm constant_tsc arch_perfmon pebs bts rep_good nopl xtopology nonstop_tsc aperfmperf eagerfpu pni pclmulqdq dtes64 monitor ds_cpl vmx smx est tm2 ssse3 cx16 xtpr pdcm pcid sse4_1 sse4_2 x2apic popcnt tsc_deadline_timer aes xsave avx f16c rdrand lahf_lm ida arat epb pln pts dtherm tpr_shadow vnmi flexpriority ept vpid fsgsbase smep erms xsaveopt
bugs		:
bogomips	: 5786.45
clflush size	: 64
cache_alignment	: 64
address sizes	: 36 bits physical, 48 bits virtual
power management:



Memory: 4k page, physical 7851016k(1467416k free), swap 8056828k(7885440k free)

vm_info: Java HotSpot(TM) 64-Bit Server VM (25.66-b02) for linux-amd64 JRE (1.8.0_66-ea-b02), built on Jul 28 2015 18:25:16 by "java_re" with gcc 4.3.0 20080428 (Red Hat 4.3.0-8)

time: Fri Jan  1 18:36:38 2016
elapsed time: 0 seconds (0d 0h 0m 0s)

