#
# A fatal error has been detected by the Java Runtime Environment:
#
#  SIGSEGV (0xb) at pc=0x00007f57ebd7dc84, pid=4953, tid=140013988833024
#
# JRE version: Java(TM) SE Runtime Environment (8.0_66-b02) (build 1.8.0_66-ea-b02)
# Java VM: Java HotSpot(TM) 64-Bit Server VM (25.66-b02 mixed mode linux-amd64 compressed oops)
# Problematic frame:
# C  [libpthread.so.0+0x9c84]  pthread_mutex_lock+0x4
#
# Failed to write core dump. Core dumps have been disabled. To enable core dumping, try "ulimit -c unlimited" before starting Java again
#
# If you would like to submit a bug report, please visit:
#   http://bugreport.java.com/bugreport/crash.jsp
# The crash happened outside the Java Virtual Machine in native code.
# See problematic frame for where to report the bug.
#

---------------  T H R E A D  ---------------

Current thread (0x00007f5794097800):  JavaThread "JavaFX Application Thread" [_thread_in_native, id=4988, stack(0x00007f578c016000,0x00007f578c117000)]

siginfo: si_signo: 11 (SIGSEGV), si_code: 1 (SEGV_MAPERR), si_addr: 0x00000000000002c9

Registers:
RAX=0x00007f577821b970, RBX=0x00007f5778294b00, RCX=0x00007f5778000020, RDX=0x00007f5778294b00
RSP=0x00007f578c113610, RBP=0x00000000000002b1, RSI=0x0000000000000000, RDI=0x00000000000002b9
R8 =0x0000000000000000, R9 =0x00007f5778294af0, R10=0x0000000000000322, R11=0x00007f577f3d9c10
R12=0x00000000000002b9, R13=0x0000000000000000, R14=0x0000000000000001, R15=0x00007f578c113d00
RIP=0x00007f57ebd7dc84, EFLAGS=0x0000000000010202, CSGSFS=0x0000000000000033, ERR=0x0000000000000004
  TRAPNO=0x000000000000000e

Top of Stack: (sp=0x00007f578c113610)
0x00007f578c113610:   00000000000002b1 00007f577f3ecf18
0x00007f578c113620:   0000000000000000 00007f5778293a80
0x00007f578c113630:   00007f5778293ae8 00007f5778000288
0x00007f578c113640:   00007f577821b970 00007f577f3d9c25
0x00007f578c113650:   000000000000007e 00007f577f6d6a07
0x00007f578c113660:   0000000000000000 00007f578c113808
0x00007f578c113670:   00007f578c113690 0000000000000001
0x00007f578c113680:   0000000000000000 00007f577f8f7050
0x00007f578c113690:   0000000000000000 00007f578c113d80
0x00007f578c1136a0:   00007f578c113780 00007f577f8f6baf
0x00007f578c1136b0:   0000000000000000 00007f578c113d00
0x00007f578c1136c0:   0000000000000000 00007f578c113730
0x00007f578c1136d0:   00007f578c11374c 00007f578c113748
0x00007f578c1136e0:   00007f578c1135e0 00007f578c113790
0x00007f578c1136f0:   00007f578c113d80 00007f577f6d6980
0x00007f578c113700:   00007f578c113690 00007f578c1137b0
0x00007f578c113710:   0000000100000001 0000000100000000
0x00007f578c113720:   0000000100000001 00007f578c113734
0x00007f578c113730:   00007f5700000001 00007f5778000cb0
0x00007f578c113740:   0000000000000000 0000000100000000
0x00007f578c113750:   00007f578c1137b8 0000000000000000
0x00007f578c113760:   0000000000000000 00007f578c113798
0x00007f578c113770:   00007f578c1137b8 0000000000000001
0x00007f578c113780:   00007f578c113d70 00007f577f8eabd2
0x00007f578c113790:   00007f578c113800 00007f5778000e40
0x00007f578c1137a0:   00007f5778000e48 00007f5778000e38
0x00007f578c1137b0:   00007f577f8f95a0 0000000000000000
0x00007f578c1137c0:   f9454a487b971481 00007f578c1138b0
0x00007f578c1137d0:   00007f577fa0c1f8 00007f57940979f8
0x00007f578c1137e0:   00007f578c113810 00007f57eac96af0
0x00007f578c1137f0:   00007f577fa0bbb0 0000000000000000
0x00007f578c113800:   00007f5778293a80 00007f578c113e38 

Instructions: (pc=0x00007f57ebd7dc84)
0x00007f57ebd7dc64:   02 00 00 64 48 c7 04 25 f0 02 00 00 00 00 00 00
0x00007f57ebd7dc74:   b8 82 00 00 00 e9 0d fa ff ff 66 90 48 83 ec 08
0x00007f57ebd7dc84:   8b 57 10 89 d1 81 e1 7f 01 00 00 90 89 d0 83 e0
0x00007f57ebd7dc94:   7c 0f 85 95 00 00 00 85 c9 49 89 f8 0f 85 9a 00 

Register to memory mapping:

RAX=0x00007f577821b970 is an unknown value
RBX=0x00007f5778294b00 is an unknown value
RCX=0x00007f5778000020 is an unknown value
RDX=0x00007f5778294b00 is an unknown value
RSP=0x00007f578c113610 is pointing into the stack for thread: 0x00007f5794097800
RBP=0x00000000000002b1 is an unknown value
RSI=0x0000000000000000 is an unknown value
RDI=0x00000000000002b9 is an unknown value
R8 =0x0000000000000000 is an unknown value
R9 =0x00007f5778294af0 is an unknown value
R10=0x0000000000000322 is an unknown value
R11=0x00007f577f3d9c10: libvlc_ArtRequest+0 in /usr/lib/libvlccore.so.8 at 0x00007f577f3c7000
R12=0x00000000000002b9 is an unknown value
R13=0x0000000000000000 is an unknown value
R14=0x0000000000000001 is an unknown value
R15=0x00007f578c113d00 is pointing into the stack for thread: 0x00007f5794097800


Stack: [0x00007f578c016000,0x00007f578c117000],  sp=0x00007f578c113610,  free space=1013k
Native frames: (J=compiled Java code, j=interpreted, Vv=VM code, C=native code)
C  [libpthread.so.0+0x9c84]  pthread_mutex_lock+0x4

Java frames: (J=compiled Java code, j=interpreted, Vv=VM code)
j  com.sun.jna.Native.invokeVoid(JI[Ljava/lang/Object;)V+0
j  com.sun.jna.Function.invoke([Ljava/lang/Object;Ljava/lang/Class;Z)Ljava/lang/Object;+48
j  com.sun.jna.Function.invoke(Ljava/lang/Class;[Ljava/lang/Object;Ljava/util/Map;)Ljava/lang/Object;+214
j  com.sun.jna.Library$Handler.invoke(Ljava/lang/Object;Ljava/lang/reflect/Method;[Ljava/lang/Object;)Ljava/lang/Object;+341
j  com.sun.proxy.$Proxy1.libvlc_media_parse(Luk/co/caprica/vlcj/binding/internal/libvlc_media_t;)V+16
j  uk.co.caprica.vlcj.player.MediaPlayerFactory.getMediaMeta(Ljava/lang/String;Z)Luk/co/caprica/vlcj/player/MediaMeta;+64
j  ch.heigvd.flat5.utils.LibraryManager.addFileToDB(Ljava/lang/String;)V+444
j  ch.heigvd.flat5.MainApp2.initRootLayout()V+2
j  ch.heigvd.flat5.MainApp2.start(Ljavafx/stage/Stage;)V+20
j  com.sun.javafx.application.LauncherImpl.lambda$launchApplication1$162(Ljava/util/concurrent/atomic/AtomicBoolean;Ljavafx/application/Application;)V+20
j  com.sun.javafx.application.LauncherImpl$$Lambda$57.run()V+8
j  com.sun.javafx.application.PlatformImpl.lambda$runAndWait$175(Ljava/lang/Runnable;Ljava/util/concurrent/CountDownLatch;)V+1
j  com.sun.javafx.application.PlatformImpl$$Lambda$53.run()V+8
j  com.sun.javafx.application.PlatformImpl.lambda$null$173(Ljava/lang/Runnable;)Ljava/lang/Void;+1
j  com.sun.javafx.application.PlatformImpl$$Lambda$55.run()Ljava/lang/Object;+4
v  ~StubRoutines::call_stub
j  java.security.AccessController.doPrivileged(Ljava/security/PrivilegedAction;Ljava/security/AccessControlContext;)Ljava/lang/Object;+0
j  com.sun.javafx.application.PlatformImpl.lambda$runLater$174(Ljava/lang/Runnable;Ljava/security/AccessControlContext;)V+7
j  com.sun.javafx.application.PlatformImpl$$Lambda$54.run()V+8
j  com.sun.glass.ui.InvokeLaterDispatcher$Future.run()V+4
v  ~StubRoutines::call_stub
j  com.sun.glass.ui.gtk.GtkApplication._runLoop(Ljava/lang/Runnable;Z)V+0
j  com.sun.glass.ui.gtk.GtkApplication.lambda$null$49(Ljava/lang/Runnable;Z)V+7
j  com.sun.glass.ui.gtk.GtkApplication$$Lambda$43.run()V+12
j  java.lang.Thread.run()V+11
v  ~StubRoutines::call_stub

---------------  P R O C E S S  ---------------

Java Threads: ( => current thread )
  0x00007f57780bb000 JavaThread "AWT-XAWT" daemon [_thread_in_native, id=4990, stack(0x00007f577fdfe000,0x00007f577feff000)]
  0x00007f57780a2000 JavaThread "Java2D Disposer" daemon [_thread_blocked, id=4989, stack(0x00007f577feff000,0x00007f5780000000)]
=>0x00007f5794097800 JavaThread "JavaFX Application Thread" [_thread_in_native, id=4988, stack(0x00007f578c016000,0x00007f578c117000)]
  0x00007f5794091800 JavaThread "Thread-3" daemon [_thread_blocked, id=4987, stack(0x00007f57bc00b000,0x00007f57bc10c000)]
  0x00007f5794048000 JavaThread "QuantumRenderer-0" daemon [_thread_blocked, id=4985, stack(0x00007f57be296000,0x00007f57be397000)]
  0x00007f57e42ee000 JavaThread "JavaFX-Launcher" [_thread_blocked, id=4984, stack(0x00007f57be397000,0x00007f57be498000)]
  0x00007f57e4264800 JavaThread "Monitor Ctrl-Break" daemon [_thread_in_native, id=4977, stack(0x00007f57bea45000,0x00007f57beb46000)]
  0x00007f57e40ca800 JavaThread "Service Thread" daemon [_thread_blocked, id=4972, stack(0x00007f57beee4000,0x00007f57befe5000)]
  0x00007f57e40bd800 JavaThread "C1 CompilerThread2" daemon [_thread_blocked, id=4971, stack(0x00007f57befe5000,0x00007f57bf0e6000)]
  0x00007f57e40bb800 JavaThread "C2 CompilerThread1" daemon [_thread_blocked, id=4970, stack(0x00007f57bf0e6000,0x00007f57bf1e7000)]
  0x00007f57e40b8800 JavaThread "C2 CompilerThread0" daemon [_thread_blocked, id=4969, stack(0x00007f57bf1e7000,0x00007f57bf2e8000)]
  0x00007f57e40b7000 JavaThread "Signal Dispatcher" daemon [_thread_blocked, id=4968, stack(0x00007f57bf2e8000,0x00007f57bf3e9000)]
  0x00007f57e4080800 JavaThread "Finalizer" daemon [_thread_blocked, id=4961, stack(0x00007f57bf6f7000,0x00007f57bf7f8000)]
  0x00007f57e407e000 JavaThread "Reference Handler" daemon [_thread_blocked, id=4960, stack(0x00007f57bf7f8000,0x00007f57bf8f9000)]
  0x00007f57e400b000 JavaThread "main" [_thread_blocked, id=4954, stack(0x00007f57ec080000,0x00007f57ec181000)]

Other Threads:
  0x00007f57e4079000 VMThread [stack: 0x00007f57bf8f9000,0x00007f57bf9fa000] [id=4959]
  0x00007f57e40cd800 WatcherThread [stack: 0x00007f57bede3000,0x00007f57beee4000] [id=4973]

VM state:not at safepoint (normal execution)

VM Mutex/Monitor currently owned by a thread: None

Heap:
 PSYoungGen      total 35840K, used 22638K [0x00000000d8100000, 0x00000000da900000, 0x0000000100000000)
  eden space 30720K, 73% used [0x00000000d8100000,0x00000000d971bbe8,0x00000000d9f00000)
  from space 5120K, 0% used [0x00000000da400000,0x00000000da400000,0x00000000da900000)
  to   space 5120K, 0% used [0x00000000d9f00000,0x00000000d9f00000,0x00000000da400000)
 ParOldGen       total 81920K, used 0K [0x0000000088200000, 0x000000008d200000, 0x00000000d8100000)
  object space 81920K, 0% used [0x0000000088200000,0x0000000088200000,0x000000008d200000)
 Metaspace       used 11357K, capacity 11686K, committed 12032K, reserved 1060864K
  class space    used 1317K, capacity 1419K, committed 1536K, reserved 1048576K

Card table byte_map: [0x00007f57e8a94000,0x00007f57e8e54000] byte_map_base: 0x00007f57e8653000

Marking Bits: (ParMarkBitMap*) 0x00007f57eb564c20
 Begin Bits: [0x00007f57cc410000, 0x00007f57ce208000)
 End Bits:   [0x00007f57ce208000, 0x00007f57d0000000)

Polling page: 0x00007f57ec1b2000

CodeCache: size=245760Kb used=3106Kb max_used=3117Kb free=242653Kb
 bounds [0x00007f57d5000000, 0x00007f57d5310000, 0x00007f57e4000000]
 total_blobs=1296 nmethods=750 adapters=460
 compilation: enabled

Compilation events (10 events):
Event: 0.876 Thread 0x00007f57e40b8800 nmethod 743% 0x00007f57d530a450 code [0x00007f57d530a5e0, 0x00007f57d530b038]
Event: 0.879 Thread 0x00007f57e40bb800  745       4       java.io.BufferedInputStream::getBufIfOpen (21 bytes)
Event: 0.879 Thread 0x00007f57e40bb800 nmethod 745 0x00007f57d5307590 code [0x00007f57d53076e0, 0x00007f57d5307758]
Event: 0.928 Thread 0x00007f57e40bd800  746       3       java.io.File::<init> (113 bytes)
Event: 0.929 Thread 0x00007f57e40bd800 nmethod 746 0x00007f57d5309210 code [0x00007f57d5309460, 0x00007f57d5309f38]
Event: 0.929 Thread 0x00007f57e40bd800  748       3       java.io.FileOutputStream::write (12 bytes)
Event: 0.929 Thread 0x00007f57e40bd800 nmethod 748 0x00007f57d5303fd0 code [0x00007f57d5304140, 0x00007f57d53042c8]
Event: 0.930 Thread 0x00007f57e40bd800  749       3       java.nio.ByteBuffer::arrayOffset (35 bytes)
Event: 0.931 Thread 0x00007f57e40bd800 nmethod 749 0x00007f57d53039d0 code [0x00007f57d5303b60, 0x00007f57d5303e78]
Event: 0.931 Thread 0x00007f57e40b8800  750       4       java.util.HashMap::hash (20 bytes)

GC Heap History (0 events):
No events

Deoptimization events (8 events):
Event: 0.427 Thread 0x00007f5794097800 Uncommon trap: reason=unstable_if action=reinterpret pc=0x00007f57d51b603c method=java.lang.String.replace(CC)Ljava/lang/String; @ 2
Event: 0.446 Thread 0x00007f5794097800 Uncommon trap: reason=unstable_if action=reinterpret pc=0x00007f57d51cb9dc method=java.lang.String.indexOf([CII[CIII)I @ 134
Event: 0.706 Thread 0x00007f5794097800 Uncommon trap: reason=class_check action=maybe_recompile pc=0x00007f57d529ce28 method=java.io.DataOutputStream.writeByte(I)V @ 5
Event: 0.706 Thread 0x00007f5794097800 Uncommon trap: reason=class_check action=maybe_recompile pc=0x00007f57d529ce28 method=java.io.DataOutputStream.writeByte(I)V @ 5
Event: 0.706 Thread 0x00007f5794097800 Uncommon trap: reason=class_check action=maybe_recompile pc=0x00007f57d529ce28 method=java.io.DataOutputStream.writeByte(I)V @ 5
Event: 0.706 Thread 0x00007f5794097800 Uncommon trap: reason=class_check action=maybe_recompile pc=0x00007f57d529ce28 method=java.io.DataOutputStream.writeByte(I)V @ 5
Event: 0.797 Thread 0x00007f5794097800 Uncommon trap: reason=unstable_if action=reinterpret pc=0x00007f57d524ba64 method=java.lang.AbstractStringBuilder.append(Ljava/lang/String;)Ljava/lang/AbstractStringBuilder; @ 1
Event: 0.903 Thread 0x00007f5794097800 Uncommon trap: reason=unstable_if action=reinterpret pc=0x00007f57d530ad1c method=org.sqlite.SQLiteJDBCLoader.contentsEquals(Ljava/io/InputStream;Ljava/io/InputStream;)Z @ 39

Internal exceptions (10 events):
Event: 0.207 Thread 0x00007f57e42ee000 Exception <a 'java/security/PrivilegedActionException'> (0x00000000d85e6340) thrown at [/HUDSON/workspace/8-2-build-linux-amd64/jdk8u66/4344.nc/hotspot/src/share/vm/prims/jvm.cpp, line 1386]
Event: 0.207 Thread 0x00007f57e42ee000 Exception <a 'java/security/PrivilegedActionException'> (0x00000000d85e6550) thrown at [/HUDSON/workspace/8-2-build-linux-amd64/jdk8u66/4344.nc/hotspot/src/share/vm/prims/jvm.cpp, line 1386]
Event: 0.207 Thread 0x00007f57e42ee000 Exception <a 'java/lang/NullPointerException'> (0x00000000d85e6b28) thrown at [/HUDSON/workspace/8-2-build-linux-amd64/jdk8u66/4344.nc/hotspot/src/share/vm/interpreter/linkResolver.cpp, line 1178]
Event: 0.446 Thread 0x00007f5794097800 Exception <a 'java/lang/NoClassDefFoundError': org/slf4j/impl/StaticLoggerBinder> (0x00000000d8ca3870) thrown at [/HUDSON/workspace/8-2-build-linux-amd64/jdk8u66/4344.nc/hotspot/src/share/vm/classfile/systemDictionary.cpp, line 199]
Event: 0.461 Thread 0x00007f5794097800 Exception <a 'java/io/FileNotFoundException'> (0x00000000d8cd6538) thrown at [/HUDSON/workspace/8-2-build-linux-amd64/jdk8u66/4344.nc/hotspot/src/share/vm/prims/jni.cpp, line 709]
Event: 0.461 Thread 0x00007f5794097800 Exception <a 'java/io/FileNotFoundException'> (0x00000000d8cd6ec8) thrown at [/HUDSON/workspace/8-2-build-linux-amd64/jdk8u66/4344.nc/hotspot/src/share/vm/prims/jni.cpp, line 709]
Event: 0.569 Thread 0x00007f5794097800 Exception <a 'java/lang/NullPointerException'> (0x00000000d8f3c328) thrown at [/HUDSON/workspace/8-2-build-linux-amd64/jdk8u66/4344.nc/hotspot/src/share/vm/interpreter/linkResolver.cpp, line 1178]
Event: 0.587 Thread 0x00007f5794097800 Exception <a 'java/lang/UnsatisfiedLinkError': libvlc.so: cannot open shared object file: No such file or directory> (0x00000000d8fafdb8) thrown at [/HUDSON/workspace/8-2-build-linux-amd64/jdk8u66/4344.nc/hotspot/src/share/vm/prims/jni.cpp, line 735]
Event: 0.588 Thread 0x00007f5794097800 Exception <a 'java/lang/UnsatisfiedLinkError': libvlc.so: cannot open shared object file: No such file or directory> (0x00000000d8fb0b10) thrown at [/HUDSON/workspace/8-2-build-linux-amd64/jdk8u66/4344.nc/hotspot/src/share/vm/prims/jni.cpp, line 735]
Event: 0.797 Thread 0x00007f5794097800 Implicit null exception at 0x00007f57d524b6f5 to 0x00007f57d524ba51

Events (10 events):
Event: 0.927 loading class com/google/gson/stream/MalformedJsonException
Event: 0.927 loading class com/google/gson/stream/MalformedJsonException done
Event: 0.927 loading class com/google/gson/JsonSyntaxException
Event: 0.927 loading class com/google/gson/JsonSyntaxException done
Event: 0.928 loading class com/google/gson/JsonParseException
Event: 0.928 loading class com/google/gson/JsonParseException done
Event: 0.928 loading class com/google/gson/JsonIOException
Event: 0.928 loading class com/google/gson/JsonIOException done
Event: 0.931 loading class com/sun/jna/NativeString
Event: 0.931 loading class com/sun/jna/NativeString done


Dynamic libraries:
00400000-00401000 r-xp 00000000 fc:01 22943355                           /usr/java/jdk1.8.0_66/jre/bin/java
00600000-00601000 rw-p 00000000 fc:01 22943355                           /usr/java/jdk1.8.0_66/jre/bin/java
0142c000-0144d000 rw-p 00000000 00:00 0                                  [heap]
88200000-8d200000 rw-p 00000000 00:00 0 
8d200000-d8100000 ---p 00000000 00:00 0 
d8100000-da900000 rw-p 00000000 00:00 0 
da900000-100000000 ---p 00000000 00:00 0 
100000000-100180000 rw-p 00000000 00:00 0 
100180000-140000000 ---p 00000000 00:00 0 
7f576c000000-7f576c021000 rw-p 00000000 00:00 0 
7f576c021000-7f5770000000 ---p 00000000 00:00 0 
7f5774000000-7f5774021000 rw-p 00000000 00:00 0 
7f5774021000-7f5778000000 ---p 00000000 00:00 0 
7f5778000000-7f5778317000 rw-p 00000000 00:00 0 
7f5778317000-7f577c000000 ---p 00000000 00:00 0 
7f577dbe8000-7f577dca1000 r-xp 00000000 fc:01 7739566                    /tmp/sqlite-3.8.11.2-54c1206a-9c58-4fee-9695-7c2812b6eb8f-libsqlitejdbc.so
7f577dca1000-7f577dea1000 ---p 000b9000 fc:01 7739566                    /tmp/sqlite-3.8.11.2-54c1206a-9c58-4fee-9695-7c2812b6eb8f-libsqlitejdbc.so
7f577dea1000-7f577dea6000 rw-p 000b9000 fc:01 7739566                    /tmp/sqlite-3.8.11.2-54c1206a-9c58-4fee-9695-7c2812b6eb8f-libsqlitejdbc.so
7f577e5b0000-7f577e5f0000 rw-p 00000000 00:00 0 
7f577e5f0000-7f577e7b0000 ---p 00000000 00:00 0 
7f577e7b0000-7f577e7c2000 r-xp 00000000 fc:01 15467140                   /lib/x86_64-linux-gnu/libgpg-error.so.0.15.0
7f577e7c2000-7f577e9c1000 ---p 00012000 fc:01 15467140                   /lib/x86_64-linux-gnu/libgpg-error.so.0.15.0
7f577e9c1000-7f577e9c2000 r--p 00011000 fc:01 15467140                   /lib/x86_64-linux-gnu/libgpg-error.so.0.15.0
7f577e9c2000-7f577e9c3000 rw-p 00012000 fc:01 15467140                   /lib/x86_64-linux-gnu/libgpg-error.so.0.15.0
7f577e9c3000-7f577ea9b000 r-xp 00000000 fc:01 15470723                   /lib/x86_64-linux-gnu/libgcrypt.so.20.0.3
7f577ea9b000-7f577ec9b000 ---p 000d8000 fc:01 15470723                   /lib/x86_64-linux-gnu/libgcrypt.so.20.0.3
7f577ec9b000-7f577ec9c000 r--p 000d8000 fc:01 15470723                   /lib/x86_64-linux-gnu/libgcrypt.so.20.0.3
7f577ec9c000-7f577eca5000 rw-p 000d9000 fc:01 15470723                   /lib/x86_64-linux-gnu/libgcrypt.so.20.0.3
7f577eca5000-7f577ecc6000 r-xp 00000000 fc:01 15470744                   /lib/x86_64-linux-gnu/liblzma.so.5.0.0
7f577ecc6000-7f577eec5000 ---p 00021000 fc:01 15470744                   /lib/x86_64-linux-gnu/liblzma.so.5.0.0
7f577eec5000-7f577eec6000 r--p 00020000 fc:01 15470744                   /lib/x86_64-linux-gnu/liblzma.so.5.0.0
7f577eec6000-7f577eec7000 rw-p 00021000 fc:01 15470744                   /lib/x86_64-linux-gnu/liblzma.so.5.0.0
7f577eec7000-7f577ef44000 r-xp 00000000 fc:01 15467153                   /lib/x86_64-linux-gnu/libsystemd.so.0.10.2
7f577ef44000-7f577ef47000 r--p 0007c000 fc:01 15467153                   /lib/x86_64-linux-gnu/libsystemd.so.0.10.2
7f577ef47000-7f577ef48000 rw-p 0007f000 fc:01 15467153                   /lib/x86_64-linux-gnu/libsystemd.so.0.10.2
7f577ef48000-7f577ef92000 r-xp 00000000 fc:01 15467111                   /lib/x86_64-linux-gnu/libdbus-1.so.3.14.3
7f577ef92000-7f577f192000 ---p 0004a000 fc:01 15467111                   /lib/x86_64-linux-gnu/libdbus-1.so.3.14.3
7f577f192000-7f577f193000 r--p 0004a000 fc:01 15467111                   /lib/x86_64-linux-gnu/libdbus-1.so.3.14.3
7f577f193000-7f577f194000 rw-p 0004b000 fc:01 15467111                   /lib/x86_64-linux-gnu/libdbus-1.so.3.14.3
7f577f194000-7f577f1c5000 r-xp 00000000 fc:01 19276771                   /usr/lib/x86_64-linux-gnu/libidn.so.11.6.11
7f577f1c5000-7f577f3c5000 ---p 00031000 fc:01 19276771                   /usr/lib/x86_64-linux-gnu/libidn.so.11.6.11
7f577f3c5000-7f577f3c6000 r--p 00031000 fc:01 19276771                   /usr/lib/x86_64-linux-gnu/libidn.so.11.6.11
7f577f3c6000-7f577f3c7000 rw-p 00032000 fc:01 19276771                   /usr/lib/x86_64-linux-gnu/libidn.so.11.6.11
7f577f3c7000-7f577f4c2000 r-xp 00000000 fc:01 19271264                   /usr/lib/libvlccore.so.8.0.0
7f577f4c2000-7f577f6c1000 ---p 000fb000 fc:01 19271264                   /usr/lib/libvlccore.so.8.0.0
7f577f6c1000-7f577f6c4000 r--p 000fa000 fc:01 19271264                   /usr/lib/libvlccore.so.8.0.0
7f577f6c4000-7f577f6c5000 rw-p 000fd000 fc:01 19271264                   /usr/lib/libvlccore.so.8.0.0
7f577f6c5000-7f577f6e4000 r-xp 00000000 fc:01 19271244                   /usr/lib/libvlc.so.5.5.0
7f577f6e4000-7f577f8e3000 ---p 0001f000 fc:01 19271244                   /usr/lib/libvlc.so.5.5.0
7f577f8e3000-7f577f8e4000 r--p 0001e000 fc:01 19271244                   /usr/lib/libvlc.so.5.5.0
7f577f8e4000-7f577f8e5000 rw-p 0001f000 fc:01 19271244                   /usr/lib/libvlc.so.5.5.0
7f577f8e5000-7f577f8fc000 r-xp 00000000 fc:01 7739565                    /tmp/jna-franz/jna2042939570234449525.tmp (deleted)
7f577f8fc000-7f577f9fb000 ---p 00017000 fc:01 7739565                    /tmp/jna-franz/jna2042939570234449525.tmp (deleted)
7f577f9fb000-7f577f9fc000 rw-p 00016000 fc:01 7739565                    /tmp/jna-franz/jna2042939570234449525.tmp (deleted)
7f577f9fc000-7f577fbfd000 rw-p 00000000 00:00 0 
7f577fbfd000-7f577fbfe000 r-xp 00000000 fc:01 24119356                   /usr/java/jdk1.8.0_66/jre/lib/amd64/libjawt.so
7f577fbfe000-7f577fdfd000 ---p 00001000 fc:01 24119356                   /usr/java/jdk1.8.0_66/jre/lib/amd64/libjawt.so
7f577fdfd000-7f577fdfe000 rw-p 00000000 fc:01 24119356                   /usr/java/jdk1.8.0_66/jre/lib/amd64/libjawt.so
7f577fdfe000-7f577fe01000 ---p 00000000 00:00 0 
7f577fe01000-7f577feff000 rw-p 00000000 00:00 0                          [stack:4990]
7f577feff000-7f577ff02000 ---p 00000000 00:00 0 
7f577ff02000-7f5780000000 rw-p 00000000 00:00 0                          [stack:4989]
7f5780000000-7f5780021000 rw-p 00000000 00:00 0 
7f5780021000-7f5784000000 ---p 00000000 00:00 0 
7f5784072000-7f57840d8000 r-xp 00000000 fc:01 24119345                   /usr/java/jdk1.8.0_66/jre/lib/amd64/libfontmanager.so
7f57840d8000-7f57842d7000 ---p 00066000 fc:01 24119345                   /usr/java/jdk1.8.0_66/jre/lib/amd64/libfontmanager.so
7f57842d7000-7f57842db000 rw-p 00065000 fc:01 24119345                   /usr/java/jdk1.8.0_66/jre/lib/amd64/libfontmanager.so
7f57842db000-7f57842ec000 rw-p 00000000 00:00 0 
7f57842ec000-7f5784308000 r--s 00393000 fc:01 23598169                   /usr/java/jdk1.8.0_66/jre/lib/ext/cldrdata.jar
7f5784308000-7f578435c000 r-xp 00000000 fc:01 24119370                   /usr/java/jdk1.8.0_66/jre/lib/amd64/libawt_xawt.so
7f578435c000-7f578455c000 ---p 00054000 fc:01 24119370                   /usr/java/jdk1.8.0_66/jre/lib/amd64/libawt_xawt.so
7f578455c000-7f5784560000 rw-p 00054000 fc:01 24119370                   /usr/java/jdk1.8.0_66/jre/lib/amd64/libawt_xawt.so
7f5784560000-7f5784561000 rw-p 00000000 00:00 0 
7f5784561000-7f5784603000 r-xp 00000000 fc:01 24119355                   /usr/java/jdk1.8.0_66/jre/lib/amd64/libawt.so
7f5784603000-7f5784803000 ---p 000a2000 fc:01 24119355                   /usr/java/jdk1.8.0_66/jre/lib/amd64/libawt.so
7f5784803000-7f578480f000 rw-p 000a2000 fc:01 24119355                   /usr/java/jdk1.8.0_66/jre/lib/amd64/libawt.so
7f578480f000-7f5784833000 rw-p 00000000 00:00 0 
7f5784833000-7f578485c000 r-xp 00000000 fc:01 24119340                   /usr/java/jdk1.8.0_66/jre/lib/amd64/libglass.so
7f578485c000-7f5784a5b000 ---p 00029000 fc:01 24119340                   /usr/java/jdk1.8.0_66/jre/lib/amd64/libglass.so
7f5784a5b000-7f5784a5e000 rw-p 00028000 fc:01 24119340                   /usr/java/jdk1.8.0_66/jre/lib/amd64/libglass.so
7f5784a5e000-7f5784a95000 r-xp 00000000 fc:01 19277269                   /usr/lib/x86_64-linux-gnu/libtxc_dxtn_s2tc.so.0.0.0
7f5784a95000-7f5784c94000 ---p 00037000 fc:01 19277269                   /usr/lib/x86_64-linux-gnu/libtxc_dxtn_s2tc.so.0.0.0
7f5784c94000-7f5784c95000 r--p 00036000 fc:01 19277269                   /usr/lib/x86_64-linux-gnu/libtxc_dxtn_s2tc.so.0.0.0
7f5784c95000-7f5784c96000 rw-p 00037000 fc:01 19277269                   /usr/lib/x86_64-linux-gnu/libtxc_dxtn_s2tc.so.0.0.0
7f5784c96000-7f5784c9e000 r-xp 00000000 fc:01 19268679                   /usr/lib/x86_64-linux-gnu/libpciaccess.so.0.11.1
7f5784c9e000-7f5784e9e000 ---p 00008000 fc:01 19268679                   /usr/lib/x86_64-linux-gnu/libpciaccess.so.0.11.1
7f5784e9e000-7f5784e9f000 r--p 00008000 fc:01 19268679                   /usr/lib/x86_64-linux-gnu/libpciaccess.so.0.11.1
7f5784e9f000-7f5784ea0000 rw-p 00009000 fc:01 19268679                   /usr/lib/x86_64-linux-gnu/libpciaccess.so.0.11.1
7f5784ea0000-7f5784eab000 r-xp 00000000 fc:01 19268695                   /usr/lib/x86_64-linux-gnu/libdrm_radeon.so.1.0.1
7f5784eab000-7f57850aa000 ---p 0000b000 fc:01 19268695                   /usr/lib/x86_64-linux-gnu/libdrm_radeon.so.1.0.1
7f57850aa000-7f57850ab000 r--p 0000a000 fc:01 19268695                   /usr/lib/x86_64-linux-gnu/libdrm_radeon.so.1.0.1
7f57850ab000-7f57850ac000 rw-p 0000b000 fc:01 19268695                   /usr/lib/x86_64-linux-gnu/libdrm_radeon.so.1.0.1
7f57850ac000-7f57850b2000 r-xp 00000000 fc:01 19268698                   /usr/lib/x86_64-linux-gnu/libdrm_nouveau.so.2.0.0
7f57850b2000-7f57852b1000 ---p 00006000 fc:01 19268698                   /usr/lib/x86_64-linux-gnu/libdrm_nouveau.so.2.0.0
7f57852b1000-7f57852b2000 r--p 00005000 fc:01 19268698                   /usr/lib/x86_64-linux-gnu/libdrm_nouveau.so.2.0.0
7f57852b2000-7f57852b3000 rw-p 00006000 fc:01 19268698                   /usr/lib/x86_64-linux-gnu/libdrm_nouveau.so.2.0.0
7f57852b3000-7f57852d3000 r-xp 00000000 fc:01 19268691                   /usr/lib/x86_64-linux-gnu/libdrm_intel.so.1.0.0
7f57852d3000-7f57854d2000 ---p 00020000 fc:01 19268691                   /usr/lib/x86_64-linux-gnu/libdrm_intel.so.1.0.0
7f57854d2000-7f57854d3000 r--p 0001f000 fc:01 19268691                   /usr/lib/x86_64-linux-gnu/libdrm_intel.so.1.0.0
7f57854d3000-7f57854d4000 rw-p 00020000 fc:01 19268691                   /usr/lib/x86_64-linux-gnu/libdrm_intel.so.1.0.0
7f57854d4000-7f5785a86000 r-xp 00000000 fc:01 19531186                   /usr/lib/x86_64-linux-gnu/dri/i965_dri.so
7f5785a86000-7f5785c85000 ---p 005b2000 fc:01 19531186                   /usr/lib/x86_64-linux-gnu/dri/i965_dri.so
7f5785c85000-7f5785cb2000 r--p 005b1000 fc:01 19531186                   /usr/lib/x86_64-linux-gnu/dri/i965_dri.so
7f5785cb2000-7f5785cb8000 rw-p 005de000 fc:01 19531186                   /usr/lib/x86_64-linux-gnu/dri/i965_dri.so
7f5785cb8000-7f5785cc0000 rw-p 00000000 00:00 0 
7f5785cc0000-7f5785cc6000 r-xp 00000000 fc:01 19280188                   /usr/lib/x86_64-linux-gnu/libdatrie.so.1.3.2
7f5785cc6000-7f5785ec5000 ---p 00006000 fc:01 19280188                   /usr/lib/x86_64-linux-gnu/libdatrie.so.1.3.2
7f5785ec5000-7f5785ec6000 r--p 00005000 fc:01 19280188                   /usr/lib/x86_64-linux-gnu/libdatrie.so.1.3.2
7f5785ec6000-7f5785ec7000 rw-p 00006000 fc:01 19280188                   /usr/lib/x86_64-linux-gnu/libdatrie.so.1.3.2
7f5785ec7000-7f5785ecc000 r-xp 00000000 fc:01 19273163                   /usr/lib/x86_64-linux-gnu/libXdmcp.so.6.0.0
7f5785ecc000-7f57860cb000 ---p 00005000 fc:01 19273163                   /usr/lib/x86_64-linux-gnu/libXdmcp.so.6.0.0
7f57860cb000-7f57860cc000 r--p 00004000 fc:01 19273163                   /usr/lib/x86_64-linux-gnu/libXdmcp.so.6.0.0
7f57860cc000-7f57860cd000 rw-p 00005000 fc:01 19273163                   /usr/lib/x86_64-linux-gnu/libXdmcp.so.6.0.0
7f57860cd000-7f57860cf000 r-xp 00000000 fc:01 19276226                   /usr/lib/x86_64-linux-gnu/libXau.so.6.0.0
7f57860cf000-7f57862cf000 ---p 00002000 fc:01 19276226                   /usr/lib/x86_64-linux-gnu/libXau.so.6.0.0
7f57862cf000-7f57862d0000 r--p 00002000 fc:01 19276226                   /usr/lib/x86_64-linux-gnu/libXau.so.6.0.0
7f57862d0000-7f57862d1000 rw-p 00003000 fc:01 19276226                   /usr/lib/x86_64-linux-gnu/libXau.so.6.0.0
7f57862d1000-7f57862eb000 r-xp 00000000 fc:01 19276632                   /usr/lib/x86_64-linux-gnu/libgraphite2.so.3.0.1
7f57862eb000-7f57864ea000 ---p 0001a000 fc:01 19276632                   /usr/lib/x86_64-linux-gnu/libgraphite2.so.3.0.1
7f57864ea000-7f57864ec000 r--p 00019000 fc:01 19276632                   /usr/lib/x86_64-linux-gnu/libgraphite2.so.3.0.1
7f57864ec000-7f57864ed000 rw-p 0001b000 fc:01 19276632                   /usr/lib/x86_64-linux-gnu/libgraphite2.so.3.0.1
7f57864ed000-7f57864fa000 r-xp 00000000 fc:01 19268704                   /usr/lib/x86_64-linux-gnu/libdrm.so.2.4.0
7f57864fa000-7f57866f9000 ---p 0000d000 fc:01 19268704                   /usr/lib/x86_64-linux-gnu/libdrm.so.2.4.0
7f57866f9000-7f57866fa000 r--p 0000c000 fc:01 19268704                   /usr/lib/x86_64-linux-gnu/libdrm.so.2.4.0
7f57866fa000-7f57866fb000 rw-p 0000d000 fc:01 19268704                   /usr/lib/x86_64-linux-gnu/libdrm.so.2.4.0
7f57866fb000-7f57866fc000 r-xp 00000000 fc:01 19273253                   /usr/lib/x86_64-linux-gnu/libxshmfence.so.1.0.0
7f57866fc000-7f57868fc000 ---p 00001000 fc:01 19273253                   /usr/lib/x86_64-linux-gnu/libxshmfence.so.1.0.0
7f57868fc000-7f57868fd000 r--p 00001000 fc:01 19273253                   /usr/lib/x86_64-linux-gnu/libxshmfence.so.1.0.0
7f57868fd000-7f57868fe000 rw-p 00002000 fc:01 19273253                   /usr/lib/x86_64-linux-gnu/libxshmfence.so.1.0.0
7f57868fe000-7f5786903000 r-xp 00000000 fc:01 19273248                   /usr/lib/x86_64-linux-gnu/libxcb-sync.so.1.0.0
7f5786903000-7f5786b03000 ---p 00005000 fc:01 19273248                   /usr/lib/x86_64-linux-gnu/libxcb-sync.so.1.0.0
7f5786b03000-7f5786b04000 r--p 00005000 fc:01 19273248                   /usr/lib/x86_64-linux-gnu/libxcb-sync.so.1.0.0
7f5786b04000-7f5786b05000 rw-p 00006000 fc:01 19273248                   /usr/lib/x86_64-linux-gnu/libxcb-sync.so.1.0.0
7f5786b05000-7f5786b07000 r-xp 00000000 fc:01 19273228                   /usr/lib/x86_64-linux-gnu/libxcb-present.so.0.0.0
7f5786b07000-7f5786d06000 ---p 00002000 fc:01 19273228                   /usr/lib/x86_64-linux-gnu/libxcb-present.so.0.0.0
7f5786d06000-7f5786d07000 r--p 00001000 fc:01 19273228                   /usr/lib/x86_64-linux-gnu/libxcb-present.so.0.0.0
7f5786d07000-7f5786d08000 rw-p 00002000 fc:01 19273228                   /usr/lib/x86_64-linux-gnu/libxcb-present.so.0.0.0
7f5786d08000-7f5786d0a000 r-xp 00000000 fc:01 19273224                   /usr/lib/x86_64-linux-gnu/libxcb-dri3.so.0.0.0
7f5786d0a000-7f5786f09000 ---p 00002000 fc:01 19273224                   /usr/lib/x86_64-linux-gnu/libxcb-dri3.so.0.0.0
7f5786f09000-7f5786f0a000 r--p 00001000 fc:01 19273224                   /usr/lib/x86_64-linux-gnu/libxcb-dri3.so.0.0.0
7f5786f0a000-7f5786f0b000 rw-p 00002000 fc:01 19273224                   /usr/lib/x86_64-linux-gnu/libxcb-dri3.so.0.0.0
7f5786f0b000-7f5786f0f000 r-xp 00000000 fc:01 19273220                   /usr/lib/x86_64-linux-gnu/libxcb-dri2.so.0.0.0
7f5786f0f000-7f578710e000 ---p 00004000 fc:01 19273220                   /usr/lib/x86_64-linux-gnu/libxcb-dri2.so.0.0.0
7f578710e000-7f578710f000 r--p 00003000 fc:01 19273220                   /usr/lib/x86_64-linux-gnu/libxcb-dri2.so.0.0.0
7f578710f000-7f5787110000 rw-p 00004000 fc:01 19273220                   /usr/lib/x86_64-linux-gnu/libxcb-dri2.so.0.0.0
7f5787110000-7f5787127000 r-xp 00000000 fc:01 19273216                   /usr/lib/x86_64-linux-gnu/libxcb-glx.so.0.0.0
7f5787127000-7f5787326000 ---p 00017000 fc:01 19273216                   /usr/lib/x86_64-linux-gnu/libxcb-glx.so.0.0.0
7f5787326000-7f5787328000 r--p 00016000 fc:01 19273216                   /usr/lib/x86_64-linux-gnu/libxcb-glx.so.0.0.0
7f5787328000-7f5787329000 rw-p 00018000 fc:01 19273216                   /usr/lib/x86_64-linux-gnu/libxcb-glx.so.0.0.0
7f5787329000-7f578732a000 r-xp 00000000 fc:01 19273258                   /usr/lib/x86_64-linux-gnu/libX11-xcb.so.1.0.0
7f578732a000-7f5787529000 ---p 00001000 fc:01 19273258                   /usr/lib/x86_64-linux-gnu/libX11-xcb.so.1.0.0
7f5787529000-7f578752a000 r--p 00000000 fc:01 19273258                   /usr/lib/x86_64-linux-gnu/libX11-xcb.so.1.0.0
7f578752a000-7f578752b000 rw-p 00001000 fc:01 19273258                   /usr/lib/x86_64-linux-gnu/libX11-xcb.so.1.0.0
7f578752b000-7f5787554000 r-xp 00000000 fc:01 19268762                   /usr/lib/x86_64-linux-gnu/libglapi.so.0.0.0
7f5787554000-7f5787753000 ---p 00029000 fc:01 19268762                   /usr/lib/x86_64-linux-gnu/libglapi.so.0.0.0
7f5787753000-7f5787757000 r--p 00028000 fc:01 19268762                   /usr/lib/x86_64-linux-gnu/libglapi.so.0.0.0
7f5787757000-7f5787758000 rw-p 0002c000 fc:01 19268762                   /usr/lib/x86_64-linux-gnu/libglapi.so.0.0.0
7f5787758000-7f5787759000 rw-p 00000000 00:00 0 
7f5787759000-7f57877c5000 r-xp 00000000 fc:01 15467150                   /lib/x86_64-linux-gnu/libpcre.so.3.13.1
7f57877c5000-7f57879c4000 ---p 0006c000 fc:01 15467150                   /lib/x86_64-linux-gnu/libpcre.so.3.13.1
7f57879c4000-7f57879c5000 r--p 0006b000 fc:01 15467150                   /lib/x86_64-linux-gnu/libpcre.so.3.13.1
7f57879c5000-7f57879c6000 rw-p 0006c000 fc:01 15467150                   /lib/x86_64-linux-gnu/libpcre.so.3.13.1
7f57879c6000-7f57879cd000 r-xp 00000000 fc:01 19272621                   /usr/lib/x86_64-linux-gnu/libffi.so.6.0.4
7f57879cd000-7f5787bcc000 ---p 00007000 fc:01 19272621                   /usr/lib/x86_64-linux-gnu/libffi.so.6.0.4
7f5787bcc000-7f5787bcd000 r--p 00006000 fc:01 19272621                   /usr/lib/x86_64-linux-gnu/libffi.so.6.0.4
7f5787bcd000-7f5787bce000 rw-p 00007000 fc:01 19272621                   /usr/lib/x86_64-linux-gnu/libffi.so.6.0.4
7f5787bce000-7f5787bf4000 r-xp 00000000 fc:01 15470674                   /lib/x86_64-linux-gnu/libexpat.so.1.6.0
7f5787bf4000-7f5787df4000 ---p 00026000 fc:01 15470674                   /lib/x86_64-linux-gnu/libexpat.so.1.6.0
7f5787df4000-7f5787df6000 r--p 00026000 fc:01 15470674                   /lib/x86_64-linux-gnu/libexpat.so.1.6.0
7f5787df6000-7f5787df7000 rw-p 00028000 fc:01 15470674                   /lib/x86_64-linux-gnu/libexpat.so.1.6.0
7f5787df7000-7f5787dff000 r-xp 00000000 fc:01 19272212                   /usr/lib/x86_64-linux-gnu/libthai.so.0.2.2
7f5787dff000-7f5787ffe000 ---p 00008000 fc:01 19272212                   /usr/lib/x86_64-linux-gnu/libthai.so.0.2.2
7f5787ffe000-7f5787fff000 r--p 00007000 fc:01 19272212                   /usr/lib/x86_64-linux-gnu/libthai.so.0.2.2
7f5787fff000-7f5788000000 rw-p 00008000 fc:01 19272212                   /usr/lib/x86_64-linux-gnu/libthai.so.0.2.2
7f5788000000-7f57896e4000 rw-p 00000000 00:00 0 
7f57896e4000-7f578c000000 ---p 00000000 00:00 0 
7f578c016000-7f578c019000 ---p 00000000 00:00 0 
7f578c019000-7f578c117000 rw-p 00000000 00:00 0                          [stack:4988]
7f578c117000-7f578c137000 r-xp 00000000 fc:01 19273193                   /usr/lib/x86_64-linux-gnu/libxcb.so.1.1.0
7f578c137000-7f578c336000 ---p 00020000 fc:01 19273193                   /usr/lib/x86_64-linux-gnu/libxcb.so.1.1.0
7f578c336000-7f578c337000 r--p 0001f000 fc:01 19273193                   /usr/lib/x86_64-linux-gnu/libxcb.so.1.1.0
7f578c337000-7f578c338000 rw-p 00020000 fc:01 19273193                   /usr/lib/x86_64-linux-gnu/libxcb.so.1.1.0
7f578c338000-7f578c340000 r-xp 00000000 fc:01 19273236                   /usr/lib/x86_64-linux-gnu/libxcb-render.so.0.0.0
7f578c340000-7f578c540000 ---p 00008000 fc:01 19273236                   /usr/lib/x86_64-linux-gnu/libxcb-render.so.0.0.0
7f578c540000-7f578c541000 r--p 00008000 fc:01 19273236                   /usr/lib/x86_64-linux-gnu/libxcb-render.so.0.0.0
7f578c541000-7f578c542000 rw-p 00009000 fc:01 19273236                   /usr/lib/x86_64-linux-gnu/libxcb-render.so.0.0.0
7f578c542000-7f578c544000 r-xp 00000000 fc:01 19271485                   /usr/lib/x86_64-linux-gnu/libxcb-shm.so.0.0.0
7f578c544000-7f578c744000 ---p 00002000 fc:01 19271485                   /usr/lib/x86_64-linux-gnu/libxcb-shm.so.0.0.0
7f578c744000-7f578c745000 r--p 00002000 fc:01 19271485                   /usr/lib/x86_64-linux-gnu/libxcb-shm.so.0.0.0
7f578c745000-7f578c746000 rw-p 00003000 fc:01 19271485                   /usr/lib/x86_64-linux-gnu/libxcb-shm.so.0.0.0
7f578c746000-7f578c76b000 r-xp 00000000 fc:01 15467160                   /lib/x86_64-linux-gnu/libpng12.so.0.51.0
7f578c76b000-7f578c96a000 ---p 00025000 fc:01 15467160                   /lib/x86_64-linux-gnu/libpng12.so.0.51.0
7f578c96a000-7f578c96b000 r--p 00024000 fc:01 15467160                   /lib/x86_64-linux-gnu/libpng12.so.0.51.0
7f578c96b000-7f578c96c000 rw-p 00025000 fc:01 15467160                   /lib/x86_64-linux-gnu/libpng12.so.0.51.0
7f578c96c000-7f578ca11000 r-xp 00000000 fc:01 19277030                   /usr/lib/x86_64-linux-gnu/libpixman-1.so.0.32.6
7f578ca11000-7f578cc10000 ---p 000a5000 fc:01 19277030                   /usr/lib/x86_64-linux-gnu/libpixman-1.so.0.32.6
7f578cc10000-7f578cc18000 r--p 000a4000 fc:01 19277030                   /usr/lib/x86_64-linux-gnu/libpixman-1.so.0.32.6
7f578cc18000-7f578cc19000 rw-p 000ac000 fc:01 19277030                   /usr/lib/x86_64-linux-gnu/libpixman-1.so.0.32.6
7f578cc19000-7f578cc75000 r-xp 00000000 fc:01 19271231                   /usr/lib/x86_64-linux-gnu/libharfbuzz.so.0.10000.1
7f578cc75000-7f578ce75000 ---p 0005c000 fc:01 19271231                   /usr/lib/x86_64-linux-gnu/libharfbuzz.so.0.10000.1
7f578ce75000-7f578ce76000 r--p 0005c000 fc:01 19271231                   /usr/lib/x86_64-linux-gnu/libharfbuzz.so.0.10000.1
7f578ce76000-7f578ce77000 rw-p 0005d000 fc:01 19271231                   /usr/lib/x86_64-linux-gnu/libharfbuzz.so.0.10000.1
7f578ce77000-7f578ce8e000 r-xp 00000000 fc:01 15470827                   /lib/x86_64-linux-gnu/libresolv-2.21.so
7f578ce8e000-7f578d08e000 ---p 00017000 fc:01 15470827                   /lib/x86_64-linux-gnu/libresolv-2.21.so
7f578d08e000-7f578d090000 r--p 00017000 fc:01 15470827                   /lib/x86_64-linux-gnu/libresolv-2.21.so
7f578d090000-7f578d091000 rw-p 00019000 fc:01 15470827                   /lib/x86_64-linux-gnu/libresolv-2.21.so
7f578d091000-7f578d093000 rw-p 00000000 00:00 0 
7f578d093000-7f578d0b4000 r-xp 00000000 fc:01 15470579                   /lib/x86_64-linux-gnu/libselinux.so.1
7f578d0b4000-7f578d2b3000 ---p 00021000 fc:01 15470579                   /lib/x86_64-linux-gnu/libselinux.so.1
7f578d2b3000-7f578d2b4000 r--p 00020000 fc:01 15470579                   /lib/x86_64-linux-gnu/libselinux.so.1
7f578d2b4000-7f578d2b5000 rw-p 00021000 fc:01 15470579                   /lib/x86_64-linux-gnu/libselinux.so.1
7f578d2b5000-7f578d2b7000 rw-p 00000000 00:00 0 
7f578d2b7000-7f578d2d0000 r-xp 00000000 fc:01 15466538                   /lib/x86_64-linux-gnu/libz.so.1.2.8
7f578d2d0000-7f578d4cf000 ---p 00019000 fc:01 15466538                   /lib/x86_64-linux-gnu/libz.so.1.2.8
7f578d4cf000-7f578d4d0000 r--p 00018000 fc:01 15466538                   /lib/x86_64-linux-gnu/libz.so.1.2.8
7f578d4d0000-7f578d4d1000 rw-p 00019000 fc:01 15466538                   /lib/x86_64-linux-gnu/libz.so.1.2.8
7f578d4d1000-7f578d4e2000 r-xp 00000000 fc:01 19276239                   /usr/lib/x86_64-linux-gnu/libXext.so.6.4.0
7f578d4e2000-7f578d6e1000 ---p 00011000 fc:01 19276239                   /usr/lib/x86_64-linux-gnu/libXext.so.6.4.0
7f578d6e1000-7f578d6e2000 r--p 00010000 fc:01 19276239                   /usr/lib/x86_64-linux-gnu/libXext.so.6.4.0
7f578d6e2000-7f578d6e3000 rw-p 00011000 fc:01 19276239                   /usr/lib/x86_64-linux-gnu/libXext.so.6.4.0
7f578d6e3000-7f578d6e5000 r-xp 00000000 fc:01 19276235                   /usr/lib/x86_64-linux-gnu/libXdamage.so.1.1.0
7f578d6e5000-7f578d8e4000 ---p 00002000 fc:01 19276235                   /usr/lib/x86_64-linux-gnu/libXdamage.so.1.1.0
7f578d8e4000-7f578d8e5000 r--p 00001000 fc:01 19276235                   /usr/lib/x86_64-linux-gnu/libXdamage.so.1.1.0
7f578d8e5000-7f578d8e6000 rw-p 00002000 fc:01 19276235                   /usr/lib/x86_64-linux-gnu/libXdamage.so.1.1.0
7f578d8e6000-7f578d8e8000 r-xp 00000000 fc:01 19276231                   /usr/lib/x86_64-linux-gnu/libXcomposite.so.1.0.0
7f578d8e8000-7f578dae7000 ---p 00002000 fc:01 19276231                   /usr/lib/x86_64-linux-gnu/libXcomposite.so.1.0.0
7f578dae7000-7f578dae8000 r--p 00001000 fc:01 19276231                   /usr/lib/x86_64-linux-gnu/libXcomposite.so.1.0.0
7f578dae8000-7f578dae9000 rw-p 00002000 fc:01 19276231                   /usr/lib/x86_64-linux-gnu/libXcomposite.so.1.0.0
7f578dae9000-7f578daf2000 r-xp 00000000 fc:01 19276233                   /usr/lib/x86_64-linux-gnu/libXcursor.so.1.0.2
7f578daf2000-7f578dcf1000 ---p 00009000 fc:01 19276233                   /usr/lib/x86_64-linux-gnu/libXcursor.so.1.0.2
7f578dcf1000-7f578dcf2000 r--p 00008000 fc:01 19276233                   /usr/lib/x86_64-linux-gnu/libXcursor.so.1.0.2
7f578dcf2000-7f578dcf3000 rw-p 00009000 fc:01 19276233                   /usr/lib/x86_64-linux-gnu/libXcursor.so.1.0.2
7f578dcf3000-7f578dcfd000 r-xp 00000000 fc:01 19268106                   /usr/lib/x86_64-linux-gnu/libXrandr.so.2.2.0
7f578dcfd000-7f578defc000 ---p 0000a000 fc:01 19268106                   /usr/lib/x86_64-linux-gnu/libXrandr.so.2.2.0
7f578defc000-7f578defd000 r--p 00009000 fc:01 19268106                   /usr/lib/x86_64-linux-gnu/libXrandr.so.2.2.0
7f578defd000-7f578defe000 rw-p 0000a000 fc:01 19268106                   /usr/lib/x86_64-linux-gnu/libXrandr.so.2.2.0
7f578defe000-7f578df0d000 r-xp 00000000 fc:01 19276247                   /usr/lib/x86_64-linux-gnu/libXi.so.6.1.0
7f578df0d000-7f578e10c000 ---p 0000f000 fc:01 19276247                   /usr/lib/x86_64-linux-gnu/libXi.so.6.1.0
7f578e10c000-7f578e10d000 r--p 0000e000 fc:01 19276247                   /usr/lib/x86_64-linux-gnu/libXi.so.6.1.0
7f578e10d000-7f578e10e000 rw-p 0000f000 fc:01 19276247                   /usr/lib/x86_64-linux-gnu/libXi.so.6.1.0
7f578e10e000-7f578e110000 r-xp 00000000 fc:01 19276249                   /usr/lib/x86_64-linux-gnu/libXinerama.so.1.0.0
7f578e110000-7f578e30f000 ---p 00002000 fc:01 19276249                   /usr/lib/x86_64-linux-gnu/libXinerama.so.1.0.0
7f578e30f000-7f578e310000 r--p 00001000 fc:01 19276249                   /usr/lib/x86_64-linux-gnu/libXinerama.so.1.0.0
7f578e310000-7f578e311000 rw-p 00002000 fc:01 19276249                   /usr/lib/x86_64-linux-gnu/libXinerama.so.1.0.0
7f578e311000-7f578e31a000 r-xp 00000000 fc:01 19268785                   /usr/lib/x86_64-linux-gnu/libXrender.so.1.3.0
7f578e31a000-7f578e519000 ---p 00009000 fc:01 19268785                   /usr/lib/x86_64-linux-gnu/libXrender.so.1.3.0
7f578e519000-7f578e51a000 r--p 00008000 fc:01 19268785                   /usr/lib/x86_64-linux-gnu/libXrender.so.1.3.0
7f578e51a000-7f578e51b000 rw-p 00009000 fc:01 19268785                   /usr/lib/x86_64-linux-gnu/libXrender.so.1.3.0
7f578e51b000-7f578e520000 r-xp 00000000 fc:01 19276241                   /usr/lib/x86_64-linux-gnu/libXfixes.so.3.1.0
7f578e520000-7f578e71f000 ---p 00005000 fc:01 19276241                   /usr/lib/x86_64-linux-gnu/libXfixes.so.3.1.0
7f578e71f000-7f578e720000 r--p 00004000 fc:01 19276241                   /usr/lib/x86_64-linux-gnu/libXfixes.so.3.1.0
7f578e720000-7f578e721000 rw-p 00005000 fc:01 19276241                   /usr/lib/x86_64-linux-gnu/libXfixes.so.3.1.0
7f578e721000-7f578e737000 r-xp 00000000 fc:01 15466617                   /lib/x86_64-linux-gnu/libgcc_s.so.1
7f578e737000-7f578e936000 ---p 00016000 fc:01 15466617                   /lib/x86_64-linux-gnu/libgcc_s.so.1
7f578e936000-7f578e937000 r--p 00015000 fc:01 15466617                   /lib/x86_64-linux-gnu/libgcc_s.so.1
7f578e937000-7f578e938000 rw-p 00016000 fc:01 15466617                   /lib/x86_64-linux-gnu/libgcc_s.so.1
7f578e938000-7f578eaab000 r-xp 00000000 fc:01 19267617                   /usr/lib/x86_64-linux-gnu/libstdc++.so.6.0.21
7f578eaab000-7f578ecaa000 ---p 00173000 fc:01 19267617                   /usr/lib/x86_64-linux-gnu/libstdc++.so.6.0.21
7f578ecaa000-7f578ecb4000 r--p 00172000 fc:01 19267617                   /usr/lib/x86_64-linux-gnu/libstdc++.so.6.0.21
7f578ecb4000-7f578ecb6000 rw-p 0017c000 fc:01 19267617                   /usr/lib/x86_64-linux-gnu/libstdc++.so.6.0.21
7f578ecb6000-7f578ecba000 rw-p 00000000 00:00 0 
7f578ecba000-7f578ed4e000 r-xp 00000000 fc:01 19530287                   /usr/lib/x86_64-linux-gnu/mesa/libGL.so.1.2.0
7f578ed4e000-7f578ef4d000 ---p 00094000 fc:01 19530287                   /usr/lib/x86_64-linux-gnu/mesa/libGL.so.1.2.0
7f578ef4d000-7f578ef50000 r--p 00093000 fc:01 19530287                   /usr/lib/x86_64-linux-gnu/mesa/libGL.so.1.2.0
7f578ef50000-7f578ef51000 rw-p 00096000 fc:01 19530287                   /usr/lib/x86_64-linux-gnu/mesa/libGL.so.1.2.0
7f578ef51000-7f578ef52000 rw-p 00000000 00:00 0 
7f578ef52000-7f578ef57000 r-xp 00000000 fc:01 19273212                   /usr/lib/x86_64-linux-gnu/libXxf86vm.so.1.0.0
7f578ef57000-7f578f156000 ---p 00005000 fc:01 19273212                   /usr/lib/x86_64-linux-gnu/libXxf86vm.so.1.0.0
7f578f156000-7f578f157000 r--p 00004000 fc:01 19273212                   /usr/lib/x86_64-linux-gnu/libXxf86vm.so.1.0.0
7f578f157000-7f578f158000 rw-p 00005000 fc:01 19273212                   /usr/lib/x86_64-linux-gnu/libXxf86vm.so.1.0.0
7f578f158000-7f578f28d000 r-xp 00000000 fc:01 19273208                   /usr/lib/x86_64-linux-gnu/libX11.so.6.3.0
7f578f28d000-7f578f48d000 ---p 00135000 fc:01 19273208                   /usr/lib/x86_64-linux-gnu/libX11.so.6.3.0
7f578f48d000-7f578f48e000 r--p 00135000 fc:01 19273208                   /usr/lib/x86_64-linux-gnu/libX11.so.6.3.0
7f578f48e000-7f578f492000 rw-p 00136000 fc:01 19273208                   /usr/lib/x86_64-linux-gnu/libX11.so.6.3.0
7f578f492000-7f578f497000 r-xp 00000000 fc:01 19276267                   /usr/lib/x86_64-linux-gnu/libXtst.so.6.1.0
7f578f497000-7f578f696000 ---p 00005000 fc:01 19276267                   /usr/lib/x86_64-linux-gnu/libXtst.so.6.1.0
7f578f696000-7f578f697000 r--p 00004000 fc:01 19276267                   /usr/lib/x86_64-linux-gnu/libXtst.so.6.1.0
7f578f697000-7f578f698000 rw-p 00005000 fc:01 19276267                   /usr/lib/x86_64-linux-gnu/libXtst.so.6.1.0
7f578f698000-7f578f7a5000 r-xp 00000000 fc:01 15470756                   /lib/x86_64-linux-gnu/libglib-2.0.so.0.4600.1
7f578f7a5000-7f578f9a4000 ---p 0010d000 fc:01 15470756                   /lib/x86_64-linux-gnu/libglib-2.0.so.0.4600.1
7f578f9a4000-7f578f9a5000 r--p 0010c000 fc:01 15470756                   /lib/x86_64-linux-gnu/libglib-2.0.so.0.4600.1
7f578f9a5000-7f578f9a6000 rw-p 0010d000 fc:01 15470756                   /lib/x86_64-linux-gnu/libglib-2.0.so.0.4600.1
7f578f9a6000-7f578f9a7000 rw-p 00000000 00:00 0 
7f578f9a7000-7f578f9a8000 r-xp 00000000 fc:01 19270775                   /usr/lib/x86_64-linux-gnu/libgthread-2.0.so.0.4600.1
7f578f9a8000-7f578fba7000 ---p 00001000 fc:01 19270775                   /usr/lib/x86_64-linux-gnu/libgthread-2.0.so.0.4600.1
7f578fba7000-7f578fba8000 r--p 00000000 fc:01 19270775                   /usr/lib/x86_64-linux-gnu/libgthread-2.0.so.0.4600.1
7f578fba8000-7f578fba9000 rw-p 00001000 fc:01 19270775                   /usr/lib/x86_64-linux-gnu/libgthread-2.0.so.0.4600.1
7f578fba9000-7f578fbac000 r-xp 00000000 fc:01 19270778                   /usr/lib/x86_64-linux-gnu/libgmodule-2.0.so.0.4600.1
7f578fbac000-7f578fdab000 ---p 00003000 fc:01 19270778                   /usr/lib/x86_64-linux-gnu/libgmodule-2.0.so.0.4600.1
7f578fdab000-7f578fdac000 r--p 00002000 fc:01 19270778                   /usr/lib/x86_64-linux-gnu/libgmodule-2.0.so.0.4600.1
7f578fdac000-7f578fdad000 rw-p 00003000 fc:01 19270778                   /usr/lib/x86_64-linux-gnu/libgmodule-2.0.so.0.4600.1
7f578fdad000-7f578fdff000 r-xp 00000000 fc:01 19270776                   /usr/lib/x86_64-linux-gnu/libgobject-2.0.so.0.4600.1
7f578fdff000-7f578fffe000 ---p 00052000 fc:01 19270776                   /usr/lib/x86_64-linux-gnu/libgobject-2.0.so.0.4600.1
7f578fffe000-7f578ffff000 r--p 00051000 fc:01 19270776                   /usr/lib/x86_64-linux-gnu/libgobject-2.0.so.0.4600.1
7f578ffff000-7f5790000000 rw-p 00052000 fc:01 19270776                   /usr/lib/x86_64-linux-gnu/libgobject-2.0.so.0.4600.1
7f5790000000-7f5790021000 rw-p 00000000 00:00 0 
7f5790021000-7f5794000000 ---p 00000000 00:00 0 
7f5794000000-7f579409b000 rw-p 00000000 00:00 0 
7f579409b000-7f5798000000 ---p 00000000 00:00 0 
7f5798000000-7f5798021000 rw-p 00000000 00:00 0 
7f5798021000-7f579c000000 ---p 00000000 00:00 0 
7f579c000000-7f579c021000 rw-p 00000000 00:00 0 
7f579c021000-7f57a0000000 ---p 00000000 00:00 0 
7f57a0000000-7f57a0286000 rw-p 00000000 00:00 0 
7f57a0286000-7f57a4000000 ---p 00000000 00:00 0 
7f57a4000000-7f57a4254000 rw-p 00000000 00:00 0 
7f57a4254000-7f57a8000000 ---p 00000000 00:00 0 
7f57a8000000-7f57a8021000 rw-p 00000000 00:00 0 
7f57a8021000-7f57ac000000 ---p 00000000 00:00 0 
7f57ac000000-7f57ac2db000 rw-p 00000000 00:00 0 
7f57ac2db000-7f57b0000000 ---p 00000000 00:00 0 
7f57b0000000-7f57b0021000 rw-p 00000000 00:00 0 
7f57b0021000-7f57b4000000 ---p 00000000 00:00 0 
7f57b4000000-7f57b4021000 rw-p 00000000 00:00 0 
7f57b4021000-7f57b8000000 ---p 00000000 00:00 0 
7f57b8000000-7f57b8021000 rw-p 00000000 00:00 0 
7f57b8021000-7f57bc000000 ---p 00000000 00:00 0 
7f57bc007000-7f57bc00b000 r--s 00095000 fc:01 22943406                   /usr/java/jdk1.8.0_66/jre/lib/jsse.jar
7f57bc00b000-7f57bc00e000 ---p 00000000 00:00 0 
7f57bc00e000-7f57bc10c000 rw-p 00000000 00:00 0                          [stack:4987]
7f57bc10c000-7f57bc129000 r-xp 00000000 fc:01 15467155                   /lib/x86_64-linux-gnu/libudev.so.1.6.4
7f57bc129000-7f57bc12a000 r--p 0001c000 fc:01 15467155                   /lib/x86_64-linux-gnu/libudev.so.1.6.4
7f57bc12a000-7f57bc12b000 rw-p 0001d000 fc:01 15467155                   /lib/x86_64-linux-gnu/libudev.so.1.6.4
7f57bc12b000-7f57bc167000 r-xp 00000000 fc:01 19276520                   /usr/lib/x86_64-linux-gnu/libfontconfig.so.1.8.0
7f57bc167000-7f57bc366000 ---p 0003c000 fc:01 19276520                   /usr/lib/x86_64-linux-gnu/libfontconfig.so.1.8.0
7f57bc366000-7f57bc368000 r--p 0003b000 fc:01 19276520                   /usr/lib/x86_64-linux-gnu/libfontconfig.so.1.8.0
7f57bc368000-7f57bc369000 rw-p 0003d000 fc:01 19276520                   /usr/lib/x86_64-linux-gnu/libfontconfig.so.1.8.0
7f57bc369000-7f57bc409000 r-xp 00000000 fc:01 19271881                   /usr/lib/x86_64-linux-gnu/libfreetype.so.6.11.1
7f57bc409000-7f57bc608000 ---p 000a0000 fc:01 19271881                   /usr/lib/x86_64-linux-gnu/libfreetype.so.6.11.1
7f57bc608000-7f57bc60e000 r--p 0009f000 fc:01 19271881                   /usr/lib/x86_64-linux-gnu/libfreetype.so.6.11.1
7f57bc60e000-7f57bc60f000 rw-p 000a5000 fc:01 19271881                   /usr/lib/x86_64-linux-gnu/libfreetype.so.6.11.1
7f57bc60f000-7f57bc65a000 r-xp 00000000 fc:01 19277001                   /usr/lib/x86_64-linux-gnu/libpango-1.0.so.0.3600.8
7f57bc65a000-7f57bc85a000 ---p 0004b000 fc:01 19277001                   /usr/lib/x86_64-linux-gnu/libpango-1.0.so.0.3600.8
7f57bc85a000-7f57bc85c000 r--p 0004b000 fc:01 19277001                   /usr/lib/x86_64-linux-gnu/libpango-1.0.so.0.3600.8
7f57bc85c000-7f57bc85d000 rw-p 0004d000 fc:01 19277001                   /usr/lib/x86_64-linux-gnu/libpango-1.0.so.0.3600.8
7f57bc85d000-7f57bc96b000 r-xp 00000000 fc:01 19274994                   /usr/lib/x86_64-linux-gnu/libcairo.so.2.11400.2
7f57bc96b000-7f57bcb6a000 ---p 0010e000 fc:01 19274994                   /usr/lib/x86_64-linux-gnu/libcairo.so.2.11400.2
7f57bcb6a000-7f57bcb6d000 r--p 0010d000 fc:01 19274994                   /usr/lib/x86_64-linux-gnu/libcairo.so.2.11400.2
7f57bcb6d000-7f57bcb6e000 rw-p 00110000 fc:01 19274994                   /usr/lib/x86_64-linux-gnu/libcairo.so.2.11400.2
7f57bcb6e000-7f57bcb70000 rw-p 00000000 00:00 0 
7f57bcb70000-7f57bcb7c000 r-xp 00000000 fc:01 19277003                   /usr/lib/x86_64-linux-gnu/libpangocairo-1.0.so.0.3600.8
7f57bcb7c000-7f57bcd7b000 ---p 0000c000 fc:01 19277003                   /usr/lib/x86_64-linux-gnu/libpangocairo-1.0.so.0.3600.8
7f57bcd7b000-7f57bcd7c000 r--p 0000b000 fc:01 19277003                   /usr/lib/x86_64-linux-gnu/libpangocairo-1.0.so.0.3600.8
7f57bcd7c000-7f57bcd7d000 rw-p 0000c000 fc:01 19277003                   /usr/lib/x86_64-linux-gnu/libpangocairo-1.0.so.0.3600.8
7f57bcd7d000-7f57bcd9e000 r-xp 00000000 fc:01 19268178                   /usr/lib/x86_64-linux-gnu/libgdk_pixbuf-2.0.so.0.3200.1
7f57bcd9e000-7f57bcf9d000 ---p 00021000 fc:01 19268178                   /usr/lib/x86_64-linux-gnu/libgdk_pixbuf-2.0.so.0.3200.1
7f57bcf9d000-7f57bcf9e000 r--p 00020000 fc:01 19268178                   /usr/lib/x86_64-linux-gnu/libgdk_pixbuf-2.0.so.0.3200.1
7f57bcf9e000-7f57bcf9f000 rw-p 00021000 fc:01 19268178                   /usr/lib/x86_64-linux-gnu/libgdk_pixbuf-2.0.so.0.3200.1
7f57bcf9f000-7f57bcfb3000 r-xp 00000000 fc:01 19277005                   /usr/lib/x86_64-linux-gnu/libpangoft2-1.0.so.0.3600.8
7f57bcfb3000-7f57bd1b3000 ---p 00014000 fc:01 19277005                   /usr/lib/x86_64-linux-gnu/libpangoft2-1.0.so.0.3600.8
7f57bd1b3000-7f57bd1b4000 r--p 00014000 fc:01 19277005                   /usr/lib/x86_64-linux-gnu/libpangoft2-1.0.so.0.3600.8
7f57bd1b4000-7f57bd1b5000 rw-p 00015000 fc:01 19277005                   /usr/lib/x86_64-linux-gnu/libpangoft2-1.0.so.0.3600.8
7f57bd1b5000-7f57bd32f000 r-xp 00000000 fc:01 19270777                   /usr/lib/x86_64-linux-gnu/libgio-2.0.so.0.4600.1
7f57bd32f000-7f57bd52e000 ---p 0017a000 fc:01 19270777                   /usr/lib/x86_64-linux-gnu/libgio-2.0.so.0.4600.1
7f57bd52e000-7f57bd532000 r--p 00179000 fc:01 19270777                   /usr/lib/x86_64-linux-gnu/libgio-2.0.so.0.4600.1
7f57bd532000-7f57bd534000 rw-p 0017d000 fc:01 19270777                   /usr/lib/x86_64-linux-gnu/libgio-2.0.so.0.4600.1
7f57bd534000-7f57bd536000 rw-p 00000000 00:00 0 
7f57bd536000-7f57bd558000 r-xp 00000000 fc:01 19270468                   /usr/lib/x86_64-linux-gnu/libatk-1.0.so.0.21609.1
7f57bd558000-7f57bd757000 ---p 00022000 fc:01 19270468                   /usr/lib/x86_64-linux-gnu/libatk-1.0.so.0.21609.1
7f57bd757000-7f57bd75a000 r--p 00021000 fc:01 19270468                   /usr/lib/x86_64-linux-gnu/libatk-1.0.so.0.21609.1
7f57bd75a000-7f57bd75b000 rw-p 00024000 fc:01 19270468                   /usr/lib/x86_64-linux-gnu/libatk-1.0.so.0.21609.1
7f57bd75b000-7f57bd80b000 r-xp 00000000 fc:01 19276129                   /usr/lib/x86_64-linux-gnu/libgdk-x11-2.0.so.0.2400.28
7f57bd80b000-7f57bda0a000 ---p 000b0000 fc:01 19276129                   /usr/lib/x86_64-linux-gnu/libgdk-x11-2.0.so.0.2400.28
7f57bda0a000-7f57bda0e000 r--p 000af000 fc:01 19276129                   /usr/lib/x86_64-linux-gnu/libgdk-x11-2.0.so.0.2400.28
7f57bda0e000-7f57bda10000 rw-p 000b3000 fc:01 19276129                   /usr/lib/x86_64-linux-gnu/libgdk-x11-2.0.so.0.2400.28
7f57bda10000-7f57bde4e000 r-xp 00000000 fc:01 19268069                   /usr/lib/x86_64-linux-gnu/libgtk-x11-2.0.so.0.2400.28
7f57bde4e000-7f57be04e000 ---p 0043e000 fc:01 19268069                   /usr/lib/x86_64-linux-gnu/libgtk-x11-2.0.so.0.2400.28
7f57be04e000-7f57be055000 r--p 0043e000 fc:01 19268069                   /usr/lib/x86_64-linux-gnu/libgtk-x11-2.0.so.0.2400.28
7f57be055000-7f57be059000 rw-p 00445000 fc:01 19268069                   /usr/lib/x86_64-linux-gnu/libgtk-x11-2.0.so.0.2400.28
7f57be059000-7f57be05c000 rw-p 00000000 00:00 0 
7f57be05e000-7f57be068000 r--s 00116000 fc:01 23598176                   /usr/java/jdk1.8.0_66/jre/lib/ext/localedata.jar
7f57be068000-7f57be070000 rw-s 00000000 00:05 854334                     /drm mm object (deleted)
7f57be070000-7f57be078000 rw-s 00000000 00:05 854326                     /drm mm object (deleted)
7f57be078000-7f57be080000 rw-s 00000000 00:05 857102                     /drm mm object (deleted)
7f57be080000-7f57be081000 rw-s 00000000 00:05 857100                     /drm mm object (deleted)
7f57be081000-7f57be082000 rw-s 105e7e000 00:06 361                       /dev/dri/card0
7f57be082000-7f57be08a000 rw-s 00000000 00:05 857098                     /drm mm object (deleted)
7f57be08a000-7f57be096000 r-xp 00000000 fc:01 24119367                   /usr/java/jdk1.8.0_66/jre/lib/amd64/libprism_es2.so
7f57be096000-7f57be295000 ---p 0000c000 fc:01 24119367                   /usr/java/jdk1.8.0_66/jre/lib/amd64/libprism_es2.so
7f57be295000-7f57be296000 rw-p 0000b000 fc:01 24119367                   /usr/java/jdk1.8.0_66/jre/lib/amd64/libprism_es2.so
7f57be296000-7f57be299000 ---p 00000000 00:00 0 
7f57be299000-7f57be397000 rw-p 00000000 00:00 0                          [stack:4985]
7f57be397000-7f57be39a000 ---p 00000000 00:00 0 
7f57be39a000-7f57be498000 rw-p 00000000 00:00 0                          [stack:4984]
7f57be498000-7f57be52d000 r--s 01108000 fc:01 23598170                   /usr/java/jdk1.8.0_66/jre/lib/ext/jfxrt.jar
7f57be52d000-7f57be82e000 rw-p 00000000 00:00 0 
7f57be82e000-7f57be844000 r-xp 00000000 fc:01 24119363                   /usr/java/jdk1.8.0_66/jre/lib/amd64/libnet.so
7f57be844000-7f57bea44000 ---p 00016000 fc:01 24119363                   /usr/java/jdk1.8.0_66/jre/lib/amd64/libnet.so
7f57bea44000-7f57bea45000 rw-p 00016000 fc:01 24119363                   /usr/java/jdk1.8.0_66/jre/lib/amd64/libnet.so
7f57bea45000-7f57bea48000 ---p 00000000 00:00 0 
7f57bea48000-7f57beb46000 rw-p 00000000 00:00 0                          [stack:4977]
7f57beb46000-7f57beb47000 r-xp 00000000 fc:01 1079244                    /home/franz/idea-IC-143.1184.17/bin/libbreakgen64.so
7f57beb47000-7f57bed46000 ---p 00001000 fc:01 1079244                    /home/franz/idea-IC-143.1184.17/bin/libbreakgen64.so
7f57bed46000-7f57bed47000 r--p 00000000 fc:01 1079244                    /home/franz/idea-IC-143.1184.17/bin/libbreakgen64.so
7f57bed47000-7f57bed48000 rw-p 00001000 fc:01 1079244                    /home/franz/idea-IC-143.1184.17/bin/libbreakgen64.so
7f57bed48000-7f57bed4a000 r--s 0001e000 fc:01 1078148                    /home/franz/idea-IC-143.1184.17/lib/idea_rt.jar
7f57bed4a000-7f57bed4f000 r--s 0002f000 fc:01 7079396                    /home/franz/.m2/repository/com/google/code/gson/gson/2.3.1/gson-2.3.1.jar
7f57bed4f000-7f57bed54000 r--s 0054d000 fc:01 3408274                    /home/franz/.m2/repository/org/xerial/sqlite-jdbc/3.8.11.2/sqlite-jdbc-3.8.11.2.jar
7f57bed54000-7f57bed61000 r--s 000ba000 fc:01 14813180                   /home/franz/.m2/repository/org/jaudiotagger/2.0.3/jaudiotagger-2.0.3.jar
7f57bed61000-7f57bed8c000 r--s 001fc000 fc:01 7079399                    /home/franz/.m2/repository/com/google/guava/guava/18.0/guava-18.0.jar
7f57bed8c000-7f57bed8f000 r--s 00013000 fc:01 14813177                   /home/franz/.m2/repository/net/sf/ezmorph/ezmorph/1.0.6/ezmorph-1.0.6.jar
7f57bed8f000-7f57bed94000 r--s 00040000 fc:01 14813175                   /home/franz/.m2/repository/commons-lang/commons-lang/2.5/commons-lang-2.5.jar
7f57bed94000-7f57beda2000 r--s 0007f000 fc:01 3539827                    /home/franz/.m2/repository/commons-collections/commons-collections/3.2.1/commons-collections-3.2.1.jar
7f57beda2000-7f57beda7000 r--s 00034000 fc:01 14813173                   /home/franz/.m2/repository/commons-beanutils/commons-beanutils/1.8.0/commons-beanutils-1.8.0.jar
7f57beda7000-7f57bedaa000 r--s 00024000 fc:01 14813171                   /home/franz/.m2/repository/net/sf/json-lib/json-lib/2.4/json-lib-2.4-jdk15.jar
7f57bedaa000-7f57bedac000 r--s 00006000 fc:01 14813168                   /home/franz/.m2/repository/commons-codec/commons-codec/1.2/commons-codec-1.2.jar
7f57bedac000-7f57bedae000 r--s 00008000 fc:01 3933938                    /home/franz/.m2/repository/commons-logging/commons-logging/1.0.4/commons-logging-1.0.4.jar
7f57bedae000-7f57bedb4000 r--s 00045000 fc:01 14813166                   /home/franz/.m2/repository/commons-httpclient/commons-httpclient/3.1/commons-httpclient-3.1.jar
7f57bedb4000-7f57bedbc000 r--s 0007b000 fc:01 14813164                   /home/franz/.m2/repository/com/google/protobuf/protobuf-java/2.5.0/protobuf-java-2.5.0.jar
7f57bedbc000-7f57bedc0000 r--s 00024000 fc:01 14813162                   /home/franz/.m2/repository/se/michaelthelin/spotify/spotify-web-api-java/1.5.0/spotify-web-api-java-1.5.0.jar
7f57bedc0000-7f57bedc1000 r--s 00007000 fc:01 14813158                   /home/franz/.m2/repository/org/slf4j/slf4j-api/1.7.10/slf4j-api-1.7.10.jar
7f57bedc1000-7f57bedd0000 r--s 00115000 fc:01 14813163                   /home/franz/.m2/repository/net/java/dev/jna/platform/3.5.2/platform-3.5.2.jar
7f57bedd0000-7f57bede3000 r--s 00344000 fc:01 22943405                   /usr/java/jdk1.8.0_66/jre/lib/resources.jar
7f57bede3000-7f57bede4000 ---p 00000000 00:00 0 
7f57bede4000-7f57beee4000 rw-p 00000000 00:00 0                          [stack:4973]
7f57beee4000-7f57beee7000 ---p 00000000 00:00 0 
7f57beee7000-7f57befe5000 rw-p 00000000 00:00 0                          [stack:4972]
7f57befe5000-7f57befe8000 ---p 00000000 00:00 0 
7f57befe8000-7f57bf0e6000 rw-p 00000000 00:00 0                          [stack:4971]
7f57bf0e6000-7f57bf0e9000 ---p 00000000 00:00 0 
7f57bf0e9000-7f57bf1e7000 rw-p 00000000 00:00 0                          [stack:4970]
7f57bf1e7000-7f57bf1ea000 ---p 00000000 00:00 0 
7f57bf1ea000-7f57bf2e8000 rw-p 00000000 00:00 0                          [stack:4969]
7f57bf2e8000-7f57bf2eb000 ---p 00000000 00:00 0 
7f57bf2eb000-7f57bf3e9000 rw-p 00000000 00:00 0                          [stack:4968]
7f57bf3e9000-7f57bf6f7000 r--p 00000000 fc:01 19275277                   /usr/lib/locale/locale-archive
7f57bf6f7000-7f57bf6fa000 ---p 00000000 00:00 0 
7f57bf6fa000-7f57bf7f8000 rw-p 00000000 00:00 0                          [stack:4961]
7f57bf7f8000-7f57bf7fb000 ---p 00000000 00:00 0 
7f57bf7fb000-7f57bf8f9000 rw-p 00000000 00:00 0                          [stack:4960]
7f57bf8f9000-7f57bf8fa000 ---p 00000000 00:00 0 
7f57bf8fa000-7f57c0000000 rw-p 00000000 00:00 0                          [stack:4959]
7f57c0000000-7f57c0021000 rw-p 00000000 00:00 0 
7f57c0021000-7f57c4000000 ---p 00000000 00:00 0 
7f57c4000000-7f57c4021000 rw-p 00000000 00:00 0 
7f57c4021000-7f57c8000000 ---p 00000000 00:00 0 
7f57c8000000-7f57c8021000 rw-p 00000000 00:00 0 
7f57c8021000-7f57cc000000 ---p 00000000 00:00 0 
7f57cc000000-7f57cc00c000 r--s 00057000 fc:01 14813159                   /home/franz/.m2/repository/uk/co/caprica/vlcj/3.9.0/vlcj-3.9.0.jar
7f57cc00c000-7f57d0000000 rw-p 00000000 00:00 0 
7f57d0000000-7f57d0021000 rw-p 00000000 00:00 0 
7f57d0021000-7f57d4000000 ---p 00000000 00:00 0 
7f57d4000000-7f57d4003000 r--s 000a6000 fc:01 14813160                   /home/franz/.m2/repository/net/java/dev/jna/jna/3.5.2/jna-3.5.2.jar
7f57d4003000-7f57d4016000 r--s 000d5000 fc:01 22943392                   /usr/java/jdk1.8.0_66/jre/lib/plugin.jar
7f57d4016000-7f57d4017000 r--s 00000000 fc:01 22943385                   /usr/java/jdk1.8.0_66/jre/lib/management-agent.jar
7f57d4017000-7f57d401b000 r--s 00095000 fc:01 22943406                   /usr/java/jdk1.8.0_66/jre/lib/jsse.jar
7f57d401b000-7f57d4020000 r--s 00083000 fc:01 22943378                   /usr/java/jdk1.8.0_66/jre/lib/jfr.jar
7f57d4020000-7f57d402a000 r--s 0006b000 fc:01 22943388                   /usr/java/jdk1.8.0_66/jre/lib/javaws.jar
7f57d402a000-7f57d4045000 r--s 001fd000 fc:01 22943379                   /usr/java/jdk1.8.0_66/jre/lib/deploy.jar
7f57d4045000-7f57d404b000 r--s 002f8000 fc:01 22943399                   /usr/java/jdk1.8.0_66/jre/lib/charsets.jar
7f57d404b000-7f57d45b3000 rw-p 00000000 00:00 0 
7f57d45b3000-7f57d478a000 r--s 03ce0000 fc:01 22943401                   /usr/java/jdk1.8.0_66/jre/lib/rt.jar
7f57d478a000-7f57d5000000 rw-p 00000000 00:00 0 
7f57d5000000-7f57d5310000 rwxp 00000000 00:00 0 
7f57d5310000-7f57e4000000 ---p 00000000 00:00 0 
7f57e4000000-7f57e4541000 rw-p 00000000 00:00 0 
7f57e4541000-7f57e8000000 ---p 00000000 00:00 0 
7f57e8000000-7f57e8002000 r--s 00007000 fc:01 22943414                   /usr/java/jdk1.8.0_66/jre/lib/jfxswt.jar
7f57e8002000-7f57e8410000 rw-p 00000000 00:00 0 
7f57e8410000-7f57e8411000 ---p 00000000 00:00 0 
7f57e8411000-7f57e8511000 rw-p 00000000 00:00 0                          [stack:4958]
7f57e8511000-7f57e8512000 ---p 00000000 00:00 0 
7f57e8512000-7f57e8612000 rw-p 00000000 00:00 0                          [stack:4957]
7f57e8612000-7f57e8613000 ---p 00000000 00:00 0 
7f57e8613000-7f57e8713000 rw-p 00000000 00:00 0                          [stack:4956]
7f57e8713000-7f57e8714000 ---p 00000000 00:00 0 
7f57e8714000-7f57e883c000 rw-p 00000000 00:00 0                          [stack:4955]
7f57e883c000-7f57e8a94000 ---p 00000000 00:00 0 
7f57e8a94000-7f57e8abc000 rw-p 00000000 00:00 0 
7f57e8abc000-7f57e8d13000 ---p 00000000 00:00 0 
7f57e8d13000-7f57e8d28000 rw-p 00000000 00:00 0 
7f57e8d28000-7f57e8e53000 ---p 00000000 00:00 0 
7f57e8e53000-7f57e8e61000 rw-p 00000000 00:00 0 
7f57e8e61000-7f57e9214000 ---p 00000000 00:00 0 
7f57e9214000-7f57e922e000 r-xp 00000000 fc:01 24119358                   /usr/java/jdk1.8.0_66/jre/lib/amd64/libzip.so
7f57e922e000-7f57e942e000 ---p 0001a000 fc:01 24119358                   /usr/java/jdk1.8.0_66/jre/lib/amd64/libzip.so
7f57e942e000-7f57e942f000 rw-p 0001a000 fc:01 24119358                   /usr/java/jdk1.8.0_66/jre/lib/amd64/libzip.so
7f57e942f000-7f57e943b000 r-xp 00000000 fc:01 15470774                   /lib/x86_64-linux-gnu/libnss_files-2.21.so
7f57e943b000-7f57e963a000 ---p 0000c000 fc:01 15470774                   /lib/x86_64-linux-gnu/libnss_files-2.21.so
7f57e963a000-7f57e963b000 r--p 0000b000 fc:01 15470774                   /lib/x86_64-linux-gnu/libnss_files-2.21.so
7f57e963b000-7f57e963c000 rw-p 0000c000 fc:01 15470774                   /lib/x86_64-linux-gnu/libnss_files-2.21.so
7f57e963c000-7f57e9647000 r-xp 00000000 fc:01 15470784                   /lib/x86_64-linux-gnu/libnss_nis-2.21.so
7f57e9647000-7f57e9846000 ---p 0000b000 fc:01 15470784                   /lib/x86_64-linux-gnu/libnss_nis-2.21.so
7f57e9846000-7f57e9847000 r--p 0000a000 fc:01 15470784                   /lib/x86_64-linux-gnu/libnss_nis-2.21.so
7f57e9847000-7f57e9848000 rw-p 0000b000 fc:01 15470784                   /lib/x86_64-linux-gnu/libnss_nis-2.21.so
7f57e9848000-7f57e985f000 r-xp 00000000 fc:01 15470768                   /lib/x86_64-linux-gnu/libnsl-2.21.so
7f57e985f000-7f57e9a5e000 ---p 00017000 fc:01 15470768                   /lib/x86_64-linux-gnu/libnsl-2.21.so
7f57e9a5e000-7f57e9a5f000 r--p 00016000 fc:01 15470768                   /lib/x86_64-linux-gnu/libnsl-2.21.so
7f57e9a5f000-7f57e9a60000 rw-p 00017000 fc:01 15470768                   /lib/x86_64-linux-gnu/libnsl-2.21.so
7f57e9a60000-7f57e9a62000 rw-p 00000000 00:00 0 
7f57e9a62000-7f57e9a6a000 r-xp 00000000 fc:01 15470770                   /lib/x86_64-linux-gnu/libnss_compat-2.21.so
7f57e9a6a000-7f57e9c69000 ---p 00008000 fc:01 15470770                   /lib/x86_64-linux-gnu/libnss_compat-2.21.so
7f57e9c69000-7f57e9c6a000 r--p 00007000 fc:01 15470770                   /lib/x86_64-linux-gnu/libnss_compat-2.21.so
7f57e9c6a000-7f57e9c6b000 rw-p 00008000 fc:01 15470770                   /lib/x86_64-linux-gnu/libnss_compat-2.21.so
7f57e9c6b000-7f57e9c95000 r-xp 00000000 fc:01 24119353                   /usr/java/jdk1.8.0_66/jre/lib/amd64/libjava.so
7f57e9c95000-7f57e9e95000 ---p 0002a000 fc:01 24119353                   /usr/java/jdk1.8.0_66/jre/lib/amd64/libjava.so
7f57e9e95000-7f57e9e97000 rw-p 0002a000 fc:01 24119353                   /usr/java/jdk1.8.0_66/jre/lib/amd64/libjava.so
7f57e9e97000-7f57e9ea4000 r-xp 00000000 fc:01 24119357                   /usr/java/jdk1.8.0_66/jre/lib/amd64/libverify.so
7f57e9ea4000-7f57ea0a4000 ---p 0000d000 fc:01 24119357                   /usr/java/jdk1.8.0_66/jre/lib/amd64/libverify.so
7f57ea0a4000-7f57ea0a6000 rw-p 0000d000 fc:01 24119357                   /usr/java/jdk1.8.0_66/jre/lib/amd64/libverify.so
7f57ea0a6000-7f57ea0ad000 r-xp 00000000 fc:01 15470829                   /lib/x86_64-linux-gnu/librt-2.21.so
7f57ea0ad000-7f57ea2ac000 ---p 00007000 fc:01 15470829                   /lib/x86_64-linux-gnu/librt-2.21.so
7f57ea2ac000-7f57ea2ad000 r--p 00006000 fc:01 15470829                   /lib/x86_64-linux-gnu/librt-2.21.so
7f57ea2ad000-7f57ea2ae000 rw-p 00007000 fc:01 15470829                   /lib/x86_64-linux-gnu/librt-2.21.so
7f57ea2ae000-7f57ea3b5000 r-xp 00000000 fc:01 15470747                   /lib/x86_64-linux-gnu/libm-2.21.so
7f57ea3b5000-7f57ea5b4000 ---p 00107000 fc:01 15470747                   /lib/x86_64-linux-gnu/libm-2.21.so
7f57ea5b4000-7f57ea5b5000 r--p 00106000 fc:01 15470747                   /lib/x86_64-linux-gnu/libm-2.21.so
7f57ea5b5000-7f57ea5b6000 rw-p 00107000 fc:01 15470747                   /lib/x86_64-linux-gnu/libm-2.21.so
7f57ea5b6000-7f57eb273000 r-xp 00000000 fc:01 24119337                   /usr/java/jdk1.8.0_66/jre/lib/amd64/server/libjvm.so
7f57eb273000-7f57eb473000 ---p 00cbd000 fc:01 24119337                   /usr/java/jdk1.8.0_66/jre/lib/amd64/server/libjvm.so
7f57eb473000-7f57eb54b000 rw-p 00cbd000 fc:01 24119337                   /usr/java/jdk1.8.0_66/jre/lib/amd64/server/libjvm.so
7f57eb54b000-7f57eb590000 rw-p 00000000 00:00 0 
7f57eb590000-7f57eb750000 r-xp 00000000 fc:01 15470691                   /lib/x86_64-linux-gnu/libc-2.21.so
7f57eb750000-7f57eb950000 ---p 001c0000 fc:01 15470691                   /lib/x86_64-linux-gnu/libc-2.21.so
7f57eb950000-7f57eb954000 r--p 001c0000 fc:01 15470691                   /lib/x86_64-linux-gnu/libc-2.21.so
7f57eb954000-7f57eb956000 rw-p 001c4000 fc:01 15470691                   /lib/x86_64-linux-gnu/libc-2.21.so
7f57eb956000-7f57eb95a000 rw-p 00000000 00:00 0 
7f57eb95a000-7f57eb95d000 r-xp 00000000 fc:01 15470706                   /lib/x86_64-linux-gnu/libdl-2.21.so
7f57eb95d000-7f57ebb5c000 ---p 00003000 fc:01 15470706                   /lib/x86_64-linux-gnu/libdl-2.21.so
7f57ebb5c000-7f57ebb5d000 r--p 00002000 fc:01 15470706                   /lib/x86_64-linux-gnu/libdl-2.21.so
7f57ebb5d000-7f57ebb5e000 rw-p 00003000 fc:01 15470706                   /lib/x86_64-linux-gnu/libdl-2.21.so
7f57ebb5e000-7f57ebb73000 r-xp 00000000 fc:01 24119331                   /usr/java/jdk1.8.0_66/jre/lib/amd64/jli/libjli.so
7f57ebb73000-7f57ebd73000 ---p 00015000 fc:01 24119331                   /usr/java/jdk1.8.0_66/jre/lib/amd64/jli/libjli.so
7f57ebd73000-7f57ebd74000 rw-p 00015000 fc:01 24119331                   /usr/java/jdk1.8.0_66/jre/lib/amd64/jli/libjli.so
7f57ebd74000-7f57ebd8c000 r-xp 00000000 fc:01 15470821                   /lib/x86_64-linux-gnu/libpthread-2.21.so
7f57ebd8c000-7f57ebf8c000 ---p 00018000 fc:01 15470821                   /lib/x86_64-linux-gnu/libpthread-2.21.so
7f57ebf8c000-7f57ebf8d000 r--p 00018000 fc:01 15470821                   /lib/x86_64-linux-gnu/libpthread-2.21.so
7f57ebf8d000-7f57ebf8e000 rw-p 00019000 fc:01 15470821                   /lib/x86_64-linux-gnu/libpthread-2.21.so
7f57ebf8e000-7f57ebf92000 rw-p 00000000 00:00 0 
7f57ebf92000-7f57ebfb6000 r-xp 00000000 fc:01 15470663                   /lib/x86_64-linux-gnu/ld-2.21.so
7f57ebfb6000-7f57ec080000 rw-p 00000000 00:00 0 
7f57ec080000-7f57ec083000 ---p 00000000 00:00 0 
7f57ec083000-7f57ec185000 rw-p 00000000 00:00 0                          [stack:4954]
7f57ec185000-7f57ec188000 r--s 0001a000 fc:01 22943412                   /usr/java/jdk1.8.0_66/jre/lib/jce.jar
7f57ec188000-7f57ec1a9000 rw-p 00000000 00:00 0 
7f57ec1a9000-7f57ec1b1000 rw-s 00000000 fc:01 7739561                    /tmp/hsperfdata_franz/4953
7f57ec1b1000-7f57ec1b2000 rw-p 00000000 00:00 0 
7f57ec1b2000-7f57ec1b3000 r--p 00000000 00:00 0 
7f57ec1b3000-7f57ec1b5000 rw-p 00000000 00:00 0 
7f57ec1b5000-7f57ec1b6000 r--p 00023000 fc:01 15470663                   /lib/x86_64-linux-gnu/ld-2.21.so
7f57ec1b6000-7f57ec1b7000 rw-p 00024000 fc:01 15470663                   /lib/x86_64-linux-gnu/ld-2.21.so
7f57ec1b7000-7f57ec1b8000 rw-p 00000000 00:00 0 
7fff6b837000-7fff6b859000 rw-p 00000000 00:00 0                          [stack]
7fff6b9bf000-7fff6b9c1000 r--p 00000000 00:00 0                          [vvar]
7fff6b9c1000-7fff6b9c3000 r-xp 00000000 00:00 0                          [vdso]
ffffffffff600000-ffffffffff601000 r-xp 00000000 00:00 0                  [vsyscall]

VM Arguments:
jvm_args: -Didea.launcher.port=7561 -Didea.launcher.bin.path=/home/franz/idea-IC-143.1184.17/bin -Dfile.encoding=UTF-8 
java_command: com.intellij.rt.execution.application.AppMain ch.heigvd.flat5.MainController
java_class_path (initial): /usr/java/jdk1.8.0_66/jre/lib/charsets.jar:/usr/java/jdk1.8.0_66/jre/lib/deploy.jar:/usr/java/jdk1.8.0_66/jre/lib/ext/cldrdata.jar:/usr/java/jdk1.8.0_66/jre/lib/ext/dnsns.jar:/usr/java/jdk1.8.0_66/jre/lib/ext/jaccess.jar:/usr/java/jdk1.8.0_66/jre/lib/ext/jfxrt.jar:/usr/java/jdk1.8.0_66/jre/lib/ext/localedata.jar:/usr/java/jdk1.8.0_66/jre/lib/ext/nashorn.jar:/usr/java/jdk1.8.0_66/jre/lib/ext/sunec.jar:/usr/java/jdk1.8.0_66/jre/lib/ext/sunjce_provider.jar:/usr/java/jdk1.8.0_66/jre/lib/ext/sunpkcs11.jar:/usr/java/jdk1.8.0_66/jre/lib/ext/zipfs.jar:/usr/java/jdk1.8.0_66/jre/lib/javaws.jar:/usr/java/jdk1.8.0_66/jre/lib/jce.jar:/usr/java/jdk1.8.0_66/jre/lib/jfr.jar:/usr/java/jdk1.8.0_66/jre/lib/jfxswt.jar:/usr/java/jdk1.8.0_66/jre/lib/jsse.jar:/usr/java/jdk1.8.0_66/jre/lib/management-agent.jar:/usr/java/jdk1.8.0_66/jre/lib/plugin.jar:/usr/java/jdk1.8.0_66/jre/lib/resources.jar:/usr/java/jdk1.8.0_66/jre/lib/rt.jar:/home/franz/Documents/HEIG/SEM5/PDG/PDG_Project/Flat5/Flat5/target/classes:/home/franz/.m2/repository/uk/co/caprica/vlcj/3.9.0/vlcj-3.9.0.jar:/home/franz/.m2/repository/net/java/dev/jna/jna/3.5.2/jna-3.5.2.jar:/home/franz/.m2/repository/net/java/dev/jna/platform/3.5.2/platform-3.5.2.jar:/home/franz/.m2/repository/org/slf4j/slf4j-api/1.7.10/slf4j-api-1.7.10.jar:/home/franz/.m2/repository/se/michaelthelin/spotify/spotify-web-api-java/1.5.0/spotify-web-api-java-1.5.0.jar:/home/franz/.m2/repository/com/google/protobuf/protobuf-java/2.5.0/protobuf-java-2.5.0.jar:/home/franz/.m2/repository/commons-httpclient/commons-httpclient/3.1/commons-httpclient-3.1.jar:/home/franz/.m2/repository/commons-logging/commons-logging/1.0.4/commons-logging-1.0.4.jar:/home/franz/.m2/repository/commons-codec/commons-codec/1.2/commons-codec-1.2.jar:/home/franz/.m2/repository/net/sf/json-lib/json-lib/2.4/json-lib-2.4-jdk15.jar:/home/franz/.m2/repository/commons-beanutils/commons-beanutils/1.8.0/commons-beanutils-1.8.0.jar:/home/franz/.m2/repository/commons-collecti
Launcher Type: SUN_STANDARD

Environment Variables:
PATH=/usr/local/sbin:/usr/local/bin:/usr/sbin:/usr/bin:/sbin:/bin:/usr/games:/usr/local/games
LD_LIBRARY_PATH=/home/franz/idea-IC-143.1184.17/bin:
SHELL=/bin/bash
DISPLAY=:0

Signal Handlers:
SIGSEGV: [libjvm.so+0xab9c40], sa_mask[0]=11111111011111111101111111111110, sa_flags=SA_RESTART|SA_SIGINFO
SIGBUS: [libjvm.so+0xab9c40], sa_mask[0]=11111111011111111101111111111110, sa_flags=SA_RESTART|SA_SIGINFO
SIGFPE: [libjvm.so+0x917210], sa_mask[0]=11111111011111111101111111111110, sa_flags=SA_RESTART|SA_SIGINFO
SIGPIPE: SIG_IGN, sa_mask[0]=00000000000010000000000000000000, sa_flags=SA_RESTART
SIGXFSZ: [libjvm.so+0x917210], sa_mask[0]=11111111011111111101111111111110, sa_flags=SA_RESTART|SA_SIGINFO
SIGILL: [libjvm.so+0x917210], sa_mask[0]=11111111011111111101111111111110, sa_flags=SA_RESTART|SA_SIGINFO
SIGUSR1: SIG_DFL, sa_mask[0]=00000000000000000000000000000000, sa_flags=none
SIGUSR2: [libjvm.so+0x918840], sa_mask[0]=00100000000000000000000000000000, sa_flags=SA_RESTART|SA_SIGINFO
SIGHUP: [libjvm.so+0x919c40], sa_mask[0]=11111111011111111101111111111110, sa_flags=SA_RESTART|SA_SIGINFO
SIGINT: [libjvm.so+0x919c40], sa_mask[0]=11111111011111111101111111111110, sa_flags=SA_RESTART|SA_SIGINFO
SIGTERM: [libjvm.so+0x919c40], sa_mask[0]=11111111011111111101111111111110, sa_flags=SA_RESTART|SA_SIGINFO
SIGQUIT: [libjvm.so+0x919c40], sa_mask[0]=11111111011111111101111111111110, sa_flags=SA_RESTART|SA_SIGINFO


---------------  S Y S T E M  ---------------

OS:DISTRIB_ID=Ubuntu
DISTRIB_RELEASE=15.10
DISTRIB_CODENAME=wily
DISTRIB_DESCRIPTION="Ubuntu 15.10"

uname:Linux 4.2.0-22-generic #27-Ubuntu SMP Thu Dec 17 22:57:08 UTC 2015 x86_64
libc:glibc 2.21 NPTL 2.21 
rlimit: STACK 8192k, CORE 0k, NPROC 30526, NOFILE 65536, AS infinity
load average:0.32 0.54 0.55

/proc/meminfo:
MemTotal:        7851016 kB
MemFree:          526420 kB
MemAvailable:    3826568 kB
Buffers:          324852 kB
Cached:          3117212 kB
SwapCached:         3564 kB
Active:          3724324 kB
Inactive:        3300652 kB
Active(anon):    2799132 kB
Inactive(anon):   989884 kB
Active(file):     925192 kB
Inactive(file):  2310768 kB
Unevictable:          64 kB
Mlocked:              64 kB
SwapTotal:       8056828 kB
SwapFree:        7870504 kB
Dirty:              2016 kB
Writeback:             0 kB
AnonPages:       3581868 kB
Mapped:           345976 kB
Shmem:            205952 kB
Slab:             160960 kB
SReclaimable:     105888 kB
SUnreclaim:        55072 kB
KernelStack:       13312 kB
PageTables:        73252 kB
NFS_Unstable:          0 kB
Bounce:                0 kB
WritebackTmp:          0 kB
CommitLimit:    11982336 kB
Committed_AS:    8376156 kB
VmallocTotal:   34359738367 kB
VmallocUsed:      358808 kB
VmallocChunk:   34358947836 kB
HardwareCorrupted:     0 kB
AnonHugePages:   1628160 kB
CmaTotal:              0 kB
CmaFree:               0 kB
HugePages_Total:       0
HugePages_Free:        0
HugePages_Rsvd:        0
HugePages_Surp:        0
Hugepagesize:       2048 kB
DirectMap4k:      282104 kB
DirectMap2M:     7778304 kB


CPU:total 4 (2 cores per cpu, 2 threads per core) family 6 model 58 stepping 9, cmov, cx8, fxsr, mmx, sse, sse2, sse3, ssse3, sse4.1, sse4.2, popcnt, avx, aes, clmul, erms, ht, tsc, tscinvbit, tscinv

/proc/cpuinfo:
processor	: 0
vendor_id	: GenuineIntel
cpu family	: 6
model		: 58
model name	: Intel(R) Core(TM) i7-3520M CPU @ 2.90GHz
stepping	: 9
microcode	: 0x1b
cpu MHz		: 3399.910
cache size	: 4096 KB
physical id	: 0
siblings	: 4
core id		: 0
cpu cores	: 2
apicid		: 0
initial apicid	: 0
fpu		: yes
fpu_exception	: yes
cpuid level	: 13
wp		: yes
flags		: fpu vme de pse tsc msr pae mce cx8 apic sep mtrr pge mca cmov pat pse36 clflush dts acpi mmx fxsr sse sse2 ss ht tm pbe syscall nx rdtscp lm constant_tsc arch_perfmon pebs bts rep_good nopl xtopology nonstop_tsc aperfmperf eagerfpu pni pclmulqdq dtes64 monitor ds_cpl vmx smx est tm2 ssse3 cx16 xtpr pdcm pcid sse4_1 sse4_2 x2apic popcnt tsc_deadline_timer aes xsave avx f16c rdrand lahf_lm ida arat epb pln pts dtherm tpr_shadow vnmi flexpriority ept vpid fsgsbase smep erms xsaveopt
bugs		:
bogomips	: 5786.45
clflush size	: 64
cache_alignment	: 64
address sizes	: 36 bits physical, 48 bits virtual
power management:

processor	: 1
vendor_id	: GenuineIntel
cpu family	: 6
model		: 58
model name	: Intel(R) Core(TM) i7-3520M CPU @ 2.90GHz
stepping	: 9
microcode	: 0x1b
cpu MHz		: 3399.910
cache size	: 4096 KB
physical id	: 0
siblings	: 4
core id		: 0
cpu cores	: 2
apicid		: 1
initial apicid	: 1
fpu		: yes
fpu_exception	: yes
cpuid level	: 13
wp		: yes
flags		: fpu vme de pse tsc msr pae mce cx8 apic sep mtrr pge mca cmov pat pse36 clflush dts acpi mmx fxsr sse sse2 ss ht tm pbe syscall nx rdtscp lm constant_tsc arch_perfmon pebs bts rep_good nopl xtopology nonstop_tsc aperfmperf eagerfpu pni pclmulqdq dtes64 monitor ds_cpl vmx smx est tm2 ssse3 cx16 xtpr pdcm pcid sse4_1 sse4_2 x2apic popcnt tsc_deadline_timer aes xsave avx f16c rdrand lahf_lm ida arat epb pln pts dtherm tpr_shadow vnmi flexpriority ept vpid fsgsbase smep erms xsaveopt
bugs		:
bogomips	: 5786.45
clflush size	: 64
cache_alignment	: 64
address sizes	: 36 bits physical, 48 bits virtual
power management:

processor	: 2
vendor_id	: GenuineIntel
cpu family	: 6
model		: 58
model name	: Intel(R) Core(TM) i7-3520M CPU @ 2.90GHz
stepping	: 9
microcode	: 0x1b
cpu MHz		: 3423.359
cache size	: 4096 KB
physical id	: 0
siblings	: 4
core id		: 1
cpu cores	: 2
apicid		: 2
initial apicid	: 2
fpu		: yes
fpu_exception	: yes
cpuid level	: 13
wp		: yes
flags		: fpu vme de pse tsc msr pae mce cx8 apic sep mtrr pge mca cmov pat pse36 clflush dts acpi mmx fxsr sse sse2 ss ht tm pbe syscall nx rdtscp lm constant_tsc arch_perfmon pebs bts rep_good nopl xtopology nonstop_tsc aperfmperf eagerfpu pni pclmulqdq dtes64 monitor ds_cpl vmx smx est tm2 ssse3 cx16 xtpr pdcm pcid sse4_1 sse4_2 x2apic popcnt tsc_deadline_timer aes xsave avx f16c rdrand lahf_lm ida arat epb pln pts dtherm tpr_shadow vnmi flexpriority ept vpid fsgsbase smep erms xsaveopt
bugs		:
bogomips	: 5786.45
clflush size	: 64
cache_alignment	: 64
address sizes	: 36 bits physical, 48 bits virtual
power management:

processor	: 3
vendor_id	: GenuineIntel
cpu family	: 6
model		: 58
model name	: Intel(R) Core(TM) i7-3520M CPU @ 2.90GHz
stepping	: 9
microcode	: 0x1b
cpu MHz		: 3423.359
cache size	: 4096 KB
physical id	: 0
siblings	: 4
core id		: 1
cpu cores	: 2
apicid		: 3
initial apicid	: 3
fpu		: yes
fpu_exception	: yes
cpuid level	: 13
wp		: yes
flags		: fpu vme de pse tsc msr pae mce cx8 apic sep mtrr pge mca cmov pat pse36 clflush dts acpi mmx fxsr sse sse2 ss ht tm pbe syscall nx rdtscp lm constant_tsc arch_perfmon pebs bts rep_good nopl xtopology nonstop_tsc aperfmperf eagerfpu pni pclmulqdq dtes64 monitor ds_cpl vmx smx est tm2 ssse3 cx16 xtpr pdcm pcid sse4_1 sse4_2 x2apic popcnt tsc_deadline_timer aes xsave avx f16c rdrand lahf_lm ida arat epb pln pts dtherm tpr_shadow vnmi flexpriority ept vpid fsgsbase smep erms xsaveopt
bugs		:
bogomips	: 5786.45
clflush size	: 64
cache_alignment	: 64
address sizes	: 36 bits physical, 48 bits virtual
power management:



Memory: 4k page, physical 7851016k(526568k free), swap 8056828k(7870504k free)

vm_info: Java HotSpot(TM) 64-Bit Server VM (25.66-b02) for linux-amd64 JRE (1.8.0_66-ea-b02), built on Jul 28 2015 18:25:16 by "java_re" with gcc 4.3.0 20080428 (Red Hat 4.3.0-8)

time: Fri Jan  1 18:32:43 2016
elapsed time: 0 seconds (0d 0h 0m 0s)

